[0.010s] Invoking command in '/home/asaace00/repo/winter/project/temp/build/jackal_msgs': VIRTUAL_ENV_PROMPT=(env_rosbot) /usr/bin/cmake /home/asaace00/repo/winter/project/temp/jackal/jackal_msgs -DCATKIN_INSTALL_INTO_PREFIX_ROOT=0 -DCMAKE_INSTALL_PREFIX=/home/asaace00/repo/winter/project/temp/install/jackal_msgs
[0.015s] [0mCMake Deprecation Warning at CMakeLists.txt:1 (cmake_minimum_required):
[0.015s]   Compatibility with CMake < 3.5 will be removed from a future version of
[0.015s]   CMake.
[0.015s] 
[0.015s]   Update the VERSION argument <min> value or use a ...<max> suffix to tell
[0.016s]   CMake that the project does not need compatibility with older versions.
[0.016s] 
[0.016s] [0m
[0.054s] -- The C compiler identification is GNU 13.2.0
[0.088s] -- The CXX compiler identification is GNU 13.2.0
[0.101s] -- Detecting C compiler ABI info
[0.161s] -- Detecting C compiler ABI info - done
[0.171s] -- Check for working C compiler: /usr/bin/cc - skipped
[0.171s] -- Detecting C compile features
[0.171s] -- Detecting C compile features - done
[0.178s] -- Detecting CXX compiler ABI info
[0.250s] -- Detecting CXX compiler ABI info - done
[0.259s] -- Check for working CXX compiler: /usr/bin/c++ - skipped
[0.259s] -- Detecting CXX compile features
[0.260s] -- Detecting CXX compile features - done
[0.268s] [31mCMake Error at CMakeLists.txt:4 (find_package):
[0.268s]   By not providing "Findcatkin.cmake" in CMAKE_MODULE_PATH this project has
[0.268s]   asked CMake to find a package configuration file provided by "catkin", but
[0.268s]   CMake did not find one.
[0.268s] 
[0.268s]   Could not find a package configuration file provided by "catkin" with any
[0.268s]   of the following names:
[0.268s] 
[0.268s]     catkinConfig.cmake
[0.268s]     catkin-config.cmake
[0.269s] 
[0.269s]   Add the installation prefix of "catkin" to CMAKE_PREFIX_PATH or set
[0.269s]   "catkin_DIR" to a directory containing one of the above files.  If "catkin"
[0.269s]   provides a separate development package or SDK, be sure it has been
[0.269s]   installed.
[0.269s] 
[0.269s] [0m
[0.269s] -- Configuring incomplete, errors occurred!
