[2.927s] Invoking command in '/home/asaace00/repo/winter/project/TAMIR/tamir': PYTHONPATH=/home/asaace00/repo/winter/project/build/tamir/prefix_override:/usr/lib/python3/dist-packages/colcon_core/task/python/colcon_distutils_commands:/home/asaace00/repo/winter/project/install/tamir/lib/python3.12/site-packages:${PYTHONPATH} VIRTUAL_ENV_PROMPT=(myenv) /usr/bin/python3 -W ignore:setup.py install is deprecated -W ignore:easy_install command is deprecated setup.py egg_info --egg-base ../../build/tamir build --build-base /home/asaace00/repo/winter/project/build/tamir/build install --record /home/asaace00/repo/winter/project/build/tamir/install.log --single-version-externally-managed install_data
[3.367s] /home/asaace00/repo/winter/project/TAMIR/tamir/myenv/lib/python3.12/site-packages/setuptools/_distutils/dist.py:270: UserWarning: Unknown distribution option: 'tests_require'
[3.367s]   warnings.warn(msg)
[3.779s] running egg_info
[3.846s] creating ../../build/tamir/tamir.egg-info
[3.847s] writing ../../build/tamir/tamir.egg-info/PKG-INFO
[3.848s] writing dependency_links to ../../build/tamir/tamir.egg-info/dependency_links.txt
[3.849s] writing entry points to ../../build/tamir/tamir.egg-info/entry_points.txt
[3.849s] writing requirements to ../../build/tamir/tamir.egg-info/requires.txt
[3.850s] writing top-level names to ../../build/tamir/tamir.egg-info/top_level.txt
[3.850s] writing manifest file '../../build/tamir/tamir.egg-info/SOURCES.txt'
[4.010s] reading manifest file '../../build/tamir/tamir.egg-info/SOURCES.txt'
[4.012s] writing manifest file '../../build/tamir/tamir.egg-info/SOURCES.txt'
[4.012s] running build
[4.014s] running build_py
[4.014s] creating /home/asaace00/repo/winter/project/build/tamir/build/lib/tamir
[4.014s] copying tamir/playmusic.py -> /home/asaace00/repo/winter/project/build/tamir/build/lib/tamir
[4.015s] copying tamir/tamir_interface.py -> /home/asaace00/repo/winter/project/build/tamir/build/lib/tamir
[4.015s] copying tamir/Bluetooth_Node.py -> /home/asaace00/repo/winter/project/build/tamir/build/lib/tamir
[4.015s] copying tamir/__init__.py -> /home/asaace00/repo/winter/project/build/tamir/build/lib/tamir
[4.016s] copying tamir/vision.py -> /home/asaace00/repo/winter/project/build/tamir/build/lib/tamir
[4.016s] running install
[4.030s] running install_lib
[4.100s] creating /home/asaace00/repo/winter/project/install/tamir/lib/python3.12/site-packages/tamir
[4.100s] copying /home/asaace00/repo/winter/project/build/tamir/build/lib/tamir/playmusic.py -> /home/asaace00/repo/winter/project/install/tamir/lib/python3.12/site-packages/tamir
[4.101s] copying /home/asaace00/repo/winter/project/build/tamir/build/lib/tamir/tamir_interface.py -> /home/asaace00/repo/winter/project/install/tamir/lib/python3.12/site-packages/tamir
[4.101s] copying /home/asaace00/repo/winter/project/build/tamir/build/lib/tamir/Bluetooth_Node.py -> /home/asaace00/repo/winter/project/install/tamir/lib/python3.12/site-packages/tamir
[4.101s] copying /home/asaace00/repo/winter/project/build/tamir/build/lib/tamir/__init__.py -> /home/asaace00/repo/winter/project/install/tamir/lib/python3.12/site-packages/tamir
[4.101s] copying /home/asaace00/repo/winter/project/build/tamir/build/lib/tamir/vision.py -> /home/asaace00/repo/winter/project/install/tamir/lib/python3.12/site-packages/tamir
[4.102s] byte-compiling /home/asaace00/repo/winter/project/install/tamir/lib/python3.12/site-packages/tamir/playmusic.py to playmusic.cpython-312.pyc
[4.103s] byte-compiling /home/asaace00/repo/winter/project/install/tamir/lib/python3.12/site-packages/tamir/tamir_interface.py to tamir_interface.cpython-312.pyc
[4.108s] byte-compiling /home/asaace00/repo/winter/project/install/tamir/lib/python3.12/site-packages/tamir/Bluetooth_Node.py to Bluetooth_Node.cpython-312.pyc
[4.109s] byte-compiling /home/asaace00/repo/winter/project/install/tamir/lib/python3.12/site-packages/tamir/__init__.py to __init__.cpython-312.pyc
[4.109s] byte-compiling /home/asaace00/repo/winter/project/install/tamir/lib/python3.12/site-packages/tamir/vision.py to vision.cpython-312.pyc
[4.113s] running install_data
[4.114s] creating /home/asaace00/repo/winter/project/install/tamir/share/ament_index/resource_index/packages
[4.114s] copying resource/tamir -> /home/asaace00/repo/winter/project/install/tamir/share/ament_index/resource_index/packages
[4.115s] copying package.xml -> /home/asaace00/repo/winter/project/install/tamir/share/tamir
[4.115s] copying launch/startup.launch.py -> /home/asaace00/repo/winter/project/install/tamir/share/tamir
[4.115s] copying launch/playmusic.launch.py -> /home/asaace00/repo/winter/project/install/tamir/share/tamir
[4.116s] copying sound/535_Silent.mp3 -> /home/asaace00/repo/winter/project/install/tamir/share/tamir
[4.116s] copying sound/anti_dog.mp3 -> /home/asaace00/repo/winter/project/install/tamir/share/tamir
[4.117s] copying sound/experiment.mp3 -> /home/asaace00/repo/winter/project/install/tamir/share/tamir
[4.117s] copying sound/high_pitch.mp3 -> /home/asaace00/repo/winter/project/install/tamir/share/tamir
[4.118s] running install_egg_info
[4.193s] Copying ../../build/tamir/tamir.egg-info to /home/asaace00/repo/winter/project/install/tamir/lib/python3.12/site-packages/tamir-0.0.0-py3.12.egg-info
[4.195s] running install_scripts
[4.609s] Installing music_node script to /home/asaace00/repo/winter/project/install/tamir/lib/tamir
[4.610s] Installing tamir_interface script to /home/asaace00/repo/winter/project/install/tamir/lib/tamir
[4.611s] Installing vision script to /home/asaace00/repo/winter/project/install/tamir/lib/tamir
[4.611s] writing list of installed files to '/home/asaace00/repo/winter/project/build/tamir/install.log'
[4.690s] Invoked command in '/home/asaace00/repo/winter/project/TAMIR/tamir' returned '0': PYTHONPATH=/home/asaace00/repo/winter/project/build/tamir/prefix_override:/usr/lib/python3/dist-packages/colcon_core/task/python/colcon_distutils_commands:/home/asaace00/repo/winter/project/install/tamir/lib/python3.12/site-packages:${PYTHONPATH} VIRTUAL_ENV_PROMPT=(myenv) /usr/bin/python3 -W ignore:setup.py install is deprecated -W ignore:easy_install command is deprecated setup.py egg_info --egg-base ../../build/tamir build --build-base /home/asaace00/repo/winter/project/build/tamir/build install --record /home/asaace00/repo/winter/project/build/tamir/install.log --single-version-externally-managed install_data
