/home/asaace00/repo/winter/project/install/tamir/lib/python3.12/site-packages/tamir/camera_localizer.py
/home/asaace00/repo/winter/project/install/tamir/lib/python3.12/site-packages/tamir/playmusic.py
/home/asaace00/repo/winter/project/install/tamir/lib/python3.12/site-packages/tamir/tamir_interface.py
/home/asaace00/repo/winter/project/install/tamir/lib/python3.12/site-packages/tamir/Bluetooth_Node.py
/home/asaace00/repo/winter/project/install/tamir/lib/python3.12/site-packages/tamir/__init__.py
/home/asaace00/repo/winter/project/install/tamir/lib/python3.12/site-packages/tamir/vision.py
/home/asaace00/repo/winter/project/install/tamir/lib/python3.12/site-packages/tamir/__pycache__/camera_localizer.cpython-312.pyc
/home/asaace00/repo/winter/project/install/tamir/lib/python3.12/site-packages/tamir/__pycache__/playmusic.cpython-312.pyc
/home/asaace00/repo/winter/project/install/tamir/lib/python3.12/site-packages/tamir/__pycache__/tamir_interface.cpython-312.pyc
/home/asaace00/repo/winter/project/install/tamir/lib/python3.12/site-packages/tamir/__pycache__/Bluetooth_Node.cpython-312.pyc
/home/asaace00/repo/winter/project/install/tamir/lib/python3.12/site-packages/tamir/__pycache__/__init__.cpython-312.pyc
/home/asaace00/repo/winter/project/install/tamir/lib/python3.12/site-packages/tamir/__pycache__/vision.cpython-312.pyc
/home/asaace00/repo/winter/project/install/tamir/share/ament_index/resource_index/packages/tamir
/home/asaace00/repo/winter/project/install/tamir/share/tamir/package.xml
/home/asaace00/repo/winter/project/install/tamir/share/tamir/tags.yaml
/home/asaace00/repo/winter/project/install/tamir/share/tamir/startup.launch.py
/home/asaace00/repo/winter/project/install/tamir/share/tamir/playmusic.launch.py
/home/asaace00/repo/winter/project/install/tamir/share/tamir/535_Silent.mp3
/home/asaace00/repo/winter/project/install/tamir/share/tamir/anti_dog.mp3
/home/asaace00/repo/winter/project/install/tamir/share/tamir/experiment.mp3
/home/asaace00/repo/winter/project/install/tamir/share/tamir/high_pitch.mp3
/home/asaace00/repo/winter/project/install/tamir/share/tamir/toast_view.rviz
/home/asaace00/repo/winter/project/install/tamir/lib/python3.12/site-packages/tamir-0.0.0-py3.12.egg-info/requires.txt
/home/asaace00/repo/winter/project/install/tamir/lib/python3.12/site-packages/tamir-0.0.0-py3.12.egg-info/zip-safe
/home/asaace00/repo/winter/project/install/tamir/lib/python3.12/site-packages/tamir-0.0.0-py3.12.egg-info/entry_points.txt
/home/asaace00/repo/winter/project/install/tamir/lib/python3.12/site-packages/tamir-0.0.0-py3.12.egg-info/dependency_links.txt
/home/asaace00/repo/winter/project/install/tamir/lib/python3.12/site-packages/tamir-0.0.0-py3.12.egg-info/top_level.txt
/home/asaace00/repo/winter/project/install/tamir/lib/python3.12/site-packages/tamir-0.0.0-py3.12.egg-info/SOURCES.txt
/home/asaace00/repo/winter/project/install/tamir/lib/python3.12/site-packages/tamir-0.0.0-py3.12.egg-info/PKG-INFO
/home/asaace00/repo/winter/project/install/tamir/lib/tamir/camera_localizer
/home/asaace00/repo/winter/project/install/tamir/lib/tamir/music_node
/home/asaace00/repo/winter/project/install/tamir/lib/tamir/tamir_interface
/home/asaace00/repo/winter/project/install/tamir/lib/tamir/vision
