[0.244s] DEBUG:colcon:Command line arguments: ['/usr/bin/colcon', 'build']
[0.244s] DEBUG:colcon:Parsed command line arguments: Namespace(log_base=None, log_level=None, verb_name='build', build_base='build', install_base='install', merge_install=False, symlink_install=False, test_result_base=None, continue_on_error=False, executor='parallel', parallel_workers=32, event_handlers=None, ignore_user_meta=False, metas=['./colcon.meta'], base_paths=['.'], packages_ignore=None, packages_ignore_regex=None, paths=None, packages_up_to=None, packages_up_to_regex=None, packages_above=None, packages_above_and_dependencies=None, packages_above_depth=None, packages_select_by_dep=None, packages_skip_by_dep=None, packages_skip_up_to=None, packages_select_build_failed=False, packages_skip_build_finished=False, packages_select_test_failures=False, packages_skip_test_passed=False, packages_select=None, packages_skip=None, packages_select_regex=None, packages_skip_regex=None, packages_start=None, packages_end=None, allow_overriding=[], cmake_args=None, cmake_target=None, cmake_target_skip_unavailable=False, cmake_clean_cache=False, cmake_clean_first=False, cmake_force_configure=False, ament_cmake_args=None, catkin_cmake_args=None, catkin_skip_building_tests=False, verb_parser=<colcon_defaults.argument_parser.defaults.DefaultArgumentsDecorator object at 0x781016160770>, verb_extension=<colcon_core.verb.build.BuildVerb object at 0x7810161605c0>, main=<bound method BuildVerb.main of <colcon_core.verb.build.BuildVerb object at 0x7810161605c0>>)
[0.315s] Level 1:colcon.colcon_core.package_discovery:discover_packages(colcon_meta) check parameters
[0.315s] Level 1:colcon.colcon_core.package_discovery:discover_packages(recursive) check parameters
[0.316s] Level 1:colcon.colcon_core.package_discovery:discover_packages(ignore) check parameters
[0.316s] Level 1:colcon.colcon_core.package_discovery:discover_packages(path) check parameters
[0.316s] Level 1:colcon.colcon_core.package_discovery:discover_packages(colcon_meta) discover
[0.316s] Level 1:colcon.colcon_core.package_discovery:discover_packages(recursive) discover
[0.316s] INFO:colcon.colcon_core.package_discovery:Crawling recursively for packages in '/home/asaace00/repo/winter/project'
[0.316s] Level 1:colcon.colcon_core.package_identification:_identify(.) by extensions ['ignore', 'ignore_ament_install']
[0.316s] Level 1:colcon.colcon_core.package_identification:_identify(.) by extension 'ignore'
[0.317s] Level 1:colcon.colcon_core.package_identification:_identify(.) by extension 'ignore_ament_install'
[0.317s] Level 1:colcon.colcon_core.package_identification:_identify(.) by extensions ['colcon_pkg']
[0.317s] Level 1:colcon.colcon_core.package_identification:_identify(.) by extension 'colcon_pkg'
[0.317s] Level 1:colcon.colcon_core.package_identification:_identify(.) by extensions ['colcon_meta']
[0.317s] Level 1:colcon.colcon_core.package_identification:_identify(.) by extension 'colcon_meta'
[0.317s] Level 1:colcon.colcon_core.package_identification:_identify(.) by extensions ['ros']
[0.317s] Level 1:colcon.colcon_core.package_identification:_identify(.) by extension 'ros'
[0.388s] Level 1:colcon.colcon_core.package_identification:_identify(.) by extensions ['cmake', 'python']
[0.388s] Level 1:colcon.colcon_core.package_identification:_identify(.) by extension 'cmake'
[0.388s] Level 1:colcon.colcon_core.package_identification:_identify(.) by extension 'python'
[0.388s] Level 1:colcon.colcon_core.package_identification:_identify(.) by extensions ['python_setup_py']
[0.389s] Level 1:colcon.colcon_core.package_identification:_identify(.) by extension 'python_setup_py'
[0.389s] Level 1:colcon.colcon_core.package_identification:_identify(TAMIR) by extensions ['ignore', 'ignore_ament_install']
[0.389s] Level 1:colcon.colcon_core.package_identification:_identify(TAMIR) by extension 'ignore'
[0.389s] Level 1:colcon.colcon_core.package_identification:_identify(TAMIR) by extension 'ignore_ament_install'
[0.389s] Level 1:colcon.colcon_core.package_identification:_identify(TAMIR) by extensions ['colcon_pkg']
[0.389s] Level 1:colcon.colcon_core.package_identification:_identify(TAMIR) by extension 'colcon_pkg'
[0.389s] Level 1:colcon.colcon_core.package_identification:_identify(TAMIR) by extensions ['colcon_meta']
[0.389s] Level 1:colcon.colcon_core.package_identification:_identify(TAMIR) by extension 'colcon_meta'
[0.389s] Level 1:colcon.colcon_core.package_identification:_identify(TAMIR) by extensions ['ros']
[0.389s] Level 1:colcon.colcon_core.package_identification:_identify(TAMIR) by extension 'ros'
[0.390s] Level 1:colcon.colcon_core.package_identification:_identify(TAMIR) by extensions ['cmake', 'python']
[0.390s] Level 1:colcon.colcon_core.package_identification:_identify(TAMIR) by extension 'cmake'
[0.390s] Level 1:colcon.colcon_core.package_identification:_identify(TAMIR) by extension 'python'
[0.390s] Level 1:colcon.colcon_core.package_identification:_identify(TAMIR) by extensions ['python_setup_py']
[0.390s] Level 1:colcon.colcon_core.package_identification:_identify(TAMIR) by extension 'python_setup_py'
[0.390s] Level 1:colcon.colcon_core.package_identification:_identify(TAMIR/build) by extensions ['ignore', 'ignore_ament_install']
[0.390s] Level 1:colcon.colcon_core.package_identification:_identify(TAMIR/build) by extension 'ignore'
[0.390s] Level 1:colcon.colcon_core.package_identification:_identify(TAMIR/build) ignored
[0.390s] Level 1:colcon.colcon_core.package_identification:_identify(TAMIR/deliverables) by extensions ['ignore', 'ignore_ament_install']
[0.390s] Level 1:colcon.colcon_core.package_identification:_identify(TAMIR/deliverables) by extension 'ignore'
[0.390s] Level 1:colcon.colcon_core.package_identification:_identify(TAMIR/deliverables) by extension 'ignore_ament_install'
[0.391s] Level 1:colcon.colcon_core.package_identification:_identify(TAMIR/deliverables) by extensions ['colcon_pkg']
[0.391s] Level 1:colcon.colcon_core.package_identification:_identify(TAMIR/deliverables) by extension 'colcon_pkg'
[0.391s] Level 1:colcon.colcon_core.package_identification:_identify(TAMIR/deliverables) by extensions ['colcon_meta']
[0.391s] Level 1:colcon.colcon_core.package_identification:_identify(TAMIR/deliverables) by extension 'colcon_meta'
[0.391s] Level 1:colcon.colcon_core.package_identification:_identify(TAMIR/deliverables) by extensions ['ros']
[0.391s] Level 1:colcon.colcon_core.package_identification:_identify(TAMIR/deliverables) by extension 'ros'
[0.391s] Level 1:colcon.colcon_core.package_identification:_identify(TAMIR/deliverables) by extensions ['cmake', 'python']
[0.391s] Level 1:colcon.colcon_core.package_identification:_identify(TAMIR/deliverables) by extension 'cmake'
[0.391s] Level 1:colcon.colcon_core.package_identification:_identify(TAMIR/deliverables) by extension 'python'
[0.391s] Level 1:colcon.colcon_core.package_identification:_identify(TAMIR/deliverables) by extensions ['python_setup_py']
[0.391s] Level 1:colcon.colcon_core.package_identification:_identify(TAMIR/deliverables) by extension 'python_setup_py'
[0.391s] Level 1:colcon.colcon_core.package_identification:_identify(TAMIR/deliverables/week1) by extensions ['ignore', 'ignore_ament_install']
[0.392s] Level 1:colcon.colcon_core.package_identification:_identify(TAMIR/deliverables/week1) by extension 'ignore'
[0.392s] Level 1:colcon.colcon_core.package_identification:_identify(TAMIR/deliverables/week1) by extension 'ignore_ament_install'
[0.392s] Level 1:colcon.colcon_core.package_identification:_identify(TAMIR/deliverables/week1) by extensions ['colcon_pkg']
[0.392s] Level 1:colcon.colcon_core.package_identification:_identify(TAMIR/deliverables/week1) by extension 'colcon_pkg'
[0.392s] Level 1:colcon.colcon_core.package_identification:_identify(TAMIR/deliverables/week1) by extensions ['colcon_meta']
[0.392s] Level 1:colcon.colcon_core.package_identification:_identify(TAMIR/deliverables/week1) by extension 'colcon_meta'
[0.392s] Level 1:colcon.colcon_core.package_identification:_identify(TAMIR/deliverables/week1) by extensions ['ros']
[0.392s] Level 1:colcon.colcon_core.package_identification:_identify(TAMIR/deliverables/week1) by extension 'ros'
[0.392s] Level 1:colcon.colcon_core.package_identification:_identify(TAMIR/deliverables/week1) by extensions ['cmake', 'python']
[0.392s] Level 1:colcon.colcon_core.package_identification:_identify(TAMIR/deliverables/week1) by extension 'cmake'
[0.392s] Level 1:colcon.colcon_core.package_identification:_identify(TAMIR/deliverables/week1) by extension 'python'
[0.392s] Level 1:colcon.colcon_core.package_identification:_identify(TAMIR/deliverables/week1) by extensions ['python_setup_py']
[0.392s] Level 1:colcon.colcon_core.package_identification:_identify(TAMIR/deliverables/week1) by extension 'python_setup_py'
[0.392s] Level 1:colcon.colcon_core.package_identification:_identify(TAMIR/deliverables/week2) by extensions ['ignore', 'ignore_ament_install']
[0.393s] Level 1:colcon.colcon_core.package_identification:_identify(TAMIR/deliverables/week2) by extension 'ignore'
[0.393s] Level 1:colcon.colcon_core.package_identification:_identify(TAMIR/deliverables/week2) by extension 'ignore_ament_install'
[0.393s] Level 1:colcon.colcon_core.package_identification:_identify(TAMIR/deliverables/week2) by extensions ['colcon_pkg']
[0.393s] Level 1:colcon.colcon_core.package_identification:_identify(TAMIR/deliverables/week2) by extension 'colcon_pkg'
[0.393s] Level 1:colcon.colcon_core.package_identification:_identify(TAMIR/deliverables/week2) by extensions ['colcon_meta']
[0.393s] Level 1:colcon.colcon_core.package_identification:_identify(TAMIR/deliverables/week2) by extension 'colcon_meta'
[0.393s] Level 1:colcon.colcon_core.package_identification:_identify(TAMIR/deliverables/week2) by extensions ['ros']
[0.393s] Level 1:colcon.colcon_core.package_identification:_identify(TAMIR/deliverables/week2) by extension 'ros'
[0.393s] Level 1:colcon.colcon_core.package_identification:_identify(TAMIR/deliverables/week2) by extensions ['cmake', 'python']
[0.393s] Level 1:colcon.colcon_core.package_identification:_identify(TAMIR/deliverables/week2) by extension 'cmake'
[0.393s] Level 1:colcon.colcon_core.package_identification:_identify(TAMIR/deliverables/week2) by extension 'python'
[0.393s] Level 1:colcon.colcon_core.package_identification:_identify(TAMIR/deliverables/week2) by extensions ['python_setup_py']
[0.393s] Level 1:colcon.colcon_core.package_identification:_identify(TAMIR/deliverables/week2) by extension 'python_setup_py'
[0.393s] Level 1:colcon.colcon_core.package_identification:_identify(TAMIR/install) by extensions ['ignore', 'ignore_ament_install']
[0.393s] Level 1:colcon.colcon_core.package_identification:_identify(TAMIR/install) by extension 'ignore'
[0.394s] Level 1:colcon.colcon_core.package_identification:_identify(TAMIR/install) ignored
[0.394s] Level 1:colcon.colcon_core.package_identification:_identify(TAMIR/log) by extensions ['ignore', 'ignore_ament_install']
[0.394s] Level 1:colcon.colcon_core.package_identification:_identify(TAMIR/log) by extension 'ignore'
[0.394s] Level 1:colcon.colcon_core.package_identification:_identify(TAMIR/log) ignored
[0.394s] Level 1:colcon.colcon_core.package_identification:_identify(TAMIR/tamir) by extensions ['ignore', 'ignore_ament_install']
[0.394s] Level 1:colcon.colcon_core.package_identification:_identify(TAMIR/tamir) by extension 'ignore'
[0.394s] Level 1:colcon.colcon_core.package_identification:_identify(TAMIR/tamir) by extension 'ignore_ament_install'
[0.394s] Level 1:colcon.colcon_core.package_identification:_identify(TAMIR/tamir) by extensions ['colcon_pkg']
[0.394s] Level 1:colcon.colcon_core.package_identification:_identify(TAMIR/tamir) by extension 'colcon_pkg'
[0.394s] Level 1:colcon.colcon_core.package_identification:_identify(TAMIR/tamir) by extensions ['colcon_meta']
[0.394s] Level 1:colcon.colcon_core.package_identification:_identify(TAMIR/tamir) by extension 'colcon_meta'
[0.394s] Level 1:colcon.colcon_core.package_identification:_identify(TAMIR/tamir) by extensions ['ros']
[0.394s] Level 1:colcon.colcon_core.package_identification:_identify(TAMIR/tamir) by extension 'ros'
[0.399s] DEBUG:colcon.colcon_core.package_identification:Package 'TAMIR/tamir' with type 'ros.ament_python' and name 'tamir'
[0.399s] Level 1:colcon.colcon_core.package_identification:_identify(TAMIR/tamir_interface) by extensions ['ignore', 'ignore_ament_install']
[0.399s] Level 1:colcon.colcon_core.package_identification:_identify(TAMIR/tamir_interface) by extension 'ignore'
[0.399s] Level 1:colcon.colcon_core.package_identification:_identify(TAMIR/tamir_interface) by extension 'ignore_ament_install'
[0.400s] Level 1:colcon.colcon_core.package_identification:_identify(TAMIR/tamir_interface) by extensions ['colcon_pkg']
[0.400s] Level 1:colcon.colcon_core.package_identification:_identify(TAMIR/tamir_interface) by extension 'colcon_pkg'
[0.400s] Level 1:colcon.colcon_core.package_identification:_identify(TAMIR/tamir_interface) by extensions ['colcon_meta']
[0.400s] Level 1:colcon.colcon_core.package_identification:_identify(TAMIR/tamir_interface) by extension 'colcon_meta'
[0.400s] Level 1:colcon.colcon_core.package_identification:_identify(TAMIR/tamir_interface) by extensions ['ros']
[0.400s] Level 1:colcon.colcon_core.package_identification:_identify(TAMIR/tamir_interface) by extension 'ros'
[0.401s] DEBUG:colcon.colcon_core.package_identification:Package 'TAMIR/tamir_interface' with type 'ros.ament_cmake' and name 'tamir_interface'
[0.401s] Level 1:colcon.colcon_core.package_identification:_identify(build) by extensions ['ignore', 'ignore_ament_install']
[0.401s] Level 1:colcon.colcon_core.package_identification:_identify(build) by extension 'ignore'
[0.401s] Level 1:colcon.colcon_core.package_identification:_identify(build) ignored
[0.401s] Level 1:colcon.colcon_core.package_identification:_identify(install) by extensions ['ignore', 'ignore_ament_install']
[0.402s] Level 1:colcon.colcon_core.package_identification:_identify(install) by extension 'ignore'
[0.402s] Level 1:colcon.colcon_core.package_identification:_identify(install) ignored
[0.402s] Level 1:colcon.colcon_core.package_identification:_identify(log) by extensions ['ignore', 'ignore_ament_install']
[0.402s] Level 1:colcon.colcon_core.package_identification:_identify(log) by extension 'ignore'
[0.402s] Level 1:colcon.colcon_core.package_identification:_identify(log) ignored
[0.402s] Level 1:colcon.colcon_core.package_discovery:discover_packages(recursive) using defaults
[0.402s] Level 1:colcon.colcon_core.package_discovery:discover_packages(ignore) discover
[0.402s] Level 1:colcon.colcon_core.package_discovery:discover_packages(ignore) using defaults
[0.402s] Level 1:colcon.colcon_core.package_discovery:discover_packages(path) discover
[0.402s] Level 1:colcon.colcon_core.package_discovery:discover_packages(path) using defaults
[0.440s] Level 1:colcon.colcon_core.package_discovery:discover_packages(prefix_path) check parameters
[0.440s] Level 1:colcon.colcon_core.package_discovery:discover_packages(prefix_path) discover
[0.442s] WARNING:colcon.colcon_ros.prefix_path.ament:The path '/home/asaace00/repo/winter/project/install/tamir_interface' in the environment variable AMENT_PREFIX_PATH doesn't exist
[0.442s] WARNING:colcon.colcon_ros.prefix_path.ament:The path '/home/asaace00/repo/winter/project/install/tamir' in the environment variable AMENT_PREFIX_PATH doesn't exist
[0.443s] WARNING:colcon.colcon_ros.prefix_path.catkin:The path '/home/asaace00/repo/winter/project/install/tamir_interface' in the environment variable CMAKE_PREFIX_PATH doesn't exist
[0.444s] DEBUG:colcon.colcon_installed_package_information.package_discovery:Found 0 installed packages in /home/asaace00/repo/winter/project/install
[0.448s] DEBUG:colcon.colcon_installed_package_information.package_discovery:Found 485 installed packages in /opt/ros/jazzy
[0.452s] Level 1:colcon.colcon_core.package_discovery:discover_packages(prefix_path) using defaults
[0.621s] Level 5:colcon.colcon_core.verb:set package 'tamir' build argument 'cmake_args' from command line to 'None'
[0.621s] Level 5:colcon.colcon_core.verb:set package 'tamir' build argument 'cmake_target' from command line to 'None'
[0.621s] Level 5:colcon.colcon_core.verb:set package 'tamir' build argument 'cmake_target_skip_unavailable' from command line to 'False'
[0.622s] Level 5:colcon.colcon_core.verb:set package 'tamir' build argument 'cmake_clean_cache' from command line to 'False'
[0.622s] Level 5:colcon.colcon_core.verb:set package 'tamir' build argument 'cmake_clean_first' from command line to 'False'
[0.622s] Level 5:colcon.colcon_core.verb:set package 'tamir' build argument 'cmake_force_configure' from command line to 'False'
[0.622s] Level 5:colcon.colcon_core.verb:set package 'tamir' build argument 'ament_cmake_args' from command line to 'None'
[0.622s] Level 5:colcon.colcon_core.verb:set package 'tamir' build argument 'catkin_cmake_args' from command line to 'None'
[0.622s] Level 5:colcon.colcon_core.verb:set package 'tamir' build argument 'catkin_skip_building_tests' from command line to 'False'
[0.622s] DEBUG:colcon.colcon_core.verb:Building package 'tamir' with the following arguments: {'ament_cmake_args': None, 'build_base': '/home/asaace00/repo/winter/project/build/tamir', 'catkin_cmake_args': None, 'catkin_skip_building_tests': False, 'cmake_args': None, 'cmake_clean_cache': False, 'cmake_clean_first': False, 'cmake_force_configure': False, 'cmake_target': None, 'cmake_target_skip_unavailable': False, 'install_base': '/home/asaace00/repo/winter/project/install/tamir', 'merge_install': False, 'path': '/home/asaace00/repo/winter/project/TAMIR/tamir', 'symlink_install': False, 'test_result_base': None}
[0.622s] Level 5:colcon.colcon_core.verb:set package 'tamir_interface' build argument 'cmake_args' from command line to 'None'
[0.622s] Level 5:colcon.colcon_core.verb:set package 'tamir_interface' build argument 'cmake_target' from command line to 'None'
[0.622s] Level 5:colcon.colcon_core.verb:set package 'tamir_interface' build argument 'cmake_target_skip_unavailable' from command line to 'False'
[0.623s] Level 5:colcon.colcon_core.verb:set package 'tamir_interface' build argument 'cmake_clean_cache' from command line to 'False'
[0.623s] Level 5:colcon.colcon_core.verb:set package 'tamir_interface' build argument 'cmake_clean_first' from command line to 'False'
[0.623s] Level 5:colcon.colcon_core.verb:set package 'tamir_interface' build argument 'cmake_force_configure' from command line to 'False'
[0.623s] Level 5:colcon.colcon_core.verb:set package 'tamir_interface' build argument 'ament_cmake_args' from command line to 'None'
[0.623s] Level 5:colcon.colcon_core.verb:set package 'tamir_interface' build argument 'catkin_cmake_args' from command line to 'None'
[0.623s] Level 5:colcon.colcon_core.verb:set package 'tamir_interface' build argument 'catkin_skip_building_tests' from command line to 'False'
[0.623s] DEBUG:colcon.colcon_core.verb:Building package 'tamir_interface' with the following arguments: {'ament_cmake_args': None, 'build_base': '/home/asaace00/repo/winter/project/build/tamir_interface', 'catkin_cmake_args': None, 'catkin_skip_building_tests': False, 'cmake_args': None, 'cmake_clean_cache': False, 'cmake_clean_first': False, 'cmake_force_configure': False, 'cmake_target': None, 'cmake_target_skip_unavailable': False, 'install_base': '/home/asaace00/repo/winter/project/install/tamir_interface', 'merge_install': False, 'path': '/home/asaace00/repo/winter/project/TAMIR/tamir_interface', 'symlink_install': False, 'test_result_base': None}
[0.623s] INFO:colcon.colcon_core.executor:Executing jobs using 'parallel' executor
[0.625s] DEBUG:colcon.colcon_parallel_executor.executor.parallel:run_until_complete
[0.626s] INFO:colcon.colcon_ros.task.ament_python.build:Building ROS package in '/home/asaace00/repo/winter/project/TAMIR/tamir' with build type 'ament_python'
[0.626s] Level 1:colcon.colcon_core.shell:create_environment_hook('tamir', 'ament_prefix_path')
[0.633s] INFO:colcon.colcon_core.plugin_system:Skipping extension 'colcon_core.shell.bat': Not used on non-Windows systems
[0.635s] INFO:colcon.colcon_core.shell:Creating environment hook '/home/asaace00/repo/winter/project/install/tamir/share/tamir/hook/ament_prefix_path.ps1'
[0.639s] INFO:colcon.colcon_core.shell:Creating environment descriptor '/home/asaace00/repo/winter/project/install/tamir/share/tamir/hook/ament_prefix_path.dsv'
[0.642s] INFO:colcon.colcon_core.shell:Creating environment hook '/home/asaace00/repo/winter/project/install/tamir/share/tamir/hook/ament_prefix_path.sh'
[0.645s] INFO:colcon.colcon_core.shell:Skip shell extension 'powershell' for command environment: Not usable outside of PowerShell
[0.645s] DEBUG:colcon.colcon_core.shell:Skip shell extension 'dsv' for command environment
[0.658s] INFO:colcon.colcon_ros.task.ament_cmake.build:Building ROS package in '/home/asaace00/repo/winter/project/TAMIR/tamir_interface' with build type 'ament_cmake'
[0.659s] INFO:colcon.colcon_cmake.task.cmake.build:Building CMake package in '/home/asaace00/repo/winter/project/TAMIR/tamir_interface'
[0.660s] INFO:colcon.colcon_core.shell:Skip shell extension 'powershell' for command environment: Not usable outside of PowerShell
[0.660s] DEBUG:colcon.colcon_core.shell:Skip shell extension 'dsv' for command environment
[1.429s] INFO:colcon.colcon_core.task.python.build:Building Python package in '/home/asaace00/repo/winter/project/TAMIR/tamir'
[1.429s] INFO:colcon.colcon_core.shell:Skip shell extension 'powershell' for command environment: Not usable outside of PowerShell
[1.430s] DEBUG:colcon.colcon_core.shell:Skip shell extension 'dsv' for command environment
[1.459s] DEBUG:colcon.colcon_core.event_handler.log_command:Invoking command in '/home/asaace00/repo/winter/project/build/tamir_interface': CMAKE_PREFIX_PATH=${CMAKE_PREFIX_PATH}:/home/asaace00/repo/winter/project/install/tamir:/opt/ros/jazzy VIRTUAL_ENV_PROMPT=(myenv) /usr/bin/cmake /home/asaace00/repo/winter/project/TAMIR/tamir_interface -DCMAKE_INSTALL_PREFIX=/home/asaace00/repo/winter/project/install/tamir_interface
[3.555s] DEBUG:colcon.colcon_core.event_handler.log_command:Invoking command in '/home/asaace00/repo/winter/project/TAMIR/tamir': PYTHONPATH=/home/asaace00/repo/winter/project/build/tamir/prefix_override:/usr/lib/python3/dist-packages/colcon_core/task/python/colcon_distutils_commands:/home/asaace00/repo/winter/project/install/tamir/lib/python3.12/site-packages:${PYTHONPATH} VIRTUAL_ENV_PROMPT=(myenv) /usr/bin/python3 -W ignore:setup.py install is deprecated -W ignore:easy_install command is deprecated setup.py egg_info --egg-base ../../build/tamir build --build-base /home/asaace00/repo/winter/project/build/tamir/build install --record /home/asaace00/repo/winter/project/build/tamir/install.log --single-version-externally-managed install_data
[5.318s] DEBUG:colcon.colcon_core.event_handler.log_command:Invoked command in '/home/asaace00/repo/winter/project/TAMIR/tamir' returned '0': PYTHONPATH=/home/asaace00/repo/winter/project/build/tamir/prefix_override:/usr/lib/python3/dist-packages/colcon_core/task/python/colcon_distutils_commands:/home/asaace00/repo/winter/project/install/tamir/lib/python3.12/site-packages:${PYTHONPATH} VIRTUAL_ENV_PROMPT=(myenv) /usr/bin/python3 -W ignore:setup.py install is deprecated -W ignore:easy_install command is deprecated setup.py egg_info --egg-base ../../build/tamir build --build-base /home/asaace00/repo/winter/project/build/tamir/build install --record /home/asaace00/repo/winter/project/build/tamir/install.log --single-version-externally-managed install_data
[5.322s] Level 1:colcon.colcon_core.environment:checking '/home/asaace00/repo/winter/project/install/tamir' for CMake module files
[5.323s] Level 1:colcon.colcon_core.environment:checking '/home/asaace00/repo/winter/project/install/tamir' for CMake config files
[5.324s] Level 1:colcon.colcon_core.environment:checking '/home/asaace00/repo/winter/project/install/tamir/lib'
[5.324s] Level 1:colcon.colcon_core.environment:checking '/home/asaace00/repo/winter/project/install/tamir/bin'
[5.324s] Level 1:colcon.colcon_core.environment:checking '/home/asaace00/repo/winter/project/install/tamir/lib/pkgconfig/tamir.pc'
[5.325s] Level 1:colcon.colcon_core.environment:checking '/home/asaace00/repo/winter/project/install/tamir/lib/python3.12/site-packages'
[5.325s] Level 1:colcon.colcon_core.shell:create_environment_hook('tamir', 'pythonpath')
[5.325s] INFO:colcon.colcon_core.shell:Creating environment hook '/home/asaace00/repo/winter/project/install/tamir/share/tamir/hook/pythonpath.ps1'
[5.326s] INFO:colcon.colcon_core.shell:Creating environment descriptor '/home/asaace00/repo/winter/project/install/tamir/share/tamir/hook/pythonpath.dsv'
[5.327s] INFO:colcon.colcon_core.shell:Creating environment hook '/home/asaace00/repo/winter/project/install/tamir/share/tamir/hook/pythonpath.sh'
[5.329s] Level 1:colcon.colcon_core.environment:checking '/home/asaace00/repo/winter/project/install/tamir/bin'
[5.329s] Level 1:colcon.colcon_core.environment:create_environment_scripts_only(tamir)
[5.330s] INFO:colcon.colcon_core.shell:Creating package script '/home/asaace00/repo/winter/project/install/tamir/share/tamir/package.ps1'
[5.332s] INFO:colcon.colcon_core.shell:Creating package descriptor '/home/asaace00/repo/winter/project/install/tamir/share/tamir/package.dsv'
[5.335s] INFO:colcon.colcon_core.shell:Creating package script '/home/asaace00/repo/winter/project/install/tamir/share/tamir/package.sh'
[5.337s] INFO:colcon.colcon_core.shell:Creating package script '/home/asaace00/repo/winter/project/install/tamir/share/tamir/package.bash'
[5.341s] INFO:colcon.colcon_core.shell:Creating package script '/home/asaace00/repo/winter/project/install/tamir/share/tamir/package.zsh'
[5.344s] Level 1:colcon.colcon_core.environment:create_file_with_runtime_dependencies(/home/asaace00/repo/winter/project/install/tamir/share/colcon-core/packages/tamir)
[9.332s] DEBUG:colcon.colcon_core.event_handler.log_command:Invoked command in '/home/asaace00/repo/winter/project/build/tamir_interface' returned '0': CMAKE_PREFIX_PATH=${CMAKE_PREFIX_PATH}:/home/asaace00/repo/winter/project/install/tamir:/opt/ros/jazzy VIRTUAL_ENV_PROMPT=(myenv) /usr/bin/cmake /home/asaace00/repo/winter/project/TAMIR/tamir_interface -DCMAKE_INSTALL_PREFIX=/home/asaace00/repo/winter/project/install/tamir_interface
[9.334s] DEBUG:colcon.colcon_core.event_handler.log_command:Invoking command in '/home/asaace00/repo/winter/project/build/tamir_interface': CMAKE_PREFIX_PATH=${CMAKE_PREFIX_PATH}:/home/asaace00/repo/winter/project/install/tamir:/opt/ros/jazzy VIRTUAL_ENV_PROMPT=(myenv) /usr/bin/cmake --build /home/asaace00/repo/winter/project/build/tamir_interface -- -j32 -l32
[17.431s] DEBUG:colcon.colcon_core.event_handler.log_command:Invoked command in '/home/asaace00/repo/winter/project/build/tamir_interface' returned '0': CMAKE_PREFIX_PATH=${CMAKE_PREFIX_PATH}:/home/asaace00/repo/winter/project/install/tamir:/opt/ros/jazzy VIRTUAL_ENV_PROMPT=(myenv) /usr/bin/cmake --build /home/asaace00/repo/winter/project/build/tamir_interface -- -j32 -l32
[17.457s] DEBUG:colcon.colcon_core.event_handler.log_command:Invoking command in '/home/asaace00/repo/winter/project/build/tamir_interface': CMAKE_PREFIX_PATH=${CMAKE_PREFIX_PATH}:/home/asaace00/repo/winter/project/install/tamir:/opt/ros/jazzy VIRTUAL_ENV_PROMPT=(myenv) /usr/bin/cmake --install /home/asaace00/repo/winter/project/build/tamir_interface
[17.608s] Level 1:colcon.colcon_core.environment:create_environment_scripts_only(tamir_interface)
[17.609s] DEBUG:colcon.colcon_core.event_handler.log_command:Invoked command in '/home/asaace00/repo/winter/project/build/tamir_interface' returned '0': CMAKE_PREFIX_PATH=${CMAKE_PREFIX_PATH}:/home/asaace00/repo/winter/project/install/tamir:/opt/ros/jazzy VIRTUAL_ENV_PROMPT=(myenv) /usr/bin/cmake --install /home/asaace00/repo/winter/project/build/tamir_interface
[17.610s] Level 1:colcon.colcon_core.environment:checking '/home/asaace00/repo/winter/project/install/tamir_interface' for CMake module files
[17.611s] Level 1:colcon.colcon_core.environment:checking '/home/asaace00/repo/winter/project/install/tamir_interface' for CMake config files
[17.612s] Level 1:colcon.colcon_core.shell:create_environment_hook('tamir_interface', 'cmake_prefix_path')
[17.613s] INFO:colcon.colcon_core.shell:Creating environment hook '/home/asaace00/repo/winter/project/install/tamir_interface/share/tamir_interface/hook/cmake_prefix_path.ps1'
[17.614s] INFO:colcon.colcon_core.shell:Creating environment descriptor '/home/asaace00/repo/winter/project/install/tamir_interface/share/tamir_interface/hook/cmake_prefix_path.dsv'
[17.615s] INFO:colcon.colcon_core.shell:Creating environment hook '/home/asaace00/repo/winter/project/install/tamir_interface/share/tamir_interface/hook/cmake_prefix_path.sh'
[17.616s] Level 1:colcon.colcon_core.environment:checking '/home/asaace00/repo/winter/project/install/tamir_interface/lib'
[17.616s] Level 1:colcon.colcon_core.shell:create_environment_hook('tamir_interface', 'ld_library_path_lib')
[17.617s] INFO:colcon.colcon_core.shell:Creating environment hook '/home/asaace00/repo/winter/project/install/tamir_interface/share/tamir_interface/hook/ld_library_path_lib.ps1'
[17.618s] INFO:colcon.colcon_core.shell:Creating environment descriptor '/home/asaace00/repo/winter/project/install/tamir_interface/share/tamir_interface/hook/ld_library_path_lib.dsv'
[17.619s] INFO:colcon.colcon_core.shell:Creating environment hook '/home/asaace00/repo/winter/project/install/tamir_interface/share/tamir_interface/hook/ld_library_path_lib.sh'
[17.620s] Level 1:colcon.colcon_core.environment:checking '/home/asaace00/repo/winter/project/install/tamir_interface/bin'
[17.620s] Level 1:colcon.colcon_core.environment:checking '/home/asaace00/repo/winter/project/install/tamir_interface/lib/pkgconfig/tamir_interface.pc'
[17.620s] Level 1:colcon.colcon_core.environment:checking '/home/asaace00/repo/winter/project/install/tamir_interface/lib/python3.12/site-packages'
[17.621s] Level 1:colcon.colcon_core.shell:create_environment_hook('tamir_interface', 'pythonpath')
[17.621s] INFO:colcon.colcon_core.shell:Creating environment hook '/home/asaace00/repo/winter/project/install/tamir_interface/share/tamir_interface/hook/pythonpath.ps1'
[17.622s] INFO:colcon.colcon_core.shell:Creating environment descriptor '/home/asaace00/repo/winter/project/install/tamir_interface/share/tamir_interface/hook/pythonpath.dsv'
[17.623s] INFO:colcon.colcon_core.shell:Creating environment hook '/home/asaace00/repo/winter/project/install/tamir_interface/share/tamir_interface/hook/pythonpath.sh'
[17.624s] Level 1:colcon.colcon_core.environment:checking '/home/asaace00/repo/winter/project/install/tamir_interface/bin'
[17.625s] INFO:colcon.colcon_core.shell:Creating package script '/home/asaace00/repo/winter/project/install/tamir_interface/share/tamir_interface/package.ps1'
[17.626s] INFO:colcon.colcon_core.shell:Creating package descriptor '/home/asaace00/repo/winter/project/install/tamir_interface/share/tamir_interface/package.dsv'
[17.628s] INFO:colcon.colcon_core.shell:Creating package script '/home/asaace00/repo/winter/project/install/tamir_interface/share/tamir_interface/package.sh'
[17.629s] INFO:colcon.colcon_core.shell:Creating package script '/home/asaace00/repo/winter/project/install/tamir_interface/share/tamir_interface/package.bash'
[17.630s] INFO:colcon.colcon_core.shell:Creating package script '/home/asaace00/repo/winter/project/install/tamir_interface/share/tamir_interface/package.zsh'
[17.631s] Level 1:colcon.colcon_core.environment:create_file_with_runtime_dependencies(/home/asaace00/repo/winter/project/install/tamir_interface/share/colcon-core/packages/tamir_interface)
[17.633s] Level 1:colcon.colcon_core.environment:create_environment_scripts_only(tamir_interface)
[17.633s] Level 1:colcon.colcon_core.environment:checking '/home/asaace00/repo/winter/project/install/tamir_interface' for CMake module files
[17.635s] Level 1:colcon.colcon_core.environment:checking '/home/asaace00/repo/winter/project/install/tamir_interface' for CMake config files
[17.636s] Level 1:colcon.colcon_core.shell:create_environment_hook('tamir_interface', 'cmake_prefix_path')
[17.636s] INFO:colcon.colcon_core.shell:Creating environment hook '/home/asaace00/repo/winter/project/install/tamir_interface/share/tamir_interface/hook/cmake_prefix_path.ps1'
[17.637s] INFO:colcon.colcon_core.shell:Creating environment descriptor '/home/asaace00/repo/winter/project/install/tamir_interface/share/tamir_interface/hook/cmake_prefix_path.dsv'
[17.639s] INFO:colcon.colcon_core.shell:Creating environment hook '/home/asaace00/repo/winter/project/install/tamir_interface/share/tamir_interface/hook/cmake_prefix_path.sh'
[17.641s] Level 1:colcon.colcon_core.environment:checking '/home/asaace00/repo/winter/project/install/tamir_interface/lib'
[17.641s] Level 1:colcon.colcon_core.shell:create_environment_hook('tamir_interface', 'ld_library_path_lib')
[17.641s] INFO:colcon.colcon_core.shell:Creating environment hook '/home/asaace00/repo/winter/project/install/tamir_interface/share/tamir_interface/hook/ld_library_path_lib.ps1'
[17.642s] INFO:colcon.colcon_core.shell:Creating environment descriptor '/home/asaace00/repo/winter/project/install/tamir_interface/share/tamir_interface/hook/ld_library_path_lib.dsv'
[17.643s] INFO:colcon.colcon_core.shell:Creating environment hook '/home/asaace00/repo/winter/project/install/tamir_interface/share/tamir_interface/hook/ld_library_path_lib.sh'
[17.645s] Level 1:colcon.colcon_core.environment:checking '/home/asaace00/repo/winter/project/install/tamir_interface/bin'
[17.645s] Level 1:colcon.colcon_core.environment:checking '/home/asaace00/repo/winter/project/install/tamir_interface/lib/pkgconfig/tamir_interface.pc'
[17.646s] Level 1:colcon.colcon_core.environment:checking '/home/asaace00/repo/winter/project/install/tamir_interface/lib/python3.12/site-packages'
[17.646s] Level 1:colcon.colcon_core.shell:create_environment_hook('tamir_interface', 'pythonpath')
[17.646s] INFO:colcon.colcon_core.shell:Creating environment hook '/home/asaace00/repo/winter/project/install/tamir_interface/share/tamir_interface/hook/pythonpath.ps1'
[17.648s] INFO:colcon.colcon_core.shell:Creating environment descriptor '/home/asaace00/repo/winter/project/install/tamir_interface/share/tamir_interface/hook/pythonpath.dsv'
[17.649s] INFO:colcon.colcon_core.shell:Creating environment hook '/home/asaace00/repo/winter/project/install/tamir_interface/share/tamir_interface/hook/pythonpath.sh'
[17.650s] Level 1:colcon.colcon_core.environment:checking '/home/asaace00/repo/winter/project/install/tamir_interface/bin'
[17.651s] INFO:colcon.colcon_core.shell:Creating package script '/home/asaace00/repo/winter/project/install/tamir_interface/share/tamir_interface/package.ps1'
[17.652s] INFO:colcon.colcon_core.shell:Creating package descriptor '/home/asaace00/repo/winter/project/install/tamir_interface/share/tamir_interface/package.dsv'
[17.654s] INFO:colcon.colcon_core.shell:Creating package script '/home/asaace00/repo/winter/project/install/tamir_interface/share/tamir_interface/package.sh'
[17.655s] INFO:colcon.colcon_core.shell:Creating package script '/home/asaace00/repo/winter/project/install/tamir_interface/share/tamir_interface/package.bash'
[17.656s] INFO:colcon.colcon_core.shell:Creating package script '/home/asaace00/repo/winter/project/install/tamir_interface/share/tamir_interface/package.zsh'
[17.657s] Level 1:colcon.colcon_core.environment:create_file_with_runtime_dependencies(/home/asaace00/repo/winter/project/install/tamir_interface/share/colcon-core/packages/tamir_interface)
[17.658s] DEBUG:colcon.colcon_parallel_executor.executor.parallel:closing loop
[17.658s] DEBUG:colcon.colcon_parallel_executor.executor.parallel:loop closed
[17.658s] DEBUG:colcon.colcon_parallel_executor.executor.parallel:run_until_complete finished with '0'
[17.658s] DEBUG:colcon.colcon_core.event_reactor:joining thread
[17.674s] INFO:colcon.colcon_core.plugin_system:Skipping extension 'colcon_notification.desktop_notification.terminal_notifier': Not used on non-Darwin systems
[17.674s] INFO:colcon.colcon_core.plugin_system:Skipping extension 'colcon_notification.desktop_notification.win32': Not used on non-Windows systems
[17.674s] INFO:colcon.colcon_notification.desktop_notification:Sending desktop notification using 'notify2'
[17.705s] DEBUG:colcon.colcon_core.event_reactor:joined thread
[17.706s] INFO:colcon.colcon_core.shell:Creating prefix script '/home/asaace00/repo/winter/project/install/local_setup.ps1'
[17.708s] INFO:colcon.colcon_core.shell:Creating prefix util module '/home/asaace00/repo/winter/project/install/_local_setup_util_ps1.py'
[17.711s] INFO:colcon.colcon_core.shell:Creating prefix chain script '/home/asaace00/repo/winter/project/install/setup.ps1'
[17.713s] INFO:colcon.colcon_core.shell:Creating prefix script '/home/asaace00/repo/winter/project/install/local_setup.sh'
[17.714s] INFO:colcon.colcon_core.shell:Creating prefix util module '/home/asaace00/repo/winter/project/install/_local_setup_util_sh.py'
[17.715s] INFO:colcon.colcon_core.shell:Creating prefix chain script '/home/asaace00/repo/winter/project/install/setup.sh'
[17.716s] INFO:colcon.colcon_core.shell:Creating prefix script '/home/asaace00/repo/winter/project/install/local_setup.bash'
[17.717s] INFO:colcon.colcon_core.shell:Creating prefix chain script '/home/asaace00/repo/winter/project/install/setup.bash'
[17.718s] INFO:colcon.colcon_core.shell:Creating prefix script '/home/asaace00/repo/winter/project/install/local_setup.zsh'
[17.719s] INFO:colcon.colcon_core.shell:Creating prefix chain script '/home/asaace00/repo/winter/project/install/setup.zsh'
