[0.500s] Invoking command in '/home/asaace00/repo/winter/project/TAMIR/tamir': PYTHONPATH=/home/asaace00/repo/winter/project/build/tamir/prefix_override:/usr/lib/python3/dist-packages/colcon_core/task/python/colcon_distutils_commands:/home/asaace00/repo/winter/project/install/tamir/lib/python3.12/site-packages:${PYTHONPATH} VIRTUAL_ENV_PROMPT=(myenv) /usr/bin/python3 -W ignore:setup.py install is deprecated -W ignore:easy_install command is deprecated setup.py egg_info --egg-base ../../build/tamir build --build-base /home/asaace00/repo/winter/project/build/tamir/build install --record /home/asaace00/repo/winter/project/build/tamir/install.log --single-version-externally-managed install_data
[0.599s] /home/asaace00/repo/winter/project/TAMIR/tamir/myenv/lib/python3.12/site-packages/setuptools/_distutils/dist.py:270: UserWarning: Unknown distribution option: 'tests_require'
[0.599s]   warnings.warn(msg)
[0.691s] running egg_info
[0.704s] creating ../../build/tamir/tamir.egg-info
[0.704s] writing ../../build/tamir/tamir.egg-info/PKG-INFO
[0.704s] writing dependency_links to ../../build/tamir/tamir.egg-info/dependency_links.txt
[0.705s] writing entry points to ../../build/tamir/tamir.egg-info/entry_points.txt
[0.705s] writing requirements to ../../build/tamir/tamir.egg-info/requires.txt
[0.705s] writing top-level names to ../../build/tamir/tamir.egg-info/top_level.txt
[0.705s] writing manifest file '../../build/tamir/tamir.egg-info/SOURCES.txt'
[0.732s] reading manifest file '../../build/tamir/tamir.egg-info/SOURCES.txt'
[0.733s] writing manifest file '../../build/tamir/tamir.egg-info/SOURCES.txt'
[0.733s] running build
[0.733s] running build_py
[0.733s] creating /home/asaace00/repo/winter/project/build/tamir/build/lib/tamir
[0.733s] copying tamir/playmusic.py -> /home/asaace00/repo/winter/project/build/tamir/build/lib/tamir
[0.733s] copying tamir/tamir_interface.py -> /home/asaace00/repo/winter/project/build/tamir/build/lib/tamir
[0.733s] copying tamir/Bluetooth_Node.py -> /home/asaace00/repo/winter/project/build/tamir/build/lib/tamir
[0.734s] copying tamir/__init__.py -> /home/asaace00/repo/winter/project/build/tamir/build/lib/tamir
[0.734s] copying tamir/vision.py -> /home/asaace00/repo/winter/project/build/tamir/build/lib/tamir
[0.734s] running install
[0.736s] running install_lib
[0.750s] creating /home/asaace00/repo/winter/project/install/tamir/lib/python3.12/site-packages/tamir
[0.750s] copying /home/asaace00/repo/winter/project/build/tamir/build/lib/tamir/playmusic.py -> /home/asaace00/repo/winter/project/install/tamir/lib/python3.12/site-packages/tamir
[0.750s] copying /home/asaace00/repo/winter/project/build/tamir/build/lib/tamir/tamir_interface.py -> /home/asaace00/repo/winter/project/install/tamir/lib/python3.12/site-packages/tamir
[0.750s] copying /home/asaace00/repo/winter/project/build/tamir/build/lib/tamir/Bluetooth_Node.py -> /home/asaace00/repo/winter/project/install/tamir/lib/python3.12/site-packages/tamir
[0.750s] copying /home/asaace00/repo/winter/project/build/tamir/build/lib/tamir/__init__.py -> /home/asaace00/repo/winter/project/install/tamir/lib/python3.12/site-packages/tamir
[0.750s] copying /home/asaace00/repo/winter/project/build/tamir/build/lib/tamir/vision.py -> /home/asaace00/repo/winter/project/install/tamir/lib/python3.12/site-packages/tamir
[0.750s] byte-compiling /home/asaace00/repo/winter/project/install/tamir/lib/python3.12/site-packages/tamir/playmusic.py to playmusic.cpython-312.pyc
[0.751s] byte-compiling /home/asaace00/repo/winter/project/install/tamir/lib/python3.12/site-packages/tamir/tamir_interface.py to tamir_interface.cpython-312.pyc
[0.752s] byte-compiling /home/asaace00/repo/winter/project/install/tamir/lib/python3.12/site-packages/tamir/Bluetooth_Node.py to Bluetooth_Node.cpython-312.pyc
[0.752s] byte-compiling /home/asaace00/repo/winter/project/install/tamir/lib/python3.12/site-packages/tamir/__init__.py to __init__.cpython-312.pyc
[0.752s] byte-compiling /home/asaace00/repo/winter/project/install/tamir/lib/python3.12/site-packages/tamir/vision.py to vision.cpython-312.pyc
[0.752s] running install_data
[0.753s] creating /home/asaace00/repo/winter/project/install/tamir/share/ament_index/resource_index/packages
[0.753s] copying resource/tamir -> /home/asaace00/repo/winter/project/install/tamir/share/ament_index/resource_index/packages
[0.753s] copying package.xml -> /home/asaace00/repo/winter/project/install/tamir/share/tamir
[0.753s] copying launch/startup.launch.py -> /home/asaace00/repo/winter/project/install/tamir/share/tamir
[0.753s] copying launch/playmusic.launch.py -> /home/asaace00/repo/winter/project/install/tamir/share/tamir
[0.753s] copying sound/535_Silent.mp3 -> /home/asaace00/repo/winter/project/install/tamir/share/tamir
[0.753s] copying sound/anti_dog.mp3 -> /home/asaace00/repo/winter/project/install/tamir/share/tamir
[0.753s] copying sound/experiment.mp3 -> /home/asaace00/repo/winter/project/install/tamir/share/tamir
[0.753s] copying sound/high_pitch.mp3 -> /home/asaace00/repo/winter/project/install/tamir/share/tamir
[0.753s] running install_egg_info
[0.767s] Copying ../../build/tamir/tamir.egg-info to /home/asaace00/repo/winter/project/install/tamir/lib/python3.12/site-packages/tamir-0.0.0-py3.12.egg-info
[0.767s] running install_scripts
[0.841s] Installing music_node script to /home/asaace00/repo/winter/project/install/tamir/lib/tamir
[0.841s] Installing tamir_interface script to /home/asaace00/repo/winter/project/install/tamir/lib/tamir
[0.841s] Installing vision script to /home/asaace00/repo/winter/project/install/tamir/lib/tamir
[0.841s] writing list of installed files to '/home/asaace00/repo/winter/project/build/tamir/install.log'
[0.854s] Invoked command in '/home/asaace00/repo/winter/project/TAMIR/tamir' returned '0': PYTHONPATH=/home/asaace00/repo/winter/project/build/tamir/prefix_override:/usr/lib/python3/dist-packages/colcon_core/task/python/colcon_distutils_commands:/home/asaace00/repo/winter/project/install/tamir/lib/python3.12/site-packages:${PYTHONPATH} VIRTUAL_ENV_PROMPT=(myenv) /usr/bin/python3 -W ignore:setup.py install is deprecated -W ignore:easy_install command is deprecated setup.py egg_info --egg-base ../../build/tamir build --build-base /home/asaace00/repo/winter/project/build/tamir/build install --record /home/asaace00/repo/winter/project/build/tamir/install.log --single-version-externally-managed install_data
