[0.012s] Invoking command in '/home/asaace00/repo/winter/project/temp/build/jackal_description': VIRTUAL_ENV_PROMPT=(env_rosbot) /usr/bin/cmake /home/asaace00/repo/winter/project/temp/jackal/jackal_description -DCATKIN_INSTALL_INTO_PREFIX_ROOT=0 -DCMAKE_INSTALL_PREFIX=/home/asaace00/repo/winter/project/temp/install/jackal_description
[0.019s] [0mCMake Deprecation Warning at CMakeLists.txt:1 (cmake_minimum_required):
[0.019s]   Compatibility with CMake < 3.5 will be removed from a future version of
[0.019s]   CMake.
[0.019s] 
[0.019s]   Update the VERSION argument <min> value or use a ...<max> suffix to tell
[0.019s]   CMake that the project does not need compatibility with older versions.
[0.020s] 
[0.020s] [0m
[0.056s] -- The C compiler identification is GNU 13.2.0
[0.090s] -- The CXX compiler identification is GNU 13.2.0
[0.102s] -- Detecting C compiler ABI info
[0.160s] -- Detecting C compiler ABI info - done
[0.165s] -- Check for working C compiler: /usr/bin/cc - skipped
[0.165s] -- Detecting C compile features
[0.165s] -- Detecting C compile features - done
[0.173s] -- Detecting CXX compiler ABI info
[0.238s] -- Detecting CXX compiler ABI info - done
[0.244s] -- Check for working CXX compiler: /usr/bin/c++ - skipped
[0.244s] -- Detecting CXX compile features
[0.244s] -- Detecting CXX compile features - done
[0.252s] [31mCMake Error at CMakeLists.txt:4 (find_package):
[0.252s]   By not providing "Findcatkin.cmake" in CMAKE_MODULE_PATH this project has
[0.253s]   asked CMake to find a package configuration file provided by "catkin", but
[0.253s]   CMake did not find one.
[0.253s] 
[0.253s]   Could not find a package configuration file provided by "catkin" with any
[0.253s]   of the following names:
[0.253s] 
[0.253s]     catkinConfig.cmake
[0.253s]     catkin-config.cmake
[0.253s] 
[0.253s]   Add the installation prefix of "catkin" to CMAKE_PREFIX_PATH or set
[0.253s]   "catkin_DIR" to a directory containing one of the above files.  If "catkin"
[0.254s]   provides a separate development package or SDK, be sure it has been
[0.254s]   installed.
[0.254s] 
[0.254s] [0m
[0.254s] -- Configuring incomplete, errors occurred!
[0.260s] Invoked command in '/home/asaace00/repo/winter/project/temp/build/jackal_description' returned '1': VIRTUAL_ENV_PROMPT=(env_rosbot) /usr/bin/cmake /home/asaace00/repo/winter/project/temp/jackal/jackal_description -DCATKIN_INSTALL_INTO_PREFIX_ROOT=0 -DCMAKE_INSTALL_PREFIX=/home/asaace00/repo/winter/project/temp/install/jackal_description
