[0.131s] Invoking command in '/home/asaace00/repo/winter/project/build/tamir_interface': CMAKE_PREFIX_PATH=${CMAKE_PREFIX_PATH}:/home/asaace00/repo/winter/project/TAMIR/install/tamir:/home/asaace00/repo/winter/project/install/tamir:/opt/ros/jazzy VIRTUAL_ENV_PROMPT=(myenv) /usr/bin/cmake /home/asaace00/repo/winter/project/TAMIR/tamir_interface -DCMAKE_INSTALL_PREFIX=/home/asaace00/repo/winter/project/install/tamir_interface
[0.176s] -- The C compiler identification is GNU 13.2.0
[0.212s] -- The CXX compiler identification is GNU 13.2.0
[0.225s] -- Detecting C compiler ABI info
[0.297s] -- Detecting C compiler ABI info - done
[0.304s] -- Check for working C compiler: /usr/bin/cc - skipped
[0.304s] -- Detecting C compile features
[0.304s] -- Detecting C compile features - done
[0.312s] -- Detecting CXX compiler ABI info
[0.391s] -- Detecting CXX compiler ABI info - done
[0.400s] -- Check for working CXX compiler: /usr/bin/c++ - skipped
[0.400s] -- Detecting CXX compile features
[0.400s] -- Detecting CXX compile features - done
[0.403s] -- Found ament_cmake: 2.5.3 (/opt/ros/jazzy/share/ament_cmake/cmake)
[0.474s] -- Found Python3: /home/asaace00/repo/winter/project/TAMIR/tamir/myenv/bin/python3 (found version "3.12.3") found components: Interpreter 
[0.545s] -- Found rosidl_default_generators: 1.6.0 (/opt/ros/jazzy/share/rosidl_default_generators/cmake)
[0.549s] -- Using all available rosidl_typesupport_c: rosidl_typesupport_fastrtps_c;rosidl_typesupport_introspection_c
[0.584s] -- Using all available rosidl_typesupport_cpp: rosidl_typesupport_fastrtps_cpp;rosidl_typesupport_introspection_cpp
[0.612s] -- Found rosidl_adapter: 4.6.5 (/opt/ros/jazzy/share/rosidl_adapter/cmake)
[0.614s] -- Found geometry_msgs: 5.3.5 (/opt/ros/jazzy/share/geometry_msgs/cmake)
[1.031s] -- Found ament_cmake_ros: 0.12.0 (/opt/ros/jazzy/share/ament_cmake_ros/cmake)
[1.371s] -- Using all available rosidl_typesupport_c: rosidl_typesupport_fastrtps_c;rosidl_typesupport_introspection_c
[1.849s] -- Using all available rosidl_typesupport_cpp: rosidl_typesupport_fastrtps_cpp;rosidl_typesupport_introspection_cpp
[1.851s] -- Found python_cmake_module: 0.11.1 (/opt/ros/jazzy/share/python_cmake_module/cmake)
[1.965s] -- Found PythonExtra: /home/asaace00/repo/winter/project/TAMIR/tamir/myenv/bin/python3  
[2.445s] -- Found Python3: /home/asaace00/repo/winter/project/TAMIR/tamir/myenv/bin/python3 (found version "3.12.3") found components: Interpreter Development NumPy Development.Module Development.Embed 
[2.483s] -- Found ament_lint_auto: 0.17.1 (/opt/ros/jazzy/share/ament_lint_auto/cmake)
[2.499s] -- Added test 'lint_cmake' to check CMake code style
[2.500s] -- Added test 'xmllint' to check XML markup files
[2.502s] -- Configuring done (2.4s)
[2.524s] -- Generating done (0.0s)
[2.531s] -- Build files have been written to: /home/asaace00/repo/winter/project/build/tamir_interface
[2.537s] Invoked command in '/home/asaace00/repo/winter/project/build/tamir_interface' returned '0': CMAKE_PREFIX_PATH=${CMAKE_PREFIX_PATH}:/home/asaace00/repo/winter/project/TAMIR/install/tamir:/home/asaace00/repo/winter/project/install/tamir:/opt/ros/jazzy VIRTUAL_ENV_PROMPT=(myenv) /usr/bin/cmake /home/asaace00/repo/winter/project/TAMIR/tamir_interface -DCMAKE_INSTALL_PREFIX=/home/asaace00/repo/winter/project/install/tamir_interface
[2.538s] Invoking command in '/home/asaace00/repo/winter/project/build/tamir_interface': CMAKE_PREFIX_PATH=${CMAKE_PREFIX_PATH}:/home/asaace00/repo/winter/project/TAMIR/install/tamir:/home/asaace00/repo/winter/project/install/tamir:/opt/ros/jazzy VIRTUAL_ENV_PROMPT=(myenv) /usr/bin/cmake --build /home/asaace00/repo/winter/project/build/tamir_interface -- -j32 -l32
[2.576s] [  1%] [34m[1mGenerating type hashes for ROS interfaces[0m
[2.581s] [  1%] Built target ament_cmake_python_copy_tamir_interface
[2.703s] running egg_info
[2.709s] [  1%] Built target tamir_interface__rosidl_generator_type_description
[2.710s] creating tamir_interface.egg-info
[2.710s] writing tamir_interface.egg-info/PKG-INFO
[2.710s] writing dependency_links to tamir_interface.egg-info/dependency_links.txt
[2.710s] writing top-level names to tamir_interface.egg-info/top_level.txt
[2.710s] writing manifest file 'tamir_interface.egg-info/SOURCES.txt'
[2.717s] [  3%] [34m[1mGenerating C code for ROS interfaces[0m
[2.727s] [  5%] [34m[1mGenerating C++ code for ROS interfaces[0m
[2.736s] reading manifest file 'tamir_interface.egg-info/SOURCES.txt'
[2.736s] writing manifest file 'tamir_interface.egg-info/SOURCES.txt'
[2.757s] [  5%] Built target ament_cmake_python_build_tamir_interface_egg
[2.962s] [  5%] Built target tamir_interface__cpp
[2.981s] [  7%] [32mBuilding C object CMakeFiles/tamir_interface__rosidl_generator_c.dir/rosidl_generator_c/tamir_interface/msg/detail/behaviors__type_support.c.o[0m
[2.981s] [  9%] [32mBuilding C object CMakeFiles/tamir_interface__rosidl_generator_c.dir/rosidl_generator_c/tamir_interface/msg/detail/behavior_list__type_support.c.o[0m
[2.981s] [ 11%] [32mBuilding C object CMakeFiles/tamir_interface__rosidl_generator_c.dir/rosidl_generator_c/tamir_interface/srv/detail/waypoints__description.c.o[0m
[2.982s] [ 16%] [32mBuilding C object CMakeFiles/tamir_interface__rosidl_generator_c.dir/rosidl_generator_c/tamir_interface/msg/detail/behaviors__description.c.o[0m
[2.982s] [ 16%] [32mBuilding C object CMakeFiles/tamir_interface__rosidl_generator_c.dir/rosidl_generator_c/tamir_interface/srv/detail/waypoints__functions.c.o[0m
[2.982s] [ 16%] [32mBuilding C object CMakeFiles/tamir_interface__rosidl_generator_c.dir/rosidl_generator_c/tamir_interface/srv/detail/waypoints__type_support.c.o[0m
[2.982s] [ 18%] [32mBuilding C object CMakeFiles/tamir_interface__rosidl_generator_c.dir/rosidl_generator_c/tamir_interface/msg/detail/behavior_list__functions.c.o[0m
[2.982s] [ 20%] [32mBuilding C object CMakeFiles/tamir_interface__rosidl_generator_c.dir/rosidl_generator_c/tamir_interface/msg/detail/behaviors__functions.c.o[0m
[2.983s] [ 22%] [32mBuilding C object CMakeFiles/tamir_interface__rosidl_generator_c.dir/rosidl_generator_c/tamir_interface/msg/detail/behavior_list__description.c.o[0m
[3.032s] [ 24%] [32m[1mLinking C shared library libtamir_interface__rosidl_generator_c.so[0m
[3.065s] [ 24%] Built target tamir_interface__rosidl_generator_c
[3.080s] [ 25%] [34m[1mGenerating C++ type support dispatch for ROS interfaces[0m
[3.080s] [ 27%] [34m[1mGenerating C type support for eProsima Fast-RTPS[0m
[3.080s] [ 29%] [34m[1mGenerating C introspection for ROS interfaces[0m
[3.080s] [ 31%] [34m[1mGenerating C type support dispatch for ROS interfaces[0m
[3.080s] [ 33%] [34m[1mGenerating C++ type support for eProsima Fast-RTPS[0m
[3.080s] [ 35%] [34m[1mGenerating C++ introspection for ROS interfaces[0m
[3.260s] [ 37%] [32mBuilding CXX object CMakeFiles/tamir_interface__rosidl_typesupport_c.dir/rosidl_typesupport_c/tamir_interface/srv/waypoints__type_support.cpp.o[0m
[3.262s] [ 38%] [32mBuilding CXX object CMakeFiles/tamir_interface__rosidl_typesupport_c.dir/rosidl_typesupport_c/tamir_interface/msg/behaviors__type_support.cpp.o[0m
[3.262s] [ 42%] [32mBuilding CXX object CMakeFiles/tamir_interface__rosidl_typesupport_cpp.dir/rosidl_typesupport_cpp/tamir_interface/msg/behaviors__type_support.cpp.o[0m
[3.262s] [ 42%] [32mBuilding CXX object CMakeFiles/tamir_interface__rosidl_typesupport_c.dir/rosidl_typesupport_c/tamir_interface/msg/behavior_list__type_support.cpp.o[0m
[3.263s] [ 44%] [32mBuilding CXX object CMakeFiles/tamir_interface__rosidl_typesupport_cpp.dir/rosidl_typesupport_cpp/tamir_interface/msg/behavior_list__type_support.cpp.o[0m
[3.263s] [ 46%] [32mBuilding CXX object CMakeFiles/tamir_interface__rosidl_typesupport_cpp.dir/rosidl_typesupport_cpp/tamir_interface/srv/waypoints__type_support.cpp.o[0m
[3.285s] [ 48%] [32mBuilding CXX object CMakeFiles/tamir_interface__rosidl_typesupport_introspection_cpp.dir/rosidl_typesupport_introspection_cpp/tamir_interface/srv/detail/waypoints__type_support.cpp.o[0m
[3.287s] [ 51%] [32mBuilding CXX object CMakeFiles/tamir_interface__rosidl_typesupport_introspection_cpp.dir/rosidl_typesupport_introspection_cpp/tamir_interface/msg/detail/behaviors__type_support.cpp.o[0m
[3.287s] [ 50%] [32mBuilding CXX object CMakeFiles/tamir_interface__rosidl_typesupport_introspection_cpp.dir/rosidl_typesupport_introspection_cpp/tamir_interface/msg/detail/behavior_list__type_support.cpp.o[0m
[3.298s] [ 53%] [32m[1mLinking CXX shared library libtamir_interface__rosidl_typesupport_c.so[0m
[3.307s] [ 55%] [32mBuilding C object CMakeFiles/tamir_interface__rosidl_typesupport_introspection_c.dir/rosidl_typesupport_introspection_c/tamir_interface/msg/detail/behaviors__type_support.c.o[0m
[3.308s] [ 57%] [32mBuilding C object CMakeFiles/tamir_interface__rosidl_typesupport_introspection_c.dir/rosidl_typesupport_introspection_c/tamir_interface/srv/detail/waypoints__type_support.c.o[0m
[3.309s] [ 59%] [32mBuilding C object CMakeFiles/tamir_interface__rosidl_typesupport_introspection_c.dir/rosidl_typesupport_introspection_c/tamir_interface/msg/detail/behavior_list__type_support.c.o[0m
[3.335s] [ 59%] Built target tamir_interface__rosidl_typesupport_c
[3.340s] [ 64%] [32mBuilding CXX object CMakeFiles/tamir_interface__rosidl_typesupport_fastrtps_cpp.dir/rosidl_typesupport_fastrtps_cpp/tamir_interface/srv/detail/dds_fastrtps/waypoints__type_support.cpp.o[0m
[3.340s] [ 64%] [32mBuilding CXX object CMakeFiles/tamir_interface__rosidl_typesupport_fastrtps_cpp.dir/rosidl_typesupport_fastrtps_cpp/tamir_interface/msg/detail/dds_fastrtps/behaviors__type_support.cpp.o[0m
[3.340s] [ 64%] [32mBuilding CXX object CMakeFiles/tamir_interface__rosidl_typesupport_fastrtps_cpp.dir/rosidl_typesupport_fastrtps_cpp/tamir_interface/msg/detail/dds_fastrtps/behavior_list__type_support.cpp.o[0m
[3.345s] [ 66%] [32m[1mLinking C shared library libtamir_interface__rosidl_typesupport_introspection_c.so[0m
[3.350s] [ 68%] [32mBuilding CXX object CMakeFiles/tamir_interface__rosidl_typesupport_fastrtps_c.dir/rosidl_typesupport_fastrtps_c/tamir_interface/msg/detail/behavior_list__type_support_c.cpp.o[0m
[3.350s] [ 70%] [32mBuilding CXX object CMakeFiles/tamir_interface__rosidl_typesupport_fastrtps_c.dir/rosidl_typesupport_fastrtps_c/tamir_interface/msg/detail/behaviors__type_support_c.cpp.o[0m
[3.350s] [ 72%] [32mBuilding CXX object CMakeFiles/tamir_interface__rosidl_typesupport_fastrtps_c.dir/rosidl_typesupport_fastrtps_c/tamir_interface/srv/detail/waypoints__type_support_c.cpp.o[0m
[3.372s] [ 72%] Built target tamir_interface__rosidl_typesupport_introspection_c
[3.579s] [ 74%] [32m[1mLinking CXX shared library libtamir_interface__rosidl_typesupport_cpp.so[0m
[3.590s] [ 75%] [32m[1mLinking CXX shared library libtamir_interface__rosidl_typesupport_introspection_cpp.so[0m
[3.635s] [ 75%] Built target tamir_interface__rosidl_typesupport_cpp
[3.641s] [ 75%] Built target tamir_interface__rosidl_typesupport_introspection_cpp
[3.710s] [ 77%] [32m[1mLinking CXX shared library libtamir_interface__rosidl_typesupport_fastrtps_c.so[0m
[3.741s] [ 79%] [32m[1mLinking CXX shared library libtamir_interface__rosidl_typesupport_fastrtps_cpp.so[0m
[3.767s] [ 79%] Built target tamir_interface__rosidl_typesupport_fastrtps_c
[3.785s] [ 79%] Built target tamir_interface__rosidl_typesupport_fastrtps_cpp
[3.814s] [ 79%] Built target tamir_interface
[3.836s] [ 81%] [34m[1mGenerating Python code for ROS interfaces[0m
[4.137s] [ 81%] Built target tamir_interface__py
[4.156s] [ 83%] [32mBuilding C object CMakeFiles/tamir_interface__rosidl_generator_py.dir/rosidl_generator_py/tamir_interface/msg/_behaviors_s.c.o[0m
[4.156s] [ 85%] [32mBuilding C object CMakeFiles/tamir_interface__rosidl_generator_py.dir/rosidl_generator_py/tamir_interface/msg/_behavior_list_s.c.o[0m
[4.157s] [ 87%] [32mBuilding C object CMakeFiles/tamir_interface__rosidl_generator_py.dir/rosidl_generator_py/tamir_interface/srv/_waypoints_s.c.o[0m
[4.239s] [ 88%] [32m[1mLinking C shared library libtamir_interface__rosidl_generator_py.so[0m
[4.281s] [ 88%] Built target tamir_interface__rosidl_generator_py
[4.302s] [ 90%] [32mBuilding C object CMakeFiles/tamir_interface_s__rosidl_typesupport_introspection_c.dir/rosidl_generator_py/tamir_interface/_tamir_interface_s.ep.rosidl_typesupport_introspection_c.c.o[0m
[4.302s] [ 92%] [32mBuilding C object CMakeFiles/tamir_interface_s__rosidl_typesupport_fastrtps_c.dir/rosidl_generator_py/tamir_interface/_tamir_interface_s.ep.rosidl_typesupport_fastrtps_c.c.o[0m
[4.303s] [ 94%] [32mBuilding C object CMakeFiles/tamir_interface_s__rosidl_typesupport_c.dir/rosidl_generator_py/tamir_interface/_tamir_interface_s.ep.rosidl_typesupport_c.c.o[0m
[4.369s] [ 96%] [32m[1mLinking C shared module rosidl_generator_py/tamir_interface/tamir_interface_s__rosidl_typesupport_introspection_c.so[0m
[4.369s] [ 98%] [32m[1mLinking C shared module rosidl_generator_py/tamir_interface/tamir_interface_s__rosidl_typesupport_c.so[0m
[4.369s] [100%] [32m[1mLinking C shared module rosidl_generator_py/tamir_interface/tamir_interface_s__rosidl_typesupport_fastrtps_c.so[0m
[4.391s] [100%] Built target tamir_interface_s__rosidl_typesupport_introspection_c
[4.391s] [100%] Built target tamir_interface_s__rosidl_typesupport_c
[4.394s] [100%] Built target tamir_interface_s__rosidl_typesupport_fastrtps_c
[4.400s] Invoked command in '/home/asaace00/repo/winter/project/build/tamir_interface' returned '0': CMAKE_PREFIX_PATH=${CMAKE_PREFIX_PATH}:/home/asaace00/repo/winter/project/TAMIR/install/tamir:/home/asaace00/repo/winter/project/install/tamir:/opt/ros/jazzy VIRTUAL_ENV_PROMPT=(myenv) /usr/bin/cmake --build /home/asaace00/repo/winter/project/build/tamir_interface -- -j32 -l32
[4.405s] Invoking command in '/home/asaace00/repo/winter/project/build/tamir_interface': CMAKE_PREFIX_PATH=${CMAKE_PREFIX_PATH}:/home/asaace00/repo/winter/project/TAMIR/install/tamir:/home/asaace00/repo/winter/project/install/tamir:/opt/ros/jazzy VIRTUAL_ENV_PROMPT=(myenv) /usr/bin/cmake --install /home/asaace00/repo/winter/project/build/tamir_interface
[4.413s] -- Install configuration: ""
[4.413s] -- Installing: /home/asaace00/repo/winter/project/install/tamir_interface/share/ament_index/resource_index/rosidl_interfaces/tamir_interface
[4.413s] -- Installing: /home/asaace00/repo/winter/project/install/tamir_interface/share/tamir_interface/srv/Waypoints.json
[4.413s] -- Installing: /home/asaace00/repo/winter/project/install/tamir_interface/share/tamir_interface/msg/Behaviors.json
[4.413s] -- Installing: /home/asaace00/repo/winter/project/install/tamir_interface/share/tamir_interface/msg/BehaviorList.json
[4.413s] -- Installing: /home/asaace00/repo/winter/project/install/tamir_interface/include/tamir_interface/tamir_interface
[4.413s] -- Installing: /home/asaace00/repo/winter/project/install/tamir_interface/include/tamir_interface/tamir_interface/srv
[4.413s] -- Installing: /home/asaace00/repo/winter/project/install/tamir_interface/include/tamir_interface/tamir_interface/srv/waypoints.h
[4.413s] -- Installing: /home/asaace00/repo/winter/project/install/tamir_interface/include/tamir_interface/tamir_interface/srv/detail
[4.413s] -- Installing: /home/asaace00/repo/winter/project/install/tamir_interface/include/tamir_interface/tamir_interface/srv/detail/waypoints__type_support.c
[4.413s] -- Installing: /home/asaace00/repo/winter/project/install/tamir_interface/include/tamir_interface/tamir_interface/srv/detail/waypoints__description.c
[4.413s] -- Installing: /home/asaace00/repo/winter/project/install/tamir_interface/include/tamir_interface/tamir_interface/srv/detail/waypoints__type_support.h
[4.413s] -- Installing: /home/asaace00/repo/winter/project/install/tamir_interface/include/tamir_interface/tamir_interface/srv/detail/waypoints__struct.h
[4.414s] -- Installing: /home/asaace00/repo/winter/project/install/tamir_interface/include/tamir_interface/tamir_interface/srv/detail/waypoints__functions.h
[4.414s] -- Installing: /home/asaace00/repo/winter/project/install/tamir_interface/include/tamir_interface/tamir_interface/srv/detail/waypoints__functions.c
[4.414s] -- Installing: /home/asaace00/repo/winter/project/install/tamir_interface/include/tamir_interface/tamir_interface/msg
[4.414s] -- Installing: /home/asaace00/repo/winter/project/install/tamir_interface/include/tamir_interface/tamir_interface/msg/behavior_list.h
[4.414s] -- Installing: /home/asaace00/repo/winter/project/install/tamir_interface/include/tamir_interface/tamir_interface/msg/behaviors.h
[4.414s] -- Installing: /home/asaace00/repo/winter/project/install/tamir_interface/include/tamir_interface/tamir_interface/msg/rosidl_generator_c__visibility_control.h
[4.414s] -- Installing: /home/asaace00/repo/winter/project/install/tamir_interface/include/tamir_interface/tamir_interface/msg/detail
[4.414s] -- Installing: /home/asaace00/repo/winter/project/install/tamir_interface/include/tamir_interface/tamir_interface/msg/detail/behavior_list__description.c
[4.414s] -- Installing: /home/asaace00/repo/winter/project/install/tamir_interface/include/tamir_interface/tamir_interface/msg/detail/behavior_list__type_support.h
[4.414s] -- Installing: /home/asaace00/repo/winter/project/install/tamir_interface/include/tamir_interface/tamir_interface/msg/detail/behaviors__functions.h
[4.414s] -- Installing: /home/asaace00/repo/winter/project/install/tamir_interface/include/tamir_interface/tamir_interface/msg/detail/behaviors__type_support.h
[4.414s] -- Installing: /home/asaace00/repo/winter/project/install/tamir_interface/include/tamir_interface/tamir_interface/msg/detail/behaviors__description.c
[4.414s] -- Installing: /home/asaace00/repo/winter/project/install/tamir_interface/include/tamir_interface/tamir_interface/msg/detail/behaviors__functions.c
[4.414s] -- Installing: /home/asaace00/repo/winter/project/install/tamir_interface/include/tamir_interface/tamir_interface/msg/detail/behavior_list__functions.h
[4.414s] -- Installing: /home/asaace00/repo/winter/project/install/tamir_interface/include/tamir_interface/tamir_interface/msg/detail/behaviors__type_support.c
[4.414s] -- Installing: /home/asaace00/repo/winter/project/install/tamir_interface/include/tamir_interface/tamir_interface/msg/detail/behaviors__struct.h
[4.414s] -- Installing: /home/asaace00/repo/winter/project/install/tamir_interface/include/tamir_interface/tamir_interface/msg/detail/behavior_list__type_support.c
[4.414s] -- Installing: /home/asaace00/repo/winter/project/install/tamir_interface/include/tamir_interface/tamir_interface/msg/detail/behavior_list__struct.h
[4.414s] -- Installing: /home/asaace00/repo/winter/project/install/tamir_interface/include/tamir_interface/tamir_interface/msg/detail/behavior_list__functions.c
[4.414s] -- Installing: /home/asaace00/repo/winter/project/install/tamir_interface/share/tamir_interface/environment/library_path.sh
[4.415s] -- Installing: /home/asaace00/repo/winter/project/install/tamir_interface/share/tamir_interface/environment/library_path.dsv
[4.415s] -- Installing: /home/asaace00/repo/winter/project/install/tamir_interface/lib/libtamir_interface__rosidl_generator_c.so
[4.415s] -- Set non-toolchain portion of runtime path of "/home/asaace00/repo/winter/project/install/tamir_interface/lib/libtamir_interface__rosidl_generator_c.so" to ""
[4.415s] -- Up-to-date: /home/asaace00/repo/winter/project/install/tamir_interface/include/tamir_interface/tamir_interface
[4.415s] -- Up-to-date: /home/asaace00/repo/winter/project/install/tamir_interface/include/tamir_interface/tamir_interface/srv
[4.415s] -- Up-to-date: /home/asaace00/repo/winter/project/install/tamir_interface/include/tamir_interface/tamir_interface/srv/detail
[4.415s] -- Installing: /home/asaace00/repo/winter/project/install/tamir_interface/include/tamir_interface/tamir_interface/srv/detail/waypoints__rosidl_typesupport_fastrtps_c.h
[4.415s] -- Up-to-date: /home/asaace00/repo/winter/project/install/tamir_interface/include/tamir_interface/tamir_interface/msg
[4.415s] -- Installing: /home/asaace00/repo/winter/project/install/tamir_interface/include/tamir_interface/tamir_interface/msg/rosidl_typesupport_fastrtps_c__visibility_control.h
[4.415s] -- Up-to-date: /home/asaace00/repo/winter/project/install/tamir_interface/include/tamir_interface/tamir_interface/msg/detail
[4.415s] -- Installing: /home/asaace00/repo/winter/project/install/tamir_interface/include/tamir_interface/tamir_interface/msg/detail/behaviors__rosidl_typesupport_fastrtps_c.h
[4.415s] -- Installing: /home/asaace00/repo/winter/project/install/tamir_interface/include/tamir_interface/tamir_interface/msg/detail/behavior_list__rosidl_typesupport_fastrtps_c.h
[4.415s] -- Installing: /home/asaace00/repo/winter/project/install/tamir_interface/lib/libtamir_interface__rosidl_typesupport_fastrtps_c.so
[4.415s] -- Set non-toolchain portion of runtime path of "/home/asaace00/repo/winter/project/install/tamir_interface/lib/libtamir_interface__rosidl_typesupport_fastrtps_c.so" to ""
[4.415s] -- Up-to-date: /home/asaace00/repo/winter/project/install/tamir_interface/include/tamir_interface/tamir_interface
[4.415s] -- Up-to-date: /home/asaace00/repo/winter/project/install/tamir_interface/include/tamir_interface/tamir_interface/srv
[4.415s] -- Up-to-date: /home/asaace00/repo/winter/project/install/tamir_interface/include/tamir_interface/tamir_interface/srv/detail
[4.415s] -- Up-to-date: /home/asaace00/repo/winter/project/install/tamir_interface/include/tamir_interface/tamir_interface/srv/detail/waypoints__type_support.c
[4.416s] -- Installing: /home/asaace00/repo/winter/project/install/tamir_interface/include/tamir_interface/tamir_interface/srv/detail/waypoints__rosidl_typesupport_introspection_c.h
[4.416s] -- Up-to-date: /home/asaace00/repo/winter/project/install/tamir_interface/include/tamir_interface/tamir_interface/msg
[4.416s] -- Installing: /home/asaace00/repo/winter/project/install/tamir_interface/include/tamir_interface/tamir_interface/msg/rosidl_typesupport_introspection_c__visibility_control.h
[4.416s] -- Up-to-date: /home/asaace00/repo/winter/project/install/tamir_interface/include/tamir_interface/tamir_interface/msg/detail
[4.416s] -- Installing: /home/asaace00/repo/winter/project/install/tamir_interface/include/tamir_interface/tamir_interface/msg/detail/behaviors__rosidl_typesupport_introspection_c.h
[4.416s] -- Installing: /home/asaace00/repo/winter/project/install/tamir_interface/include/tamir_interface/tamir_interface/msg/detail/behavior_list__rosidl_typesupport_introspection_c.h
[4.416s] -- Up-to-date: /home/asaace00/repo/winter/project/install/tamir_interface/include/tamir_interface/tamir_interface/msg/detail/behaviors__type_support.c
[4.416s] -- Up-to-date: /home/asaace00/repo/winter/project/install/tamir_interface/include/tamir_interface/tamir_interface/msg/detail/behavior_list__type_support.c
[4.416s] -- Installing: /home/asaace00/repo/winter/project/install/tamir_interface/lib/libtamir_interface__rosidl_typesupport_introspection_c.so
[4.416s] -- Set non-toolchain portion of runtime path of "/home/asaace00/repo/winter/project/install/tamir_interface/lib/libtamir_interface__rosidl_typesupport_introspection_c.so" to ""
[4.416s] -- Installing: /home/asaace00/repo/winter/project/install/tamir_interface/lib/libtamir_interface__rosidl_typesupport_c.so
[4.416s] -- Set non-toolchain portion of runtime path of "/home/asaace00/repo/winter/project/install/tamir_interface/lib/libtamir_interface__rosidl_typesupport_c.so" to ""
[4.416s] -- Up-to-date: /home/asaace00/repo/winter/project/install/tamir_interface/include/tamir_interface/tamir_interface
[4.416s] -- Up-to-date: /home/asaace00/repo/winter/project/install/tamir_interface/include/tamir_interface/tamir_interface/srv
[4.416s] -- Installing: /home/asaace00/repo/winter/project/install/tamir_interface/include/tamir_interface/tamir_interface/srv/waypoints.hpp
[4.416s] -- Up-to-date: /home/asaace00/repo/winter/project/install/tamir_interface/include/tamir_interface/tamir_interface/srv/detail
[4.416s] -- Installing: /home/asaace00/repo/winter/project/install/tamir_interface/include/tamir_interface/tamir_interface/srv/detail/waypoints__builder.hpp
[4.416s] -- Installing: /home/asaace00/repo/winter/project/install/tamir_interface/include/tamir_interface/tamir_interface/srv/detail/waypoints__struct.hpp
[4.417s] -- Installing: /home/asaace00/repo/winter/project/install/tamir_interface/include/tamir_interface/tamir_interface/srv/detail/waypoints__traits.hpp
[4.417s] -- Installing: /home/asaace00/repo/winter/project/install/tamir_interface/include/tamir_interface/tamir_interface/srv/detail/waypoints__type_support.hpp
[4.417s] -- Up-to-date: /home/asaace00/repo/winter/project/install/tamir_interface/include/tamir_interface/tamir_interface/msg
[4.417s] -- Installing: /home/asaace00/repo/winter/project/install/tamir_interface/include/tamir_interface/tamir_interface/msg/behavior_list.hpp
[4.417s] -- Installing: /home/asaace00/repo/winter/project/install/tamir_interface/include/tamir_interface/tamir_interface/msg/rosidl_generator_cpp__visibility_control.hpp
[4.417s] -- Installing: /home/asaace00/repo/winter/project/install/tamir_interface/include/tamir_interface/tamir_interface/msg/behaviors.hpp
[4.417s] -- Up-to-date: /home/asaace00/repo/winter/project/install/tamir_interface/include/tamir_interface/tamir_interface/msg/detail
[4.417s] -- Installing: /home/asaace00/repo/winter/project/install/tamir_interface/include/tamir_interface/tamir_interface/msg/detail/behavior_list__type_support.hpp
[4.417s] -- Installing: /home/asaace00/repo/winter/project/install/tamir_interface/include/tamir_interface/tamir_interface/msg/detail/behaviors__struct.hpp
[4.417s] -- Installing: /home/asaace00/repo/winter/project/install/tamir_interface/include/tamir_interface/tamir_interface/msg/detail/behaviors__traits.hpp
[4.417s] -- Installing: /home/asaace00/repo/winter/project/install/tamir_interface/include/tamir_interface/tamir_interface/msg/detail/behavior_list__traits.hpp
[4.417s] -- Installing: /home/asaace00/repo/winter/project/install/tamir_interface/include/tamir_interface/tamir_interface/msg/detail/behavior_list__struct.hpp
[4.417s] -- Installing: /home/asaace00/repo/winter/project/install/tamir_interface/include/tamir_interface/tamir_interface/msg/detail/behaviors__type_support.hpp
[4.417s] -- Installing: /home/asaace00/repo/winter/project/install/tamir_interface/include/tamir_interface/tamir_interface/msg/detail/behaviors__builder.hpp
[4.417s] -- Installing: /home/asaace00/repo/winter/project/install/tamir_interface/include/tamir_interface/tamir_interface/msg/detail/behavior_list__builder.hpp
[4.417s] -- Up-to-date: /home/asaace00/repo/winter/project/install/tamir_interface/include/tamir_interface/tamir_interface
[4.417s] -- Up-to-date: /home/asaace00/repo/winter/project/install/tamir_interface/include/tamir_interface/tamir_interface/srv
[4.417s] -- Up-to-date: /home/asaace00/repo/winter/project/install/tamir_interface/include/tamir_interface/tamir_interface/srv/detail
[4.418s] -- Installing: /home/asaace00/repo/winter/project/install/tamir_interface/include/tamir_interface/tamir_interface/srv/detail/dds_fastrtps
[4.418s] -- Installing: /home/asaace00/repo/winter/project/install/tamir_interface/include/tamir_interface/tamir_interface/srv/detail/waypoints__rosidl_typesupport_fastrtps_cpp.hpp
[4.418s] -- Up-to-date: /home/asaace00/repo/winter/project/install/tamir_interface/include/tamir_interface/tamir_interface/msg
[4.418s] -- Installing: /home/asaace00/repo/winter/project/install/tamir_interface/include/tamir_interface/tamir_interface/msg/rosidl_typesupport_fastrtps_cpp__visibility_control.h
[4.418s] -- Up-to-date: /home/asaace00/repo/winter/project/install/tamir_interface/include/tamir_interface/tamir_interface/msg/detail
[4.418s] -- Installing: /home/asaace00/repo/winter/project/install/tamir_interface/include/tamir_interface/tamir_interface/msg/detail/behaviors__rosidl_typesupport_fastrtps_cpp.hpp
[4.418s] -- Installing: /home/asaace00/repo/winter/project/install/tamir_interface/include/tamir_interface/tamir_interface/msg/detail/behavior_list__rosidl_typesupport_fastrtps_cpp.hpp
[4.418s] -- Installing: /home/asaace00/repo/winter/project/install/tamir_interface/include/tamir_interface/tamir_interface/msg/detail/dds_fastrtps
[4.418s] -- Installing: /home/asaace00/repo/winter/project/install/tamir_interface/lib/libtamir_interface__rosidl_typesupport_fastrtps_cpp.so
[4.418s] -- Set non-toolchain portion of runtime path of "/home/asaace00/repo/winter/project/install/tamir_interface/lib/libtamir_interface__rosidl_typesupport_fastrtps_cpp.so" to ""
[4.418s] -- Up-to-date: /home/asaace00/repo/winter/project/install/tamir_interface/include/tamir_interface/tamir_interface
[4.418s] -- Up-to-date: /home/asaace00/repo/winter/project/install/tamir_interface/include/tamir_interface/tamir_interface/srv
[4.418s] -- Up-to-date: /home/asaace00/repo/winter/project/install/tamir_interface/include/tamir_interface/tamir_interface/srv/detail
[4.418s] -- Installing: /home/asaace00/repo/winter/project/install/tamir_interface/include/tamir_interface/tamir_interface/srv/detail/waypoints__type_support.cpp
[4.418s] -- Installing: /home/asaace00/repo/winter/project/install/tamir_interface/include/tamir_interface/tamir_interface/srv/detail/waypoints__rosidl_typesupport_introspection_cpp.hpp
[4.418s] -- Up-to-date: /home/asaace00/repo/winter/project/install/tamir_interface/include/tamir_interface/tamir_interface/msg
[4.418s] -- Up-to-date: /home/asaace00/repo/winter/project/install/tamir_interface/include/tamir_interface/tamir_interface/msg/detail
[4.418s] -- Installing: /home/asaace00/repo/winter/project/install/tamir_interface/include/tamir_interface/tamir_interface/msg/detail/behaviors__type_support.cpp
[4.419s] -- Installing: /home/asaace00/repo/winter/project/install/tamir_interface/include/tamir_interface/tamir_interface/msg/detail/behavior_list__type_support.cpp
[4.419s] -- Installing: /home/asaace00/repo/winter/project/install/tamir_interface/include/tamir_interface/tamir_interface/msg/detail/behavior_list__rosidl_typesupport_introspection_cpp.hpp
[4.419s] -- Installing: /home/asaace00/repo/winter/project/install/tamir_interface/include/tamir_interface/tamir_interface/msg/detail/behaviors__rosidl_typesupport_introspection_cpp.hpp
[4.419s] -- Installing: /home/asaace00/repo/winter/project/install/tamir_interface/lib/libtamir_interface__rosidl_typesupport_introspection_cpp.so
[4.419s] -- Set non-toolchain portion of runtime path of "/home/asaace00/repo/winter/project/install/tamir_interface/lib/libtamir_interface__rosidl_typesupport_introspection_cpp.so" to ""
[4.419s] -- Installing: /home/asaace00/repo/winter/project/install/tamir_interface/lib/libtamir_interface__rosidl_typesupport_cpp.so
[4.419s] -- Set non-toolchain portion of runtime path of "/home/asaace00/repo/winter/project/install/tamir_interface/lib/libtamir_interface__rosidl_typesupport_cpp.so" to ""
[4.419s] -- Installing: /home/asaace00/repo/winter/project/install/tamir_interface/share/tamir_interface/environment/pythonpath.sh
[4.419s] -- Installing: /home/asaace00/repo/winter/project/install/tamir_interface/share/tamir_interface/environment/pythonpath.dsv
[4.419s] -- Installing: /home/asaace00/repo/winter/project/install/tamir_interface/lib/python3.12/site-packages/tamir_interface-0.0.0-py3.12.egg-info
[4.419s] -- Installing: /home/asaace00/repo/winter/project/install/tamir_interface/lib/python3.12/site-packages/tamir_interface-0.0.0-py3.12.egg-info/dependency_links.txt
[4.419s] -- Installing: /home/asaace00/repo/winter/project/install/tamir_interface/lib/python3.12/site-packages/tamir_interface-0.0.0-py3.12.egg-info/top_level.txt
[4.420s] -- Installing: /home/asaace00/repo/winter/project/install/tamir_interface/lib/python3.12/site-packages/tamir_interface-0.0.0-py3.12.egg-info/SOURCES.txt
[4.420s] -- Installing: /home/asaace00/repo/winter/project/install/tamir_interface/lib/python3.12/site-packages/tamir_interface-0.0.0-py3.12.egg-info/PKG-INFO
[4.420s] -- Installing: /home/asaace00/repo/winter/project/install/tamir_interface/lib/python3.12/site-packages/tamir_interface
[4.420s] -- Installing: /home/asaace00/repo/winter/project/install/tamir_interface/lib/python3.12/site-packages/tamir_interface/srv
[4.420s] -- Installing: /home/asaace00/repo/winter/project/install/tamir_interface/lib/python3.12/site-packages/tamir_interface/srv/_waypoints_s.c
[4.420s] -- Installing: /home/asaace00/repo/winter/project/install/tamir_interface/lib/python3.12/site-packages/tamir_interface/srv/__init__.py
[4.420s] -- Installing: /home/asaace00/repo/winter/project/install/tamir_interface/lib/python3.12/site-packages/tamir_interface/srv/_waypoints.py
[4.420s] -- Installing: /home/asaace00/repo/winter/project/install/tamir_interface/lib/python3.12/site-packages/tamir_interface/_tamir_interface_s.ep.rosidl_typesupport_introspection_c.c
[4.420s] -- Installing: /home/asaace00/repo/winter/project/install/tamir_interface/lib/python3.12/site-packages/tamir_interface/msg
[4.420s] -- Installing: /home/asaace00/repo/winter/project/install/tamir_interface/lib/python3.12/site-packages/tamir_interface/msg/_behaviors.py
[4.420s] -- Installing: /home/asaace00/repo/winter/project/install/tamir_interface/lib/python3.12/site-packages/tamir_interface/msg/_behavior_list.py
[4.420s] -- Installing: /home/asaace00/repo/winter/project/install/tamir_interface/lib/python3.12/site-packages/tamir_interface/msg/_behavior_list_s.c
[4.420s] -- Installing: /home/asaace00/repo/winter/project/install/tamir_interface/lib/python3.12/site-packages/tamir_interface/msg/__init__.py
[4.420s] -- Installing: /home/asaace00/repo/winter/project/install/tamir_interface/lib/python3.12/site-packages/tamir_interface/msg/_behaviors_s.c
[4.420s] -- Installing: /home/asaace00/repo/winter/project/install/tamir_interface/lib/python3.12/site-packages/tamir_interface/_tamir_interface_s.ep.rosidl_typesupport_c.c
[4.420s] -- Installing: /home/asaace00/repo/winter/project/install/tamir_interface/lib/python3.12/site-packages/tamir_interface/tamir_interface_s__rosidl_typesupport_fastrtps_c.so
[4.420s] -- Installing: /home/asaace00/repo/winter/project/install/tamir_interface/lib/python3.12/site-packages/tamir_interface/_tamir_interface_s.ep.rosidl_typesupport_fastrtps_c.c
[4.420s] -- Installing: /home/asaace00/repo/winter/project/install/tamir_interface/lib/python3.12/site-packages/tamir_interface/tamir_interface_s__rosidl_typesupport_c.so
[4.420s] -- Installing: /home/asaace00/repo/winter/project/install/tamir_interface/lib/python3.12/site-packages/tamir_interface/__init__.py
[4.420s] -- Installing: /home/asaace00/repo/winter/project/install/tamir_interface/lib/python3.12/site-packages/tamir_interface/tamir_interface_s__rosidl_typesupport_introspection_c.so
[4.443s] Listing '/home/asaace00/repo/winter/project/install/tamir_interface/lib/python3.12/site-packages/tamir_interface'...
[4.443s] Compiling '/home/asaace00/repo/winter/project/install/tamir_interface/lib/python3.12/site-packages/tamir_interface/__init__.py'...
[4.443s] Listing '/home/asaace00/repo/winter/project/install/tamir_interface/lib/python3.12/site-packages/tamir_interface/msg'...
[4.443s] Compiling '/home/asaace00/repo/winter/project/install/tamir_interface/lib/python3.12/site-packages/tamir_interface/msg/__init__.py'...
[4.443s] Compiling '/home/asaace00/repo/winter/project/install/tamir_interface/lib/python3.12/site-packages/tamir_interface/msg/_behavior_list.py'...
[4.443s] Compiling '/home/asaace00/repo/winter/project/install/tamir_interface/lib/python3.12/site-packages/tamir_interface/msg/_behaviors.py'...
[4.443s] Listing '/home/asaace00/repo/winter/project/install/tamir_interface/lib/python3.12/site-packages/tamir_interface/srv'...
[4.443s] Compiling '/home/asaace00/repo/winter/project/install/tamir_interface/lib/python3.12/site-packages/tamir_interface/srv/__init__.py'...
[4.443s] Compiling '/home/asaace00/repo/winter/project/install/tamir_interface/lib/python3.12/site-packages/tamir_interface/srv/_waypoints.py'...
[4.446s] -- Installing: /home/asaace00/repo/winter/project/install/tamir_interface/lib/python3.12/site-packages/tamir_interface/tamir_interface_s__rosidl_typesupport_fastrtps_c.so
[4.446s] -- Set non-toolchain portion of runtime path of "/home/asaace00/repo/winter/project/install/tamir_interface/lib/python3.12/site-packages/tamir_interface/tamir_interface_s__rosidl_typesupport_fastrtps_c.so" to ""
[4.446s] -- Installing: /home/asaace00/repo/winter/project/install/tamir_interface/lib/python3.12/site-packages/tamir_interface/tamir_interface_s__rosidl_typesupport_introspection_c.so
[4.446s] -- Set non-toolchain portion of runtime path of "/home/asaace00/repo/winter/project/install/tamir_interface/lib/python3.12/site-packages/tamir_interface/tamir_interface_s__rosidl_typesupport_introspection_c.so" to ""
[4.447s] -- Installing: /home/asaace00/repo/winter/project/install/tamir_interface/lib/python3.12/site-packages/tamir_interface/tamir_interface_s__rosidl_typesupport_c.so
[4.447s] -- Set non-toolchain portion of runtime path of "/home/asaace00/repo/winter/project/install/tamir_interface/lib/python3.12/site-packages/tamir_interface/tamir_interface_s__rosidl_typesupport_c.so" to ""
[4.447s] -- Installing: /home/asaace00/repo/winter/project/install/tamir_interface/lib/libtamir_interface__rosidl_generator_py.so
[4.447s] -- Set non-toolchain portion of runtime path of "/home/asaace00/repo/winter/project/install/tamir_interface/lib/libtamir_interface__rosidl_generator_py.so" to ""
[4.447s] -- Installing: /home/asaace00/repo/winter/project/install/tamir_interface/share/tamir_interface/srv/Waypoints.idl
[4.447s] -- Installing: /home/asaace00/repo/winter/project/install/tamir_interface/share/tamir_interface/msg/Behaviors.idl
[4.447s] -- Installing: /home/asaace00/repo/winter/project/install/tamir_interface/share/tamir_interface/msg/BehaviorList.idl
[4.447s] -- Installing: /home/asaace00/repo/winter/project/install/tamir_interface/share/tamir_interface/srv/Waypoints.srv
[4.447s] -- Installing: /home/asaace00/repo/winter/project/install/tamir_interface/share/tamir_interface/msg/Behaviors.msg
[4.447s] -- Installing: /home/asaace00/repo/winter/project/install/tamir_interface/share/tamir_interface/msg/BehaviorList.msg
[4.447s] -- Up-to-date: /home/asaace00/repo/winter/project/install/tamir_interface/share/tamir_interface/msg
[4.447s] -- Up-to-date: /home/asaace00/repo/winter/project/install/tamir_interface/share/tamir_interface/msg/BehaviorList.msg
[4.447s] -- Up-to-date: /home/asaace00/repo/winter/project/install/tamir_interface/share/tamir_interface/msg/Behaviors.msg
[4.447s] -- Up-to-date: /home/asaace00/repo/winter/project/install/tamir_interface/share/tamir_interface/srv
[4.447s] -- Up-to-date: /home/asaace00/repo/winter/project/install/tamir_interface/share/tamir_interface/srv/Waypoints.srv
[4.447s] -- Installing: /home/asaace00/repo/winter/project/install/tamir_interface/share/ament_index/resource_index/package_run_dependencies/tamir_interface
[4.447s] -- Installing: /home/asaace00/repo/winter/project/install/tamir_interface/share/ament_index/resource_index/parent_prefix_path/tamir_interface
[4.447s] -- Installing: /home/asaace00/repo/winter/project/install/tamir_interface/share/tamir_interface/environment/ament_prefix_path.sh
[4.447s] -- Installing: /home/asaace00/repo/winter/project/install/tamir_interface/share/tamir_interface/environment/ament_prefix_path.dsv
[4.447s] -- Installing: /home/asaace00/repo/winter/project/install/tamir_interface/share/tamir_interface/environment/path.sh
[4.447s] -- Installing: /home/asaace00/repo/winter/project/install/tamir_interface/share/tamir_interface/environment/path.dsv
[4.447s] -- Installing: /home/asaace00/repo/winter/project/install/tamir_interface/share/tamir_interface/local_setup.bash
[4.447s] -- Installing: /home/asaace00/repo/winter/project/install/tamir_interface/share/tamir_interface/local_setup.sh
[4.447s] -- Installing: /home/asaace00/repo/winter/project/install/tamir_interface/share/tamir_interface/local_setup.zsh
[4.447s] -- Installing: /home/asaace00/repo/winter/project/install/tamir_interface/share/tamir_interface/local_setup.dsv
[4.447s] -- Installing: /home/asaace00/repo/winter/project/install/tamir_interface/share/tamir_interface/package.dsv
[4.447s] -- Installing: /home/asaace00/repo/winter/project/install/tamir_interface/share/ament_index/resource_index/packages/tamir_interface
[4.448s] -- Installing: /home/asaace00/repo/winter/project/install/tamir_interface/share/tamir_interface/cmake/export_tamir_interface__rosidl_generator_cExport.cmake
[4.448s] -- Installing: /home/asaace00/repo/winter/project/install/tamir_interface/share/tamir_interface/cmake/export_tamir_interface__rosidl_generator_cExport-noconfig.cmake
[4.448s] -- Installing: /home/asaace00/repo/winter/project/install/tamir_interface/share/tamir_interface/cmake/export_tamir_interface__rosidl_typesupport_fastrtps_cExport.cmake
[4.448s] -- Installing: /home/asaace00/repo/winter/project/install/tamir_interface/share/tamir_interface/cmake/export_tamir_interface__rosidl_typesupport_fastrtps_cExport-noconfig.cmake
[4.448s] -- Installing: /home/asaace00/repo/winter/project/install/tamir_interface/share/tamir_interface/cmake/tamir_interface__rosidl_typesupport_introspection_cExport.cmake
[4.448s] -- Installing: /home/asaace00/repo/winter/project/install/tamir_interface/share/tamir_interface/cmake/tamir_interface__rosidl_typesupport_introspection_cExport-noconfig.cmake
[4.448s] -- Installing: /home/asaace00/repo/winter/project/install/tamir_interface/share/tamir_interface/cmake/tamir_interface__rosidl_typesupport_cExport.cmake
[4.448s] -- Installing: /home/asaace00/repo/winter/project/install/tamir_interface/share/tamir_interface/cmake/tamir_interface__rosidl_typesupport_cExport-noconfig.cmake
[4.448s] -- Installing: /home/asaace00/repo/winter/project/install/tamir_interface/share/tamir_interface/cmake/export_tamir_interface__rosidl_generator_cppExport.cmake
[4.448s] -- Installing: /home/asaace00/repo/winter/project/install/tamir_interface/share/tamir_interface/cmake/export_tamir_interface__rosidl_typesupport_fastrtps_cppExport.cmake
[4.448s] -- Installing: /home/asaace00/repo/winter/project/install/tamir_interface/share/tamir_interface/cmake/export_tamir_interface__rosidl_typesupport_fastrtps_cppExport-noconfig.cmake
[4.448s] -- Installing: /home/asaace00/repo/winter/project/install/tamir_interface/share/tamir_interface/cmake/tamir_interface__rosidl_typesupport_introspection_cppExport.cmake
[4.448s] -- Installing: /home/asaace00/repo/winter/project/install/tamir_interface/share/tamir_interface/cmake/tamir_interface__rosidl_typesupport_introspection_cppExport-noconfig.cmake
[4.448s] -- Installing: /home/asaace00/repo/winter/project/install/tamir_interface/share/tamir_interface/cmake/tamir_interface__rosidl_typesupport_cppExport.cmake
[4.448s] -- Installing: /home/asaace00/repo/winter/project/install/tamir_interface/share/tamir_interface/cmake/tamir_interface__rosidl_typesupport_cppExport-noconfig.cmake
[4.448s] -- Installing: /home/asaace00/repo/winter/project/install/tamir_interface/share/tamir_interface/cmake/export_tamir_interface__rosidl_generator_pyExport.cmake
[4.448s] -- Installing: /home/asaace00/repo/winter/project/install/tamir_interface/share/tamir_interface/cmake/export_tamir_interface__rosidl_generator_pyExport-noconfig.cmake
[4.448s] -- Installing: /home/asaace00/repo/winter/project/install/tamir_interface/share/tamir_interface/cmake/rosidl_cmake-extras.cmake
[4.448s] -- Installing: /home/asaace00/repo/winter/project/install/tamir_interface/share/tamir_interface/cmake/ament_cmake_export_dependencies-extras.cmake
[4.448s] -- Installing: /home/asaace00/repo/winter/project/install/tamir_interface/share/tamir_interface/cmake/ament_cmake_export_include_directories-extras.cmake
[4.448s] -- Installing: /home/asaace00/repo/winter/project/install/tamir_interface/share/tamir_interface/cmake/ament_cmake_export_libraries-extras.cmake
[4.448s] -- Installing: /home/asaace00/repo/winter/project/install/tamir_interface/share/tamir_interface/cmake/ament_cmake_export_targets-extras.cmake
[4.448s] -- Installing: /home/asaace00/repo/winter/project/install/tamir_interface/share/tamir_interface/cmake/rosidl_cmake_export_typesupport_targets-extras.cmake
[4.448s] -- Installing: /home/asaace00/repo/winter/project/install/tamir_interface/share/tamir_interface/cmake/rosidl_cmake_export_typesupport_libraries-extras.cmake
[4.448s] -- Installing: /home/asaace00/repo/winter/project/install/tamir_interface/share/tamir_interface/cmake/tamir_interfaceConfig.cmake
[4.448s] -- Installing: /home/asaace00/repo/winter/project/install/tamir_interface/share/tamir_interface/cmake/tamir_interfaceConfig-version.cmake
[4.448s] -- Installing: /home/asaace00/repo/winter/project/install/tamir_interface/share/tamir_interface/package.xml
[4.450s] Invoked command in '/home/asaace00/repo/winter/project/build/tamir_interface' returned '0': CMAKE_PREFIX_PATH=${CMAKE_PREFIX_PATH}:/home/asaace00/repo/winter/project/TAMIR/install/tamir:/home/asaace00/repo/winter/project/install/tamir:/opt/ros/jazzy VIRTUAL_ENV_PROMPT=(myenv) /usr/bin/cmake --install /home/asaace00/repo/winter/project/build/tamir_interface
