[0.450s] Invoking command in '/home/asaace00/repo/winter/project/TAMIR/tamir': PS1=\[\e]0;\u@\h: \w\a\]${debian_chroot:+($debian_chroot)}\[\033[01;32m\]\u@\h\[\033[00m\]:\[\033[01;34m\]\w\[\033[00m\]$(__git_ps1 "(%s)")\$ PYTHONPATH=/home/asaace00/repo/winter/project/build/tamir/prefix_override:/usr/lib/python3/dist-packages/colcon_core/task/python/colcon_distutils_commands:/home/asaace00/repo/winter/project/install/tamir/lib/python3.12/site-packages:${PYTHONPATH} VIRTUAL_ENV_PROMPT=(myenv) /usr/bin/python3 -W ignore:setup.py install is deprecated -W ignore:easy_install command is deprecated setup.py egg_info --egg-base ../../build/tamir build --build-base /home/asaace00/repo/winter/project/build/tamir/build install --record /home/asaace00/repo/winter/project/build/tamir/install.log --single-version-externally-managed install_data
[0.538s] /home/asaace00/repo/winter/project/TAMIR/tamir/myenv/lib/python3.12/site-packages/setuptools/_distutils/dist.py:270: UserWarning: Unknown distribution option: 'tests_require'
[0.538s]   warnings.warn(msg)
[0.635s] running egg_info
[0.649s] creating ../../build/tamir/tamir.egg-info
[0.649s] writing ../../build/tamir/tamir.egg-info/PKG-INFO
[0.650s] writing dependency_links to ../../build/tamir/tamir.egg-info/dependency_links.txt
[0.650s] writing entry points to ../../build/tamir/tamir.egg-info/entry_points.txt
[0.650s] writing requirements to ../../build/tamir/tamir.egg-info/requires.txt
[0.650s] writing top-level names to ../../build/tamir/tamir.egg-info/top_level.txt
[0.650s] writing manifest file '../../build/tamir/tamir.egg-info/SOURCES.txt'
[0.679s] reading manifest file '../../build/tamir/tamir.egg-info/SOURCES.txt'
[0.679s] writing manifest file '../../build/tamir/tamir.egg-info/SOURCES.txt'
[0.679s] running build
[0.679s] running build_py
[0.679s] creating /home/asaace00/repo/winter/project/build/tamir/build/lib/tamir
[0.679s] copying tamir/playmusic.py -> /home/asaace00/repo/winter/project/build/tamir/build/lib/tamir
[0.680s] copying tamir/tamir_interface.py -> /home/asaace00/repo/winter/project/build/tamir/build/lib/tamir
[0.680s] copying tamir/Bluetooth_Node.py -> /home/asaace00/repo/winter/project/build/tamir/build/lib/tamir
[0.680s] copying tamir/__init__.py -> /home/asaace00/repo/winter/project/build/tamir/build/lib/tamir
[0.680s] copying tamir/vision.py -> /home/asaace00/repo/winter/project/build/tamir/build/lib/tamir
[0.680s] running install
[0.682s] running install_lib
[0.696s] creating /home/asaace00/repo/winter/project/install/tamir/lib/python3.12/site-packages/tamir
[0.696s] copying /home/asaace00/repo/winter/project/build/tamir/build/lib/tamir/playmusic.py -> /home/asaace00/repo/winter/project/install/tamir/lib/python3.12/site-packages/tamir
[0.697s] copying /home/asaace00/repo/winter/project/build/tamir/build/lib/tamir/tamir_interface.py -> /home/asaace00/repo/winter/project/install/tamir/lib/python3.12/site-packages/tamir
[0.697s] copying /home/asaace00/repo/winter/project/build/tamir/build/lib/tamir/Bluetooth_Node.py -> /home/asaace00/repo/winter/project/install/tamir/lib/python3.12/site-packages/tamir
[0.697s] copying /home/asaace00/repo/winter/project/build/tamir/build/lib/tamir/__init__.py -> /home/asaace00/repo/winter/project/install/tamir/lib/python3.12/site-packages/tamir
[0.697s] copying /home/asaace00/repo/winter/project/build/tamir/build/lib/tamir/vision.py -> /home/asaace00/repo/winter/project/install/tamir/lib/python3.12/site-packages/tamir
[0.697s] byte-compiling /home/asaace00/repo/winter/project/install/tamir/lib/python3.12/site-packages/tamir/playmusic.py to playmusic.cpython-312.pyc
[0.697s] byte-compiling /home/asaace00/repo/winter/project/install/tamir/lib/python3.12/site-packages/tamir/tamir_interface.py to tamir_interface.cpython-312.pyc
[0.698s] byte-compiling /home/asaace00/repo/winter/project/install/tamir/lib/python3.12/site-packages/tamir/Bluetooth_Node.py to Bluetooth_Node.cpython-312.pyc
[0.698s] byte-compiling /home/asaace00/repo/winter/project/install/tamir/lib/python3.12/site-packages/tamir/__init__.py to __init__.cpython-312.pyc
[0.698s] byte-compiling /home/asaace00/repo/winter/project/install/tamir/lib/python3.12/site-packages/tamir/vision.py to vision.cpython-312.pyc
[0.698s] running install_data
[0.698s] creating /home/asaace00/repo/winter/project/install/tamir/share/ament_index/resource_index/packages
[0.699s] copying resource/tamir -> /home/asaace00/repo/winter/project/install/tamir/share/ament_index/resource_index/packages
[0.699s] copying package.xml -> /home/asaace00/repo/winter/project/install/tamir/share/tamir
[0.699s] copying launch/startup.launch.py -> /home/asaace00/repo/winter/project/install/tamir/share/tamir
[0.699s] copying launch/playmusic.launch.py -> /home/asaace00/repo/winter/project/install/tamir/share/tamir
[0.699s] copying sound/535_Silent.mp3 -> /home/asaace00/repo/winter/project/install/tamir/share/tamir
[0.699s] copying sound/anti_dog.mp3 -> /home/asaace00/repo/winter/project/install/tamir/share/tamir
[0.699s] copying sound/experiment.mp3 -> /home/asaace00/repo/winter/project/install/tamir/share/tamir
[0.699s] copying sound/high_pitch.mp3 -> /home/asaace00/repo/winter/project/install/tamir/share/tamir
[0.699s] running install_egg_info
[0.713s] Copying ../../build/tamir/tamir.egg-info to /home/asaace00/repo/winter/project/install/tamir/lib/python3.12/site-packages/tamir-0.0.0-py3.12.egg-info
[0.713s] running install_scripts
[0.788s] Installing music_node script to /home/asaace00/repo/winter/project/install/tamir/lib/tamir
[0.788s] Installing tamir_interface script to /home/asaace00/repo/winter/project/install/tamir/lib/tamir
[0.788s] Installing vision script to /home/asaace00/repo/winter/project/install/tamir/lib/tamir
[0.789s] writing list of installed files to '/home/asaace00/repo/winter/project/build/tamir/install.log'
[0.802s] Invoked command in '/home/asaace00/repo/winter/project/TAMIR/tamir' returned '0': PS1=\[\e]0;\u@\h: \w\a\]${debian_chroot:+($debian_chroot)}\[\033[01;32m\]\u@\h\[\033[00m\]:\[\033[01;34m\]\w\[\033[00m\]$(__git_ps1 "(%s)")\$ PYTHONPATH=/home/asaace00/repo/winter/project/build/tamir/prefix_override:/usr/lib/python3/dist-packages/colcon_core/task/python/colcon_distutils_commands:/home/asaace00/repo/winter/project/install/tamir/lib/python3.12/site-packages:${PYTHONPATH} VIRTUAL_ENV_PROMPT=(myenv) /usr/bin/python3 -W ignore:setup.py install is deprecated -W ignore:easy_install command is deprecated setup.py egg_info --egg-base ../../build/tamir build --build-base /home/asaace00/repo/winter/project/build/tamir/build install --record /home/asaace00/repo/winter/project/build/tamir/install.log --single-version-externally-managed install_data
