[0.131s] DEBUG:colcon:Command line arguments: ['/usr/bin/colcon', 'build']
[0.131s] DEBUG:colcon:Parsed command line arguments: Namespace(log_base=None, log_level=None, verb_name='build', build_base='build', install_base='install', merge_install=False, symlink_install=False, test_result_base=None, continue_on_error=False, executor='parallel', parallel_workers=32, event_handlers=None, ignore_user_meta=False, metas=['./colcon.meta'], base_paths=['.'], packages_ignore=None, packages_ignore_regex=None, paths=None, packages_up_to=None, packages_up_to_regex=None, packages_above=None, packages_above_and_dependencies=None, packages_above_depth=None, packages_select_by_dep=None, packages_skip_by_dep=None, packages_skip_up_to=None, packages_select_build_failed=False, packages_skip_build_finished=False, packages_select_test_failures=False, packages_skip_test_passed=False, packages_select=None, packages_skip=None, packages_select_regex=None, packages_skip_regex=None, packages_start=None, packages_end=None, allow_overriding=[], cmake_args=None, cmake_target=None, cmake_target_skip_unavailable=False, cmake_clean_cache=False, cmake_clean_first=False, cmake_force_configure=False, ament_cmake_args=None, catkin_cmake_args=None, catkin_skip_building_tests=False, verb_parser=<colcon_defaults.argument_parser.defaults.DefaultArgumentsDecorator object at 0x7331efc64380>, verb_extension=<colcon_core.verb.build.BuildVerb object at 0x7331efc64110>, main=<bound method BuildVerb.main of <colcon_core.verb.build.BuildVerb object at 0x7331efc64110>>)
[0.161s] Level 1:colcon.colcon_core.package_discovery:discover_packages(colcon_meta) check parameters
[0.161s] Level 1:colcon.colcon_core.package_discovery:discover_packages(recursive) check parameters
[0.161s] Level 1:colcon.colcon_core.package_discovery:discover_packages(ignore) check parameters
[0.161s] Level 1:colcon.colcon_core.package_discovery:discover_packages(path) check parameters
[0.161s] Level 1:colcon.colcon_core.package_discovery:discover_packages(colcon_meta) discover
[0.161s] Level 1:colcon.colcon_core.package_discovery:discover_packages(recursive) discover
[0.161s] INFO:colcon.colcon_core.package_discovery:Crawling recursively for packages in '/home/asaace00/repo/winter/project'
[0.161s] Level 1:colcon.colcon_core.package_identification:_identify(.) by extensions ['ignore', 'ignore_ament_install']
[0.161s] Level 1:colcon.colcon_core.package_identification:_identify(.) by extension 'ignore'
[0.161s] Level 1:colcon.colcon_core.package_identification:_identify(.) by extension 'ignore_ament_install'
[0.161s] Level 1:colcon.colcon_core.package_identification:_identify(.) by extensions ['colcon_pkg']
[0.162s] Level 1:colcon.colcon_core.package_identification:_identify(.) by extension 'colcon_pkg'
[0.162s] Level 1:colcon.colcon_core.package_identification:_identify(.) by extensions ['colcon_meta']
[0.162s] Level 1:colcon.colcon_core.package_identification:_identify(.) by extension 'colcon_meta'
[0.162s] Level 1:colcon.colcon_core.package_identification:_identify(.) by extensions ['ros']
[0.162s] Level 1:colcon.colcon_core.package_identification:_identify(.) by extension 'ros'
[0.180s] Level 1:colcon.colcon_core.package_identification:_identify(.) by extensions ['cmake', 'python']
[0.180s] Level 1:colcon.colcon_core.package_identification:_identify(.) by extension 'cmake'
[0.180s] Level 1:colcon.colcon_core.package_identification:_identify(.) by extension 'python'
[0.180s] Level 1:colcon.colcon_core.package_identification:_identify(.) by extensions ['python_setup_py']
[0.180s] Level 1:colcon.colcon_core.package_identification:_identify(.) by extension 'python_setup_py'
[0.180s] Level 1:colcon.colcon_core.package_identification:_identify(TAMIR) by extensions ['ignore', 'ignore_ament_install']
[0.180s] Level 1:colcon.colcon_core.package_identification:_identify(TAMIR) by extension 'ignore'
[0.180s] Level 1:colcon.colcon_core.package_identification:_identify(TAMIR) by extension 'ignore_ament_install'
[0.180s] Level 1:colcon.colcon_core.package_identification:_identify(TAMIR) by extensions ['colcon_pkg']
[0.180s] Level 1:colcon.colcon_core.package_identification:_identify(TAMIR) by extension 'colcon_pkg'
[0.180s] Level 1:colcon.colcon_core.package_identification:_identify(TAMIR) by extensions ['colcon_meta']
[0.180s] Level 1:colcon.colcon_core.package_identification:_identify(TAMIR) by extension 'colcon_meta'
[0.180s] Level 1:colcon.colcon_core.package_identification:_identify(TAMIR) by extensions ['ros']
[0.180s] Level 1:colcon.colcon_core.package_identification:_identify(TAMIR) by extension 'ros'
[0.180s] Level 1:colcon.colcon_core.package_identification:_identify(TAMIR) by extensions ['cmake', 'python']
[0.180s] Level 1:colcon.colcon_core.package_identification:_identify(TAMIR) by extension 'cmake'
[0.180s] Level 1:colcon.colcon_core.package_identification:_identify(TAMIR) by extension 'python'
[0.180s] Level 1:colcon.colcon_core.package_identification:_identify(TAMIR) by extensions ['python_setup_py']
[0.180s] Level 1:colcon.colcon_core.package_identification:_identify(TAMIR) by extension 'python_setup_py'
[0.180s] Level 1:colcon.colcon_core.package_identification:_identify(TAMIR/build) by extensions ['ignore', 'ignore_ament_install']
[0.180s] Level 1:colcon.colcon_core.package_identification:_identify(TAMIR/build) by extension 'ignore'
[0.180s] Level 1:colcon.colcon_core.package_identification:_identify(TAMIR/build) ignored
[0.181s] Level 1:colcon.colcon_core.package_identification:_identify(TAMIR/deliverables) by extensions ['ignore', 'ignore_ament_install']
[0.181s] Level 1:colcon.colcon_core.package_identification:_identify(TAMIR/deliverables) by extension 'ignore'
[0.181s] Level 1:colcon.colcon_core.package_identification:_identify(TAMIR/deliverables) by extension 'ignore_ament_install'
[0.181s] Level 1:colcon.colcon_core.package_identification:_identify(TAMIR/deliverables) by extensions ['colcon_pkg']
[0.181s] Level 1:colcon.colcon_core.package_identification:_identify(TAMIR/deliverables) by extension 'colcon_pkg'
[0.181s] Level 1:colcon.colcon_core.package_identification:_identify(TAMIR/deliverables) by extensions ['colcon_meta']
[0.181s] Level 1:colcon.colcon_core.package_identification:_identify(TAMIR/deliverables) by extension 'colcon_meta'
[0.181s] Level 1:colcon.colcon_core.package_identification:_identify(TAMIR/deliverables) by extensions ['ros']
[0.181s] Level 1:colcon.colcon_core.package_identification:_identify(TAMIR/deliverables) by extension 'ros'
[0.181s] Level 1:colcon.colcon_core.package_identification:_identify(TAMIR/deliverables) by extensions ['cmake', 'python']
[0.181s] Level 1:colcon.colcon_core.package_identification:_identify(TAMIR/deliverables) by extension 'cmake'
[0.181s] Level 1:colcon.colcon_core.package_identification:_identify(TAMIR/deliverables) by extension 'python'
[0.181s] Level 1:colcon.colcon_core.package_identification:_identify(TAMIR/deliverables) by extensions ['python_setup_py']
[0.181s] Level 1:colcon.colcon_core.package_identification:_identify(TAMIR/deliverables) by extension 'python_setup_py'
[0.181s] Level 1:colcon.colcon_core.package_identification:_identify(TAMIR/deliverables/week1) by extensions ['ignore', 'ignore_ament_install']
[0.181s] Level 1:colcon.colcon_core.package_identification:_identify(TAMIR/deliverables/week1) by extension 'ignore'
[0.181s] Level 1:colcon.colcon_core.package_identification:_identify(TAMIR/deliverables/week1) by extension 'ignore_ament_install'
[0.181s] Level 1:colcon.colcon_core.package_identification:_identify(TAMIR/deliverables/week1) by extensions ['colcon_pkg']
[0.181s] Level 1:colcon.colcon_core.package_identification:_identify(TAMIR/deliverables/week1) by extension 'colcon_pkg'
[0.181s] Level 1:colcon.colcon_core.package_identification:_identify(TAMIR/deliverables/week1) by extensions ['colcon_meta']
[0.181s] Level 1:colcon.colcon_core.package_identification:_identify(TAMIR/deliverables/week1) by extension 'colcon_meta'
[0.181s] Level 1:colcon.colcon_core.package_identification:_identify(TAMIR/deliverables/week1) by extensions ['ros']
[0.181s] Level 1:colcon.colcon_core.package_identification:_identify(TAMIR/deliverables/week1) by extension 'ros'
[0.181s] Level 1:colcon.colcon_core.package_identification:_identify(TAMIR/deliverables/week1) by extensions ['cmake', 'python']
[0.182s] Level 1:colcon.colcon_core.package_identification:_identify(TAMIR/deliverables/week1) by extension 'cmake'
[0.182s] Level 1:colcon.colcon_core.package_identification:_identify(TAMIR/deliverables/week1) by extension 'python'
[0.182s] Level 1:colcon.colcon_core.package_identification:_identify(TAMIR/deliverables/week1) by extensions ['python_setup_py']
[0.182s] Level 1:colcon.colcon_core.package_identification:_identify(TAMIR/deliverables/week1) by extension 'python_setup_py'
[0.182s] Level 1:colcon.colcon_core.package_identification:_identify(TAMIR/deliverables/week2) by extensions ['ignore', 'ignore_ament_install']
[0.182s] Level 1:colcon.colcon_core.package_identification:_identify(TAMIR/deliverables/week2) by extension 'ignore'
[0.182s] Level 1:colcon.colcon_core.package_identification:_identify(TAMIR/deliverables/week2) by extension 'ignore_ament_install'
[0.182s] Level 1:colcon.colcon_core.package_identification:_identify(TAMIR/deliverables/week2) by extensions ['colcon_pkg']
[0.182s] Level 1:colcon.colcon_core.package_identification:_identify(TAMIR/deliverables/week2) by extension 'colcon_pkg'
[0.182s] Level 1:colcon.colcon_core.package_identification:_identify(TAMIR/deliverables/week2) by extensions ['colcon_meta']
[0.182s] Level 1:colcon.colcon_core.package_identification:_identify(TAMIR/deliverables/week2) by extension 'colcon_meta'
[0.182s] Level 1:colcon.colcon_core.package_identification:_identify(TAMIR/deliverables/week2) by extensions ['ros']
[0.182s] Level 1:colcon.colcon_core.package_identification:_identify(TAMIR/deliverables/week2) by extension 'ros'
[0.182s] Level 1:colcon.colcon_core.package_identification:_identify(TAMIR/deliverables/week2) by extensions ['cmake', 'python']
[0.182s] Level 1:colcon.colcon_core.package_identification:_identify(TAMIR/deliverables/week2) by extension 'cmake'
[0.182s] Level 1:colcon.colcon_core.package_identification:_identify(TAMIR/deliverables/week2) by extension 'python'
[0.182s] Level 1:colcon.colcon_core.package_identification:_identify(TAMIR/deliverables/week2) by extensions ['python_setup_py']
[0.182s] Level 1:colcon.colcon_core.package_identification:_identify(TAMIR/deliverables/week2) by extension 'python_setup_py'
[0.182s] Level 1:colcon.colcon_core.package_identification:_identify(TAMIR/install) by extensions ['ignore', 'ignore_ament_install']
[0.182s] Level 1:colcon.colcon_core.package_identification:_identify(TAMIR/install) by extension 'ignore'
[0.182s] Level 1:colcon.colcon_core.package_identification:_identify(TAMIR/install) ignored
[0.182s] Level 1:colcon.colcon_core.package_identification:_identify(TAMIR/log) by extensions ['ignore', 'ignore_ament_install']
[0.182s] Level 1:colcon.colcon_core.package_identification:_identify(TAMIR/log) by extension 'ignore'
[0.182s] Level 1:colcon.colcon_core.package_identification:_identify(TAMIR/log) ignored
[0.182s] Level 1:colcon.colcon_core.package_identification:_identify(TAMIR/tamir) by extensions ['ignore', 'ignore_ament_install']
[0.182s] Level 1:colcon.colcon_core.package_identification:_identify(TAMIR/tamir) by extension 'ignore'
[0.182s] Level 1:colcon.colcon_core.package_identification:_identify(TAMIR/tamir) by extension 'ignore_ament_install'
[0.182s] Level 1:colcon.colcon_core.package_identification:_identify(TAMIR/tamir) by extensions ['colcon_pkg']
[0.182s] Level 1:colcon.colcon_core.package_identification:_identify(TAMIR/tamir) by extension 'colcon_pkg'
[0.182s] Level 1:colcon.colcon_core.package_identification:_identify(TAMIR/tamir) by extensions ['colcon_meta']
[0.182s] Level 1:colcon.colcon_core.package_identification:_identify(TAMIR/tamir) by extension 'colcon_meta'
[0.182s] Level 1:colcon.colcon_core.package_identification:_identify(TAMIR/tamir) by extensions ['ros']
[0.183s] Level 1:colcon.colcon_core.package_identification:_identify(TAMIR/tamir) by extension 'ros'
[0.184s] DEBUG:colcon.colcon_core.package_identification:Package 'TAMIR/tamir' with type 'ros.ament_python' and name 'tamir'
[0.185s] Level 1:colcon.colcon_core.package_identification:_identify(TAMIR/tamir_interface) by extensions ['ignore', 'ignore_ament_install']
[0.185s] Level 1:colcon.colcon_core.package_identification:_identify(TAMIR/tamir_interface) by extension 'ignore'
[0.185s] Level 1:colcon.colcon_core.package_identification:_identify(TAMIR/tamir_interface) by extension 'ignore_ament_install'
[0.185s] Level 1:colcon.colcon_core.package_identification:_identify(TAMIR/tamir_interface) by extensions ['colcon_pkg']
[0.185s] Level 1:colcon.colcon_core.package_identification:_identify(TAMIR/tamir_interface) by extension 'colcon_pkg'
[0.185s] Level 1:colcon.colcon_core.package_identification:_identify(TAMIR/tamir_interface) by extensions ['colcon_meta']
[0.185s] Level 1:colcon.colcon_core.package_identification:_identify(TAMIR/tamir_interface) by extension 'colcon_meta'
[0.185s] Level 1:colcon.colcon_core.package_identification:_identify(TAMIR/tamir_interface) by extensions ['ros']
[0.185s] Level 1:colcon.colcon_core.package_identification:_identify(TAMIR/tamir_interface) by extension 'ros'
[0.185s] DEBUG:colcon.colcon_core.package_identification:Package 'TAMIR/tamir_interface' with type 'ros.ament_cmake' and name 'tamir_interface'
[0.185s] Level 1:colcon.colcon_core.package_identification:_identify(build) by extensions ['ignore', 'ignore_ament_install']
[0.185s] Level 1:colcon.colcon_core.package_identification:_identify(build) by extension 'ignore'
[0.185s] Level 1:colcon.colcon_core.package_identification:_identify(build) ignored
[0.185s] Level 1:colcon.colcon_core.package_identification:_identify(install) by extensions ['ignore', 'ignore_ament_install']
[0.185s] Level 1:colcon.colcon_core.package_identification:_identify(install) by extension 'ignore'
[0.185s] Level 1:colcon.colcon_core.package_identification:_identify(install) ignored
[0.185s] Level 1:colcon.colcon_core.package_identification:_identify(log) by extensions ['ignore', 'ignore_ament_install']
[0.186s] Level 1:colcon.colcon_core.package_identification:_identify(log) by extension 'ignore'
[0.186s] Level 1:colcon.colcon_core.package_identification:_identify(log) ignored
[0.186s] Level 1:colcon.colcon_core.package_discovery:discover_packages(recursive) using defaults
[0.186s] Level 1:colcon.colcon_core.package_discovery:discover_packages(ignore) discover
[0.186s] Level 1:colcon.colcon_core.package_discovery:discover_packages(ignore) using defaults
[0.186s] Level 1:colcon.colcon_core.package_discovery:discover_packages(path) discover
[0.186s] Level 1:colcon.colcon_core.package_discovery:discover_packages(path) using defaults
[0.197s] Level 1:colcon.colcon_core.package_discovery:discover_packages(prefix_path) check parameters
[0.197s] Level 1:colcon.colcon_core.package_discovery:discover_packages(prefix_path) discover
[0.197s] WARNING:colcon.colcon_ros.prefix_path.ament:The path '/home/asaace00/repo/winter/project/install/tamir_interface' in the environment variable AMENT_PREFIX_PATH doesn't exist
[0.197s] WARNING:colcon.colcon_ros.prefix_path.ament:The path '/home/asaace00/repo/winter/project/install/tamir' in the environment variable AMENT_PREFIX_PATH doesn't exist
[0.197s] WARNING:colcon.colcon_ros.prefix_path.catkin:The path '/home/asaace00/repo/winter/project/install/tamir_interface' in the environment variable CMAKE_PREFIX_PATH doesn't exist
[0.198s] DEBUG:colcon.colcon_installed_package_information.package_discovery:Found 0 installed packages in /home/asaace00/repo/winter/project/install
[0.199s] DEBUG:colcon.colcon_installed_package_information.package_discovery:Found 485 installed packages in /opt/ros/jazzy
[0.200s] Level 1:colcon.colcon_core.package_discovery:discover_packages(prefix_path) using defaults
[0.272s] Level 5:colcon.colcon_core.verb:set package 'tamir' build argument 'cmake_args' from command line to 'None'
[0.272s] Level 5:colcon.colcon_core.verb:set package 'tamir' build argument 'cmake_target' from command line to 'None'
[0.272s] Level 5:colcon.colcon_core.verb:set package 'tamir' build argument 'cmake_target_skip_unavailable' from command line to 'False'
[0.272s] Level 5:colcon.colcon_core.verb:set package 'tamir' build argument 'cmake_clean_cache' from command line to 'False'
[0.272s] Level 5:colcon.colcon_core.verb:set package 'tamir' build argument 'cmake_clean_first' from command line to 'False'
[0.272s] Level 5:colcon.colcon_core.verb:set package 'tamir' build argument 'cmake_force_configure' from command line to 'False'
[0.272s] Level 5:colcon.colcon_core.verb:set package 'tamir' build argument 'ament_cmake_args' from command line to 'None'
[0.272s] Level 5:colcon.colcon_core.verb:set package 'tamir' build argument 'catkin_cmake_args' from command line to 'None'
[0.272s] Level 5:colcon.colcon_core.verb:set package 'tamir' build argument 'catkin_skip_building_tests' from command line to 'False'
[0.272s] DEBUG:colcon.colcon_core.verb:Building package 'tamir' with the following arguments: {'ament_cmake_args': None, 'build_base': '/home/asaace00/repo/winter/project/build/tamir', 'catkin_cmake_args': None, 'catkin_skip_building_tests': False, 'cmake_args': None, 'cmake_clean_cache': False, 'cmake_clean_first': False, 'cmake_force_configure': False, 'cmake_target': None, 'cmake_target_skip_unavailable': False, 'install_base': '/home/asaace00/repo/winter/project/install/tamir', 'merge_install': False, 'path': '/home/asaace00/repo/winter/project/TAMIR/tamir', 'symlink_install': False, 'test_result_base': None}
[0.272s] Level 5:colcon.colcon_core.verb:set package 'tamir_interface' build argument 'cmake_args' from command line to 'None'
[0.272s] Level 5:colcon.colcon_core.verb:set package 'tamir_interface' build argument 'cmake_target' from command line to 'None'
[0.272s] Level 5:colcon.colcon_core.verb:set package 'tamir_interface' build argument 'cmake_target_skip_unavailable' from command line to 'False'
[0.272s] Level 5:colcon.colcon_core.verb:set package 'tamir_interface' build argument 'cmake_clean_cache' from command line to 'False'
[0.272s] Level 5:colcon.colcon_core.verb:set package 'tamir_interface' build argument 'cmake_clean_first' from command line to 'False'
[0.273s] Level 5:colcon.colcon_core.verb:set package 'tamir_interface' build argument 'cmake_force_configure' from command line to 'False'
[0.273s] Level 5:colcon.colcon_core.verb:set package 'tamir_interface' build argument 'ament_cmake_args' from command line to 'None'
[0.273s] Level 5:colcon.colcon_core.verb:set package 'tamir_interface' build argument 'catkin_cmake_args' from command line to 'None'
[0.273s] Level 5:colcon.colcon_core.verb:set package 'tamir_interface' build argument 'catkin_skip_building_tests' from command line to 'False'
[0.273s] DEBUG:colcon.colcon_core.verb:Building package 'tamir_interface' with the following arguments: {'ament_cmake_args': None, 'build_base': '/home/asaace00/repo/winter/project/build/tamir_interface', 'catkin_cmake_args': None, 'catkin_skip_building_tests': False, 'cmake_args': None, 'cmake_clean_cache': False, 'cmake_clean_first': False, 'cmake_force_configure': False, 'cmake_target': None, 'cmake_target_skip_unavailable': False, 'install_base': '/home/asaace00/repo/winter/project/install/tamir_interface', 'merge_install': False, 'path': '/home/asaace00/repo/winter/project/TAMIR/tamir_interface', 'symlink_install': False, 'test_result_base': None}
[0.273s] INFO:colcon.colcon_core.executor:Executing jobs using 'parallel' executor
[0.274s] DEBUG:colcon.colcon_parallel_executor.executor.parallel:run_until_complete
[0.274s] INFO:colcon.colcon_ros.task.ament_python.build:Building ROS package in '/home/asaace00/repo/winter/project/TAMIR/tamir' with build type 'ament_python'
[0.274s] Level 1:colcon.colcon_core.shell:create_environment_hook('tamir', 'ament_prefix_path')
[0.276s] INFO:colcon.colcon_core.plugin_system:Skipping extension 'colcon_core.shell.bat': Not used on non-Windows systems
[0.276s] INFO:colcon.colcon_core.shell:Creating environment hook '/home/asaace00/repo/winter/project/install/tamir/share/tamir/hook/ament_prefix_path.ps1'
[0.277s] INFO:colcon.colcon_core.shell:Creating environment descriptor '/home/asaace00/repo/winter/project/install/tamir/share/tamir/hook/ament_prefix_path.dsv'
[0.278s] INFO:colcon.colcon_core.shell:Creating environment hook '/home/asaace00/repo/winter/project/install/tamir/share/tamir/hook/ament_prefix_path.sh'
[0.278s] INFO:colcon.colcon_core.shell:Skip shell extension 'powershell' for command environment: Not usable outside of PowerShell
[0.278s] DEBUG:colcon.colcon_core.shell:Skip shell extension 'dsv' for command environment
[0.283s] INFO:colcon.colcon_ros.task.ament_cmake.build:Building ROS package in '/home/asaace00/repo/winter/project/TAMIR/tamir_interface' with build type 'ament_cmake'
[0.283s] INFO:colcon.colcon_cmake.task.cmake.build:Building CMake package in '/home/asaace00/repo/winter/project/TAMIR/tamir_interface'
[0.283s] INFO:colcon.colcon_core.shell:Skip shell extension 'powershell' for command environment: Not usable outside of PowerShell
[0.283s] DEBUG:colcon.colcon_core.shell:Skip shell extension 'dsv' for command environment
[0.738s] INFO:colcon.colcon_core.task.python.build:Building Python package in '/home/asaace00/repo/winter/project/TAMIR/tamir'
[0.739s] INFO:colcon.colcon_core.shell:Skip shell extension 'powershell' for command environment: Not usable outside of PowerShell
[0.739s] DEBUG:colcon.colcon_core.shell:Skip shell extension 'dsv' for command environment
[0.757s] DEBUG:colcon.colcon_core.event_handler.log_command:Invoking command in '/home/asaace00/repo/winter/project/build/tamir_interface': CMAKE_PREFIX_PATH=${CMAKE_PREFIX_PATH}:/home/asaace00/repo/winter/project/install/tamir:/opt/ros/jazzy VIRTUAL_ENV_PROMPT=(myenv) /usr/bin/cmake /home/asaace00/repo/winter/project/TAMIR/tamir_interface -DCMAKE_INSTALL_PREFIX=/home/asaace00/repo/winter/project/install/tamir_interface
[2.607s] DEBUG:colcon.colcon_core.event_handler.log_command:Invoking command in '/home/asaace00/repo/winter/project/TAMIR/tamir': PYTHONPATH=/home/asaace00/repo/winter/project/build/tamir/prefix_override:/usr/lib/python3/dist-packages/colcon_core/task/python/colcon_distutils_commands:/home/asaace00/repo/winter/project/install/tamir/lib/python3.12/site-packages:${PYTHONPATH} VIRTUAL_ENV_PROMPT=(myenv) /usr/bin/python3 -W ignore:setup.py install is deprecated -W ignore:easy_install command is deprecated setup.py egg_info --egg-base ../../build/tamir build --build-base /home/asaace00/repo/winter/project/build/tamir/build install --record /home/asaace00/repo/winter/project/build/tamir/install.log --single-version-externally-managed install_data
[3.692s] DEBUG:colcon.colcon_core.event_handler.log_command:Invoked command in '/home/asaace00/repo/winter/project/TAMIR/tamir' returned '0': PYTHONPATH=/home/asaace00/repo/winter/project/build/tamir/prefix_override:/usr/lib/python3/dist-packages/colcon_core/task/python/colcon_distutils_commands:/home/asaace00/repo/winter/project/install/tamir/lib/python3.12/site-packages:${PYTHONPATH} VIRTUAL_ENV_PROMPT=(myenv) /usr/bin/python3 -W ignore:setup.py install is deprecated -W ignore:easy_install command is deprecated setup.py egg_info --egg-base ../../build/tamir build --build-base /home/asaace00/repo/winter/project/build/tamir/build install --record /home/asaace00/repo/winter/project/build/tamir/install.log --single-version-externally-managed install_data
[3.694s] Level 1:colcon.colcon_core.environment:checking '/home/asaace00/repo/winter/project/install/tamir' for CMake module files
[3.695s] Level 1:colcon.colcon_core.environment:checking '/home/asaace00/repo/winter/project/install/tamir' for CMake config files
[3.695s] Level 1:colcon.colcon_core.environment:checking '/home/asaace00/repo/winter/project/install/tamir/lib'
[3.696s] Level 1:colcon.colcon_core.environment:checking '/home/asaace00/repo/winter/project/install/tamir/bin'
[3.696s] Level 1:colcon.colcon_core.environment:checking '/home/asaace00/repo/winter/project/install/tamir/lib/pkgconfig/tamir.pc'
[3.696s] Level 1:colcon.colcon_core.environment:checking '/home/asaace00/repo/winter/project/install/tamir/lib/python3.12/site-packages'
[3.696s] Level 1:colcon.colcon_core.shell:create_environment_hook('tamir', 'pythonpath')
[3.696s] INFO:colcon.colcon_core.shell:Creating environment hook '/home/asaace00/repo/winter/project/install/tamir/share/tamir/hook/pythonpath.ps1'
[3.696s] INFO:colcon.colcon_core.shell:Creating environment descriptor '/home/asaace00/repo/winter/project/install/tamir/share/tamir/hook/pythonpath.dsv'
[3.697s] INFO:colcon.colcon_core.shell:Creating environment hook '/home/asaace00/repo/winter/project/install/tamir/share/tamir/hook/pythonpath.sh'
[3.697s] Level 1:colcon.colcon_core.environment:checking '/home/asaace00/repo/winter/project/install/tamir/bin'
[3.697s] Level 1:colcon.colcon_core.environment:create_environment_scripts_only(tamir)
[3.698s] INFO:colcon.colcon_core.shell:Creating package script '/home/asaace00/repo/winter/project/install/tamir/share/tamir/package.ps1'
[3.699s] INFO:colcon.colcon_core.shell:Creating package descriptor '/home/asaace00/repo/winter/project/install/tamir/share/tamir/package.dsv'
[3.699s] INFO:colcon.colcon_core.shell:Creating package script '/home/asaace00/repo/winter/project/install/tamir/share/tamir/package.sh'
[3.700s] INFO:colcon.colcon_core.shell:Creating package script '/home/asaace00/repo/winter/project/install/tamir/share/tamir/package.bash'
[3.701s] INFO:colcon.colcon_core.shell:Creating package script '/home/asaace00/repo/winter/project/install/tamir/share/tamir/package.zsh'
[3.701s] Level 1:colcon.colcon_core.environment:create_file_with_runtime_dependencies(/home/asaace00/repo/winter/project/install/tamir/share/colcon-core/packages/tamir)
[5.752s] DEBUG:colcon.colcon_core.event_handler.log_command:Invoked command in '/home/asaace00/repo/winter/project/build/tamir_interface' returned '0': CMAKE_PREFIX_PATH=${CMAKE_PREFIX_PATH}:/home/asaace00/repo/winter/project/install/tamir:/opt/ros/jazzy VIRTUAL_ENV_PROMPT=(myenv) /usr/bin/cmake /home/asaace00/repo/winter/project/TAMIR/tamir_interface -DCMAKE_INSTALL_PREFIX=/home/asaace00/repo/winter/project/install/tamir_interface
[5.753s] DEBUG:colcon.colcon_core.event_handler.log_command:Invoking command in '/home/asaace00/repo/winter/project/build/tamir_interface': CMAKE_PREFIX_PATH=${CMAKE_PREFIX_PATH}:/home/asaace00/repo/winter/project/install/tamir:/opt/ros/jazzy VIRTUAL_ENV_PROMPT=(myenv) /usr/bin/cmake --build /home/asaace00/repo/winter/project/build/tamir_interface -- -j32 -l32
[10.320s] DEBUG:colcon.colcon_core.event_handler.log_command:Invoked command in '/home/asaace00/repo/winter/project/build/tamir_interface' returned '0': CMAKE_PREFIX_PATH=${CMAKE_PREFIX_PATH}:/home/asaace00/repo/winter/project/install/tamir:/opt/ros/jazzy VIRTUAL_ENV_PROMPT=(myenv) /usr/bin/cmake --build /home/asaace00/repo/winter/project/build/tamir_interface -- -j32 -l32
[10.333s] DEBUG:colcon.colcon_core.event_handler.log_command:Invoking command in '/home/asaace00/repo/winter/project/build/tamir_interface': CMAKE_PREFIX_PATH=${CMAKE_PREFIX_PATH}:/home/asaace00/repo/winter/project/install/tamir:/opt/ros/jazzy VIRTUAL_ENV_PROMPT=(myenv) /usr/bin/cmake --install /home/asaace00/repo/winter/project/build/tamir_interface
[10.408s] Level 1:colcon.colcon_core.environment:create_environment_scripts_only(tamir_interface)
[10.408s] Level 1:colcon.colcon_core.environment:checking '/home/asaace00/repo/winter/project/install/tamir_interface' for CMake module files
[10.408s] DEBUG:colcon.colcon_core.event_handler.log_command:Invoked command in '/home/asaace00/repo/winter/project/build/tamir_interface' returned '0': CMAKE_PREFIX_PATH=${CMAKE_PREFIX_PATH}:/home/asaace00/repo/winter/project/install/tamir:/opt/ros/jazzy VIRTUAL_ENV_PROMPT=(myenv) /usr/bin/cmake --install /home/asaace00/repo/winter/project/build/tamir_interface
[10.409s] Level 1:colcon.colcon_core.environment:checking '/home/asaace00/repo/winter/project/install/tamir_interface' for CMake config files
[10.409s] Level 1:colcon.colcon_core.shell:create_environment_hook('tamir_interface', 'cmake_prefix_path')
[10.409s] INFO:colcon.colcon_core.shell:Creating environment hook '/home/asaace00/repo/winter/project/install/tamir_interface/share/tamir_interface/hook/cmake_prefix_path.ps1'
[10.410s] INFO:colcon.colcon_core.shell:Creating environment descriptor '/home/asaace00/repo/winter/project/install/tamir_interface/share/tamir_interface/hook/cmake_prefix_path.dsv'
[10.410s] INFO:colcon.colcon_core.shell:Creating environment hook '/home/asaace00/repo/winter/project/install/tamir_interface/share/tamir_interface/hook/cmake_prefix_path.sh'
[10.411s] Level 1:colcon.colcon_core.environment:checking '/home/asaace00/repo/winter/project/install/tamir_interface/lib'
[10.411s] Level 1:colcon.colcon_core.shell:create_environment_hook('tamir_interface', 'ld_library_path_lib')
[10.411s] INFO:colcon.colcon_core.shell:Creating environment hook '/home/asaace00/repo/winter/project/install/tamir_interface/share/tamir_interface/hook/ld_library_path_lib.ps1'
[10.411s] INFO:colcon.colcon_core.shell:Creating environment descriptor '/home/asaace00/repo/winter/project/install/tamir_interface/share/tamir_interface/hook/ld_library_path_lib.dsv'
[10.411s] INFO:colcon.colcon_core.shell:Creating environment hook '/home/asaace00/repo/winter/project/install/tamir_interface/share/tamir_interface/hook/ld_library_path_lib.sh'
[10.412s] Level 1:colcon.colcon_core.environment:checking '/home/asaace00/repo/winter/project/install/tamir_interface/bin'
[10.412s] Level 1:colcon.colcon_core.environment:checking '/home/asaace00/repo/winter/project/install/tamir_interface/lib/pkgconfig/tamir_interface.pc'
[10.412s] Level 1:colcon.colcon_core.environment:checking '/home/asaace00/repo/winter/project/install/tamir_interface/lib/python3.12/site-packages'
[10.412s] Level 1:colcon.colcon_core.shell:create_environment_hook('tamir_interface', 'pythonpath')
[10.412s] INFO:colcon.colcon_core.shell:Creating environment hook '/home/asaace00/repo/winter/project/install/tamir_interface/share/tamir_interface/hook/pythonpath.ps1'
[10.413s] INFO:colcon.colcon_core.shell:Creating environment descriptor '/home/asaace00/repo/winter/project/install/tamir_interface/share/tamir_interface/hook/pythonpath.dsv'
[10.413s] INFO:colcon.colcon_core.shell:Creating environment hook '/home/asaace00/repo/winter/project/install/tamir_interface/share/tamir_interface/hook/pythonpath.sh'
[10.414s] Level 1:colcon.colcon_core.environment:checking '/home/asaace00/repo/winter/project/install/tamir_interface/bin'
[10.414s] INFO:colcon.colcon_core.shell:Creating package script '/home/asaace00/repo/winter/project/install/tamir_interface/share/tamir_interface/package.ps1'
[10.414s] INFO:colcon.colcon_core.shell:Creating package descriptor '/home/asaace00/repo/winter/project/install/tamir_interface/share/tamir_interface/package.dsv'
[10.415s] INFO:colcon.colcon_core.shell:Creating package script '/home/asaace00/repo/winter/project/install/tamir_interface/share/tamir_interface/package.sh'
[10.415s] INFO:colcon.colcon_core.shell:Creating package script '/home/asaace00/repo/winter/project/install/tamir_interface/share/tamir_interface/package.bash'
[10.415s] INFO:colcon.colcon_core.shell:Creating package script '/home/asaace00/repo/winter/project/install/tamir_interface/share/tamir_interface/package.zsh'
[10.416s] Level 1:colcon.colcon_core.environment:create_file_with_runtime_dependencies(/home/asaace00/repo/winter/project/install/tamir_interface/share/colcon-core/packages/tamir_interface)
[10.416s] Level 1:colcon.colcon_core.environment:create_environment_scripts_only(tamir_interface)
[10.416s] Level 1:colcon.colcon_core.environment:checking '/home/asaace00/repo/winter/project/install/tamir_interface' for CMake module files
[10.417s] Level 1:colcon.colcon_core.environment:checking '/home/asaace00/repo/winter/project/install/tamir_interface' for CMake config files
[10.417s] Level 1:colcon.colcon_core.shell:create_environment_hook('tamir_interface', 'cmake_prefix_path')
[10.417s] INFO:colcon.colcon_core.shell:Creating environment hook '/home/asaace00/repo/winter/project/install/tamir_interface/share/tamir_interface/hook/cmake_prefix_path.ps1'
[10.417s] INFO:colcon.colcon_core.shell:Creating environment descriptor '/home/asaace00/repo/winter/project/install/tamir_interface/share/tamir_interface/hook/cmake_prefix_path.dsv'
[10.418s] INFO:colcon.colcon_core.shell:Creating environment hook '/home/asaace00/repo/winter/project/install/tamir_interface/share/tamir_interface/hook/cmake_prefix_path.sh'
[10.418s] Level 1:colcon.colcon_core.environment:checking '/home/asaace00/repo/winter/project/install/tamir_interface/lib'
[10.418s] Level 1:colcon.colcon_core.shell:create_environment_hook('tamir_interface', 'ld_library_path_lib')
[10.418s] INFO:colcon.colcon_core.shell:Creating environment hook '/home/asaace00/repo/winter/project/install/tamir_interface/share/tamir_interface/hook/ld_library_path_lib.ps1'
[10.419s] INFO:colcon.colcon_core.shell:Creating environment descriptor '/home/asaace00/repo/winter/project/install/tamir_interface/share/tamir_interface/hook/ld_library_path_lib.dsv'
[10.419s] INFO:colcon.colcon_core.shell:Creating environment hook '/home/asaace00/repo/winter/project/install/tamir_interface/share/tamir_interface/hook/ld_library_path_lib.sh'
[10.420s] Level 1:colcon.colcon_core.environment:checking '/home/asaace00/repo/winter/project/install/tamir_interface/bin'
[10.420s] Level 1:colcon.colcon_core.environment:checking '/home/asaace00/repo/winter/project/install/tamir_interface/lib/pkgconfig/tamir_interface.pc'
[10.420s] Level 1:colcon.colcon_core.environment:checking '/home/asaace00/repo/winter/project/install/tamir_interface/lib/python3.12/site-packages'
[10.420s] Level 1:colcon.colcon_core.shell:create_environment_hook('tamir_interface', 'pythonpath')
[10.420s] INFO:colcon.colcon_core.shell:Creating environment hook '/home/asaace00/repo/winter/project/install/tamir_interface/share/tamir_interface/hook/pythonpath.ps1'
[10.420s] INFO:colcon.colcon_core.shell:Creating environment descriptor '/home/asaace00/repo/winter/project/install/tamir_interface/share/tamir_interface/hook/pythonpath.dsv'
[10.421s] INFO:colcon.colcon_core.shell:Creating environment hook '/home/asaace00/repo/winter/project/install/tamir_interface/share/tamir_interface/hook/pythonpath.sh'
[10.421s] Level 1:colcon.colcon_core.environment:checking '/home/asaace00/repo/winter/project/install/tamir_interface/bin'
[10.421s] INFO:colcon.colcon_core.shell:Creating package script '/home/asaace00/repo/winter/project/install/tamir_interface/share/tamir_interface/package.ps1'
[10.422s] INFO:colcon.colcon_core.shell:Creating package descriptor '/home/asaace00/repo/winter/project/install/tamir_interface/share/tamir_interface/package.dsv'
[10.422s] INFO:colcon.colcon_core.shell:Creating package script '/home/asaace00/repo/winter/project/install/tamir_interface/share/tamir_interface/package.sh'
[10.423s] INFO:colcon.colcon_core.shell:Creating package script '/home/asaace00/repo/winter/project/install/tamir_interface/share/tamir_interface/package.bash'
[10.423s] INFO:colcon.colcon_core.shell:Creating package script '/home/asaace00/repo/winter/project/install/tamir_interface/share/tamir_interface/package.zsh'
[10.423s] Level 1:colcon.colcon_core.environment:create_file_with_runtime_dependencies(/home/asaace00/repo/winter/project/install/tamir_interface/share/colcon-core/packages/tamir_interface)
[10.423s] DEBUG:colcon.colcon_parallel_executor.executor.parallel:closing loop
[10.424s] DEBUG:colcon.colcon_parallel_executor.executor.parallel:loop closed
[10.424s] DEBUG:colcon.colcon_parallel_executor.executor.parallel:run_until_complete finished with '0'
[10.424s] DEBUG:colcon.colcon_core.event_reactor:joining thread
[10.428s] INFO:colcon.colcon_core.plugin_system:Skipping extension 'colcon_notification.desktop_notification.terminal_notifier': Not used on non-Darwin systems
[10.428s] INFO:colcon.colcon_core.plugin_system:Skipping extension 'colcon_notification.desktop_notification.win32': Not used on non-Windows systems
[10.429s] INFO:colcon.colcon_notification.desktop_notification:Sending desktop notification using 'notify2'
[10.447s] DEBUG:colcon.colcon_core.event_reactor:joined thread
[10.448s] INFO:colcon.colcon_core.shell:Creating prefix script '/home/asaace00/repo/winter/project/install/local_setup.ps1'
[10.449s] INFO:colcon.colcon_core.shell:Creating prefix util module '/home/asaace00/repo/winter/project/install/_local_setup_util_ps1.py'
[10.451s] INFO:colcon.colcon_core.shell:Creating prefix chain script '/home/asaace00/repo/winter/project/install/setup.ps1'
[10.452s] INFO:colcon.colcon_core.shell:Creating prefix script '/home/asaace00/repo/winter/project/install/local_setup.sh'
[10.453s] INFO:colcon.colcon_core.shell:Creating prefix util module '/home/asaace00/repo/winter/project/install/_local_setup_util_sh.py'
[10.454s] INFO:colcon.colcon_core.shell:Creating prefix chain script '/home/asaace00/repo/winter/project/install/setup.sh'
[10.456s] INFO:colcon.colcon_core.shell:Creating prefix script '/home/asaace00/repo/winter/project/install/local_setup.bash'
[10.456s] INFO:colcon.colcon_core.shell:Creating prefix chain script '/home/asaace00/repo/winter/project/install/setup.bash'
[10.457s] INFO:colcon.colcon_core.shell:Creating prefix script '/home/asaace00/repo/winter/project/install/local_setup.zsh'
[10.458s] INFO:colcon.colcon_core.shell:Creating prefix chain script '/home/asaace00/repo/winter/project/install/setup.zsh'
