-- The C compiler identification is GNU 13.2.0
-- The CXX compiler identification is GNU 13.2.0
-- Detecting C compiler ABI info
-- Detecting C compiler ABI info - done
-- Check for working C compiler: /usr/bin/cc - skipped
-- Detecting C compile features
-- Detecting C compile features - done
-- Detecting CXX compiler ABI info
-- Detecting CXX compiler ABI info - done
-- Check for working CXX compiler: /usr/bin/c++ - skipped
-- Detecting CXX compile features
-- Detecting CXX compile features - done
-- Found ament_cmake: 2.5.3 (/opt/ros/jazzy/share/ament_cmake/cmake)
-- Found Python3: /home/asaace00/repo/winter/project/TAMIR/tamir/myenv/bin/python3 (found version "3.12.3") found components: Interpreter 
-- Found rosidl_default_generators: 1.6.0 (/opt/ros/jazzy/share/rosidl_default_generators/cmake)
-- Using all available rosidl_typesupport_c: rosidl_typesupport_fastrtps_c;rosidl_typesupport_introspection_c
-- Using all available rosidl_typesupport_cpp: rosidl_typesupport_fastrtps_cpp;rosidl_typesupport_introspection_cpp
-- Found rosidl_adapter: 4.6.5 (/opt/ros/jazzy/share/rosidl_adapter/cmake)
-- Found geometry_msgs: 5.3.5 (/opt/ros/jazzy/share/geometry_msgs/cmake)
-- Found ament_cmake_ros: 0.12.0 (/opt/ros/jazzy/share/ament_cmake_ros/cmake)
-- Using all available rosidl_typesupport_c: rosidl_typesupport_fastrtps_c;rosidl_typesupport_introspection_c
-- Using all available rosidl_typesupport_cpp: rosidl_typesupport_fastrtps_cpp;rosidl_typesupport_introspection_cpp
-- Found python_cmake_module: 0.11.1 (/opt/ros/jazzy/share/python_cmake_module/cmake)
-- Found PythonExtra: /home/asaace00/repo/winter/project/TAMIR/tamir/myenv/bin/python3  
-- Found Python3: /home/asaace00/repo/winter/project/TAMIR/tamir/myenv/bin/python3 (found version "3.12.3") found components: Interpreter Development NumPy Development.Module Development.Embed 
-- Found ament_lint_auto: 0.17.1 (/opt/ros/jazzy/share/ament_lint_auto/cmake)
-- Added test 'lint_cmake' to check CMake code style
-- Added test 'xmllint' to check XML markup files
-- Configuring done (4.5s)
-- Generating done (0.0s)
-- Build files have been written to: /home/asaace00/repo/winter/project/build/tamir_interface
[  1%] [34m[1mGenerating type hashes for ROS interfaces[0m
[  1%] Built target ament_cmake_python_copy_tamir_interface
running egg_info
[  1%] Built target tamir_interface__rosidl_generator_type_description
creating tamir_interface.egg-info
writing tamir_interface.egg-info/PKG-INFO
writing dependency_links to tamir_interface.egg-info/dependency_links.txt
writing top-level names to tamir_interface.egg-info/top_level.txt
writing manifest file 'tamir_interface.egg-info/SOURCES.txt'
[  3%] [34m[1mGenerating C code for ROS interfaces[0m
[  5%] [34m[1mGenerating C++ code for ROS interfaces[0m
reading manifest file 'tamir_interface.egg-info/SOURCES.txt'
writing manifest file 'tamir_interface.egg-info/SOURCES.txt'
[  5%] Built target ament_cmake_python_build_tamir_interface_egg
[  5%] Built target tamir_interface__cpp
[  7%] [32mBuilding C object CMakeFiles/tamir_interface__rosidl_generator_c.dir/rosidl_generator_c/tamir_interface/srv/detail/waypoints__type_support.c.o[0m
[  9%] [32mBuilding C object CMakeFiles/tamir_interface__rosidl_generator_c.dir/rosidl_generator_c/tamir_interface/srv/detail/waypoints__description.c.o[0m
[ 11%] [32mBuilding C object CMakeFiles/tamir_interface__rosidl_generator_c.dir/rosidl_generator_c/tamir_interface/msg/detail/behavior_list__type_support.c.o[0m
[ 12%] [32mBuilding C object CMakeFiles/tamir_interface__rosidl_generator_c.dir/rosidl_generator_c/tamir_interface/srv/detail/waypoints__functions.c.o[0m
[ 14%] [32mBuilding C object CMakeFiles/tamir_interface__rosidl_generator_c.dir/rosidl_generator_c/tamir_interface/msg/detail/behaviors__description.c.o[0m
[ 16%] [32mBuilding C object CMakeFiles/tamir_interface__rosidl_generator_c.dir/rosidl_generator_c/tamir_interface/msg/detail/behaviors__functions.c.o[0m
[ 18%] [32mBuilding C object CMakeFiles/tamir_interface__rosidl_generator_c.dir/rosidl_generator_c/tamir_interface/msg/detail/behaviors__type_support.c.o[0m
[ 20%] [32mBuilding C object CMakeFiles/tamir_interface__rosidl_generator_c.dir/rosidl_generator_c/tamir_interface/msg/detail/behavior_list__description.c.o[0m
[ 22%] [32mBuilding C object CMakeFiles/tamir_interface__rosidl_generator_c.dir/rosidl_generator_c/tamir_interface/msg/detail/behavior_list__functions.c.o[0m
[ 24%] [32m[1mLinking C shared library libtamir_interface__rosidl_generator_c.so[0m
[ 24%] Built target tamir_interface__rosidl_generator_c
[ 25%] [34m[1mGenerating C type support dispatch for ROS interfaces[0m
[ 27%] [34m[1mGenerating C++ type support dispatch for ROS interfaces[0m
[ 29%] [34m[1mGenerating C type support for eProsima Fast-RTPS[0m
[ 31%] [34m[1mGenerating C introspection for ROS interfaces[0m
[ 33%] [34m[1mGenerating C++ type support for eProsima Fast-RTPS[0m
[ 35%] [34m[1mGenerating C++ introspection for ROS interfaces[0m
[ 37%] [32mBuilding CXX object CMakeFiles/tamir_interface__rosidl_typesupport_c.dir/rosidl_typesupport_c/tamir_interface/msg/behaviors__type_support.cpp.o[0m
[ 38%] [32mBuilding CXX object CMakeFiles/tamir_interface__rosidl_typesupport_c.dir/rosidl_typesupport_c/tamir_interface/srv/waypoints__type_support.cpp.o[0m
[ 40%] [32mBuilding CXX object CMakeFiles/tamir_interface__rosidl_typesupport_c.dir/rosidl_typesupport_c/tamir_interface/msg/behavior_list__type_support.cpp.o[0m
[ 42%] [32mBuilding CXX object CMakeFiles/tamir_interface__rosidl_typesupport_cpp.dir/rosidl_typesupport_cpp/tamir_interface/msg/behavior_list__type_support.cpp.o[0m
[ 44%] [32mBuilding CXX object CMakeFiles/tamir_interface__rosidl_typesupport_cpp.dir/rosidl_typesupport_cpp/tamir_interface/srv/waypoints__type_support.cpp.o[0m
[ 46%] [32mBuilding CXX object CMakeFiles/tamir_interface__rosidl_typesupport_cpp.dir/rosidl_typesupport_cpp/tamir_interface/msg/behaviors__type_support.cpp.o[0m
[ 48%] [32mBuilding CXX object CMakeFiles/tamir_interface__rosidl_typesupport_introspection_cpp.dir/rosidl_typesupport_introspection_cpp/tamir_interface/msg/detail/behavior_list__type_support.cpp.o[0m
[ 51%] [32mBuilding CXX object CMakeFiles/tamir_interface__rosidl_typesupport_introspection_cpp.dir/rosidl_typesupport_introspection_cpp/tamir_interface/srv/detail/waypoints__type_support.cpp.o[0m
[ 51%] [32mBuilding CXX object CMakeFiles/tamir_interface__rosidl_typesupport_introspection_cpp.dir/rosidl_typesupport_introspection_cpp/tamir_interface/msg/detail/behaviors__type_support.cpp.o[0m
[ 53%] [32mBuilding C object CMakeFiles/tamir_interface__rosidl_typesupport_introspection_c.dir/rosidl_typesupport_introspection_c/tamir_interface/srv/detail/waypoints__type_support.c.o[0m
[ 57%] [32mBuilding C object CMakeFiles/tamir_interface__rosidl_typesupport_introspection_c.dir/rosidl_typesupport_introspection_c/tamir_interface/msg/detail/behaviors__type_support.c.o[0m
[ 57%] [32mBuilding C object CMakeFiles/tamir_interface__rosidl_typesupport_introspection_c.dir/rosidl_typesupport_introspection_c/tamir_interface/msg/detail/behavior_list__type_support.c.o[0m
[ 59%] [32m[1mLinking CXX shared library libtamir_interface__rosidl_typesupport_c.so[0m
[ 59%] Built target tamir_interface__rosidl_typesupport_c
[ 61%] [32mBuilding CXX object CMakeFiles/tamir_interface__rosidl_typesupport_fastrtps_cpp.dir/rosidl_typesupport_fastrtps_cpp/tamir_interface/srv/detail/dds_fastrtps/waypoints__type_support.cpp.o[0m
[ 62%] [32mBuilding CXX object CMakeFiles/tamir_interface__rosidl_typesupport_fastrtps_cpp.dir/rosidl_typesupport_fastrtps_cpp/tamir_interface/msg/detail/dds_fastrtps/behaviors__type_support.cpp.o[0m
[ 64%] [32mBuilding CXX object CMakeFiles/tamir_interface__rosidl_typesupport_fastrtps_cpp.dir/rosidl_typesupport_fastrtps_cpp/tamir_interface/msg/detail/dds_fastrtps/behavior_list__type_support.cpp.o[0m
[ 66%] [32m[1mLinking C shared library libtamir_interface__rosidl_typesupport_introspection_c.so[0m
[ 68%] [32mBuilding CXX object CMakeFiles/tamir_interface__rosidl_typesupport_fastrtps_c.dir/rosidl_typesupport_fastrtps_c/tamir_interface/msg/detail/behaviors__type_support_c.cpp.o[0m
[ 70%] [32mBuilding CXX object CMakeFiles/tamir_interface__rosidl_typesupport_fastrtps_c.dir/rosidl_typesupport_fastrtps_c/tamir_interface/srv/detail/waypoints__type_support_c.cpp.o[0m
[ 72%] [32mBuilding CXX object CMakeFiles/tamir_interface__rosidl_typesupport_fastrtps_c.dir/rosidl_typesupport_fastrtps_c/tamir_interface/msg/detail/behavior_list__type_support_c.cpp.o[0m
[ 72%] Built target tamir_interface__rosidl_typesupport_introspection_c
[ 74%] [32m[1mLinking CXX shared library libtamir_interface__rosidl_typesupport_cpp.so[0m
[ 74%] Built target tamir_interface__rosidl_typesupport_cpp
[ 75%] [32m[1mLinking CXX shared library libtamir_interface__rosidl_typesupport_introspection_cpp.so[0m
[ 75%] Built target tamir_interface__rosidl_typesupport_introspection_cpp
[ 77%] [32m[1mLinking CXX shared library libtamir_interface__rosidl_typesupport_fastrtps_c.so[0m
[ 79%] [32m[1mLinking CXX shared library libtamir_interface__rosidl_typesupport_fastrtps_cpp.so[0m
[ 79%] Built target tamir_interface__rosidl_typesupport_fastrtps_c
[ 79%] Built target tamir_interface__rosidl_typesupport_fastrtps_cpp
[ 79%] Built target tamir_interface
[ 81%] [34m[1mGenerating Python code for ROS interfaces[0m
[ 81%] Built target tamir_interface__py
[ 83%] [32mBuilding C object CMakeFiles/tamir_interface__rosidl_generator_py.dir/rosidl_generator_py/tamir_interface/msg/_behaviors_s.c.o[0m
[ 87%] [32mBuilding C object CMakeFiles/tamir_interface__rosidl_generator_py.dir/rosidl_generator_py/tamir_interface/srv/_waypoints_s.c.o[0m
[ 87%] [32mBuilding C object CMakeFiles/tamir_interface__rosidl_generator_py.dir/rosidl_generator_py/tamir_interface/msg/_behavior_list_s.c.o[0m
[ 88%] [32m[1mLinking C shared library libtamir_interface__rosidl_generator_py.so[0m
[ 88%] Built target tamir_interface__rosidl_generator_py
[ 90%] [32mBuilding C object CMakeFiles/tamir_interface_s__rosidl_typesupport_c.dir/rosidl_generator_py/tamir_interface/_tamir_interface_s.ep.rosidl_typesupport_c.c.o[0m
[ 92%] [32mBuilding C object CMakeFiles/tamir_interface_s__rosidl_typesupport_fastrtps_c.dir/rosidl_generator_py/tamir_interface/_tamir_interface_s.ep.rosidl_typesupport_fastrtps_c.c.o[0m
[ 94%] [32mBuilding C object CMakeFiles/tamir_interface_s__rosidl_typesupport_introspection_c.dir/rosidl_generator_py/tamir_interface/_tamir_interface_s.ep.rosidl_typesupport_introspection_c.c.o[0m
[ 96%] [32m[1mLinking C shared module rosidl_generator_py/tamir_interface/tamir_interface_s__rosidl_typesupport_c.so[0m
[ 98%] [32m[1mLinking C shared module rosidl_generator_py/tamir_interface/tamir_interface_s__rosidl_typesupport_introspection_c.so[0m
[100%] [32m[1mLinking C shared module rosidl_generator_py/tamir_interface/tamir_interface_s__rosidl_typesupport_fastrtps_c.so[0m
[100%] Built target tamir_interface_s__rosidl_typesupport_c
[100%] Built target tamir_interface_s__rosidl_typesupport_introspection_c
[100%] Built target tamir_interface_s__rosidl_typesupport_fastrtps_c
-- Install configuration: ""
-- Installing: /home/asaace00/repo/winter/project/install/tamir_interface/share/ament_index/resource_index/rosidl_interfaces/tamir_interface
-- Installing: /home/asaace00/repo/winter/project/install/tamir_interface/share/tamir_interface/srv/Waypoints.json
-- Installing: /home/asaace00/repo/winter/project/install/tamir_interface/share/tamir_interface/msg/Behaviors.json
-- Installing: /home/asaace00/repo/winter/project/install/tamir_interface/share/tamir_interface/msg/BehaviorList.json
-- Installing: /home/asaace00/repo/winter/project/install/tamir_interface/include/tamir_interface/tamir_interface
-- Installing: /home/asaace00/repo/winter/project/install/tamir_interface/include/tamir_interface/tamir_interface/srv
-- Installing: /home/asaace00/repo/winter/project/install/tamir_interface/include/tamir_interface/tamir_interface/srv/waypoints.h
-- Installing: /home/asaace00/repo/winter/project/install/tamir_interface/include/tamir_interface/tamir_interface/srv/detail
-- Installing: /home/asaace00/repo/winter/project/install/tamir_interface/include/tamir_interface/tamir_interface/srv/detail/waypoints__type_support.c
-- Installing: /home/asaace00/repo/winter/project/install/tamir_interface/include/tamir_interface/tamir_interface/srv/detail/waypoints__description.c
-- Installing: /home/asaace00/repo/winter/project/install/tamir_interface/include/tamir_interface/tamir_interface/srv/detail/waypoints__type_support.h
-- Installing: /home/asaace00/repo/winter/project/install/tamir_interface/include/tamir_interface/tamir_interface/srv/detail/waypoints__struct.h
-- Installing: /home/asaace00/repo/winter/project/install/tamir_interface/include/tamir_interface/tamir_interface/srv/detail/waypoints__functions.h
-- Installing: /home/asaace00/repo/winter/project/install/tamir_interface/include/tamir_interface/tamir_interface/srv/detail/waypoints__functions.c
-- Installing: /home/asaace00/repo/winter/project/install/tamir_interface/include/tamir_interface/tamir_interface/msg
-- Installing: /home/asaace00/repo/winter/project/install/tamir_interface/include/tamir_interface/tamir_interface/msg/behavior_list.h
-- Installing: /home/asaace00/repo/winter/project/install/tamir_interface/include/tamir_interface/tamir_interface/msg/behaviors.h
-- Installing: /home/asaace00/repo/winter/project/install/tamir_interface/include/tamir_interface/tamir_interface/msg/rosidl_generator_c__visibility_control.h
-- Installing: /home/asaace00/repo/winter/project/install/tamir_interface/include/tamir_interface/tamir_interface/msg/detail
-- Installing: /home/asaace00/repo/winter/project/install/tamir_interface/include/tamir_interface/tamir_interface/msg/detail/behavior_list__description.c
-- Installing: /home/asaace00/repo/winter/project/install/tamir_interface/include/tamir_interface/tamir_interface/msg/detail/behavior_list__type_support.h
-- Installing: /home/asaace00/repo/winter/project/install/tamir_interface/include/tamir_interface/tamir_interface/msg/detail/behaviors__functions.h
-- Installing: /home/asaace00/repo/winter/project/install/tamir_interface/include/tamir_interface/tamir_interface/msg/detail/behaviors__type_support.h
-- Installing: /home/asaace00/repo/winter/project/install/tamir_interface/include/tamir_interface/tamir_interface/msg/detail/behaviors__description.c
-- Installing: /home/asaace00/repo/winter/project/install/tamir_interface/include/tamir_interface/tamir_interface/msg/detail/behaviors__functions.c
-- Installing: /home/asaace00/repo/winter/project/install/tamir_interface/include/tamir_interface/tamir_interface/msg/detail/behavior_list__functions.h
-- Installing: /home/asaace00/repo/winter/project/install/tamir_interface/include/tamir_interface/tamir_interface/msg/detail/behaviors__type_support.c
-- Installing: /home/asaace00/repo/winter/project/install/tamir_interface/include/tamir_interface/tamir_interface/msg/detail/behaviors__struct.h
-- Installing: /home/asaace00/repo/winter/project/install/tamir_interface/include/tamir_interface/tamir_interface/msg/detail/behavior_list__type_support.c
-- Installing: /home/asaace00/repo/winter/project/install/tamir_interface/include/tamir_interface/tamir_interface/msg/detail/behavior_list__struct.h
-- Installing: /home/asaace00/repo/winter/project/install/tamir_interface/include/tamir_interface/tamir_interface/msg/detail/behavior_list__functions.c
-- Installing: /home/asaace00/repo/winter/project/install/tamir_interface/share/tamir_interface/environment/library_path.sh
-- Installing: /home/asaace00/repo/winter/project/install/tamir_interface/share/tamir_interface/environment/library_path.dsv
-- Installing: /home/asaace00/repo/winter/project/install/tamir_interface/lib/libtamir_interface__rosidl_generator_c.so
-- Set non-toolchain portion of runtime path of "/home/asaace00/repo/winter/project/install/tamir_interface/lib/libtamir_interface__rosidl_generator_c.so" to ""
-- Up-to-date: /home/asaace00/repo/winter/project/install/tamir_interface/include/tamir_interface/tamir_interface
-- Up-to-date: /home/asaace00/repo/winter/project/install/tamir_interface/include/tamir_interface/tamir_interface/srv
-- Up-to-date: /home/asaace00/repo/winter/project/install/tamir_interface/include/tamir_interface/tamir_interface/srv/detail
-- Installing: /home/asaace00/repo/winter/project/install/tamir_interface/include/tamir_interface/tamir_interface/srv/detail/waypoints__rosidl_typesupport_fastrtps_c.h
-- Up-to-date: /home/asaace00/repo/winter/project/install/tamir_interface/include/tamir_interface/tamir_interface/msg
-- Installing: /home/asaace00/repo/winter/project/install/tamir_interface/include/tamir_interface/tamir_interface/msg/rosidl_typesupport_fastrtps_c__visibility_control.h
-- Up-to-date: /home/asaace00/repo/winter/project/install/tamir_interface/include/tamir_interface/tamir_interface/msg/detail
-- Installing: /home/asaace00/repo/winter/project/install/tamir_interface/include/tamir_interface/tamir_interface/msg/detail/behaviors__rosidl_typesupport_fastrtps_c.h
-- Installing: /home/asaace00/repo/winter/project/install/tamir_interface/include/tamir_interface/tamir_interface/msg/detail/behavior_list__rosidl_typesupport_fastrtps_c.h
-- Installing: /home/asaace00/repo/winter/project/install/tamir_interface/lib/libtamir_interface__rosidl_typesupport_fastrtps_c.so
-- Set non-toolchain portion of runtime path of "/home/asaace00/repo/winter/project/install/tamir_interface/lib/libtamir_interface__rosidl_typesupport_fastrtps_c.so" to ""
-- Up-to-date: /home/asaace00/repo/winter/project/install/tamir_interface/include/tamir_interface/tamir_interface
-- Up-to-date: /home/asaace00/repo/winter/project/install/tamir_interface/include/tamir_interface/tamir_interface/srv
-- Up-to-date: /home/asaace00/repo/winter/project/install/tamir_interface/include/tamir_interface/tamir_interface/srv/detail
-- Installing: /home/asaace00/repo/winter/project/install/tamir_interface/include/tamir_interface/tamir_interface/srv/detail/waypoints__type_support.c
-- Installing: /home/asaace00/repo/winter/project/install/tamir_interface/include/tamir_interface/tamir_interface/srv/detail/waypoints__rosidl_typesupport_introspection_c.h
-- Up-to-date: /home/asaace00/repo/winter/project/install/tamir_interface/include/tamir_interface/tamir_interface/msg
-- Installing: /home/asaace00/repo/winter/project/install/tamir_interface/include/tamir_interface/tamir_interface/msg/rosidl_typesupport_introspection_c__visibility_control.h
-- Up-to-date: /home/asaace00/repo/winter/project/install/tamir_interface/include/tamir_interface/tamir_interface/msg/detail
-- Installing: /home/asaace00/repo/winter/project/install/tamir_interface/include/tamir_interface/tamir_interface/msg/detail/behaviors__rosidl_typesupport_introspection_c.h
-- Installing: /home/asaace00/repo/winter/project/install/tamir_interface/include/tamir_interface/tamir_interface/msg/detail/behavior_list__rosidl_typesupport_introspection_c.h
-- Installing: /home/asaace00/repo/winter/project/install/tamir_interface/include/tamir_interface/tamir_interface/msg/detail/behaviors__type_support.c
-- Installing: /home/asaace00/repo/winter/project/install/tamir_interface/include/tamir_interface/tamir_interface/msg/detail/behavior_list__type_support.c
-- Installing: /home/asaace00/repo/winter/project/install/tamir_interface/lib/libtamir_interface__rosidl_typesupport_introspection_c.so
-- Set non-toolchain portion of runtime path of "/home/asaace00/repo/winter/project/install/tamir_interface/lib/libtamir_interface__rosidl_typesupport_introspection_c.so" to ""
-- Installing: /home/asaace00/repo/winter/project/install/tamir_interface/lib/libtamir_interface__rosidl_typesupport_c.so
-- Set non-toolchain portion of runtime path of "/home/asaace00/repo/winter/project/install/tamir_interface/lib/libtamir_interface__rosidl_typesupport_c.so" to ""
-- Up-to-date: /home/asaace00/repo/winter/project/install/tamir_interface/include/tamir_interface/tamir_interface
-- Up-to-date: /home/asaace00/repo/winter/project/install/tamir_interface/include/tamir_interface/tamir_interface/srv
-- Installing: /home/asaace00/repo/winter/project/install/tamir_interface/include/tamir_interface/tamir_interface/srv/waypoints.hpp
-- Up-to-date: /home/asaace00/repo/winter/project/install/tamir_interface/include/tamir_interface/tamir_interface/srv/detail
-- Installing: /home/asaace00/repo/winter/project/install/tamir_interface/include/tamir_interface/tamir_interface/srv/detail/waypoints__builder.hpp
-- Installing: /home/asaace00/repo/winter/project/install/tamir_interface/include/tamir_interface/tamir_interface/srv/detail/waypoints__struct.hpp
-- Installing: /home/asaace00/repo/winter/project/install/tamir_interface/include/tamir_interface/tamir_interface/srv/detail/waypoints__traits.hpp
-- Installing: /home/asaace00/repo/winter/project/install/tamir_interface/include/tamir_interface/tamir_interface/srv/detail/waypoints__type_support.hpp
-- Up-to-date: /home/asaace00/repo/winter/project/install/tamir_interface/include/tamir_interface/tamir_interface/msg
-- Installing: /home/asaace00/repo/winter/project/install/tamir_interface/include/tamir_interface/tamir_interface/msg/behavior_list.hpp
-- Installing: /home/asaace00/repo/winter/project/install/tamir_interface/include/tamir_interface/tamir_interface/msg/rosidl_generator_cpp__visibility_control.hpp
-- Installing: /home/asaace00/repo/winter/project/install/tamir_interface/include/tamir_interface/tamir_interface/msg/behaviors.hpp
-- Up-to-date: /home/asaace00/repo/winter/project/install/tamir_interface/include/tamir_interface/tamir_interface/msg/detail
-- Installing: /home/asaace00/repo/winter/project/install/tamir_interface/include/tamir_interface/tamir_interface/msg/detail/behavior_list__type_support.hpp
-- Installing: /home/asaace00/repo/winter/project/install/tamir_interface/include/tamir_interface/tamir_interface/msg/detail/behaviors__struct.hpp
-- Installing: /home/asaace00/repo/winter/project/install/tamir_interface/include/tamir_interface/tamir_interface/msg/detail/behaviors__traits.hpp
-- Installing: /home/asaace00/repo/winter/project/install/tamir_interface/include/tamir_interface/tamir_interface/msg/detail/behavior_list__traits.hpp
-- Installing: /home/asaace00/repo/winter/project/install/tamir_interface/include/tamir_interface/tamir_interface/msg/detail/behavior_list__struct.hpp
-- Installing: /home/asaace00/repo/winter/project/install/tamir_interface/include/tamir_interface/tamir_interface/msg/detail/behaviors__type_support.hpp
-- Installing: /home/asaace00/repo/winter/project/install/tamir_interface/include/tamir_interface/tamir_interface/msg/detail/behaviors__builder.hpp
-- Installing: /home/asaace00/repo/winter/project/install/tamir_interface/include/tamir_interface/tamir_interface/msg/detail/behavior_list__builder.hpp
-- Up-to-date: /home/asaace00/repo/winter/project/install/tamir_interface/include/tamir_interface/tamir_interface
-- Up-to-date: /home/asaace00/repo/winter/project/install/tamir_interface/include/tamir_interface/tamir_interface/srv
-- Up-to-date: /home/asaace00/repo/winter/project/install/tamir_interface/include/tamir_interface/tamir_interface/srv/detail
-- Installing: /home/asaace00/repo/winter/project/install/tamir_interface/include/tamir_interface/tamir_interface/srv/detail/dds_fastrtps
-- Installing: /home/asaace00/repo/winter/project/install/tamir_interface/include/tamir_interface/tamir_interface/srv/detail/waypoints__rosidl_typesupport_fastrtps_cpp.hpp
-- Up-to-date: /home/asaace00/repo/winter/project/install/tamir_interface/include/tamir_interface/tamir_interface/msg
-- Installing: /home/asaace00/repo/winter/project/install/tamir_interface/include/tamir_interface/tamir_interface/msg/rosidl_typesupport_fastrtps_cpp__visibility_control.h
-- Up-to-date: /home/asaace00/repo/winter/project/install/tamir_interface/include/tamir_interface/tamir_interface/msg/detail
-- Installing: /home/asaace00/repo/winter/project/install/tamir_interface/include/tamir_interface/tamir_interface/msg/detail/behaviors__rosidl_typesupport_fastrtps_cpp.hpp
-- Installing: /home/asaace00/repo/winter/project/install/tamir_interface/include/tamir_interface/tamir_interface/msg/detail/behavior_list__rosidl_typesupport_fastrtps_cpp.hpp
-- Installing: /home/asaace00/repo/winter/project/install/tamir_interface/include/tamir_interface/tamir_interface/msg/detail/dds_fastrtps
-- Installing: /home/asaace00/repo/winter/project/install/tamir_interface/lib/libtamir_interface__rosidl_typesupport_fastrtps_cpp.so
-- Set non-toolchain portion of runtime path of "/home/asaace00/repo/winter/project/install/tamir_interface/lib/libtamir_interface__rosidl_typesupport_fastrtps_cpp.so" to ""
-- Up-to-date: /home/asaace00/repo/winter/project/install/tamir_interface/include/tamir_interface/tamir_interface
-- Up-to-date: /home/asaace00/repo/winter/project/install/tamir_interface/include/tamir_interface/tamir_interface/srv
-- Up-to-date: /home/asaace00/repo/winter/project/install/tamir_interface/include/tamir_interface/tamir_interface/srv/detail
-- Installing: /home/asaace00/repo/winter/project/install/tamir_interface/include/tamir_interface/tamir_interface/srv/detail/waypoints__type_support.cpp
-- Installing: /home/asaace00/repo/winter/project/install/tamir_interface/include/tamir_interface/tamir_interface/srv/detail/waypoints__rosidl_typesupport_introspection_cpp.hpp
-- Up-to-date: /home/asaace00/repo/winter/project/install/tamir_interface/include/tamir_interface/tamir_interface/msg
-- Up-to-date: /home/asaace00/repo/winter/project/install/tamir_interface/include/tamir_interface/tamir_interface/msg/detail
-- Installing: /home/asaace00/repo/winter/project/install/tamir_interface/include/tamir_interface/tamir_interface/msg/detail/behaviors__type_support.cpp
-- Installing: /home/asaace00/repo/winter/project/install/tamir_interface/include/tamir_interface/tamir_interface/msg/detail/behavior_list__type_support.cpp
-- Installing: /home/asaace00/repo/winter/project/install/tamir_interface/include/tamir_interface/tamir_interface/msg/detail/behavior_list__rosidl_typesupport_introspection_cpp.hpp
-- Installing: /home/asaace00/repo/winter/project/install/tamir_interface/include/tamir_interface/tamir_interface/msg/detail/behaviors__rosidl_typesupport_introspection_cpp.hpp
-- Installing: /home/asaace00/repo/winter/project/install/tamir_interface/lib/libtamir_interface__rosidl_typesupport_introspection_cpp.so
-- Set non-toolchain portion of runtime path of "/home/asaace00/repo/winter/project/install/tamir_interface/lib/libtamir_interface__rosidl_typesupport_introspection_cpp.so" to ""
-- Installing: /home/asaace00/repo/winter/project/install/tamir_interface/lib/libtamir_interface__rosidl_typesupport_cpp.so
-- Set non-toolchain portion of runtime path of "/home/asaace00/repo/winter/project/install/tamir_interface/lib/libtamir_interface__rosidl_typesupport_cpp.so" to ""
-- Installing: /home/asaace00/repo/winter/project/install/tamir_interface/share/tamir_interface/environment/pythonpath.sh
-- Installing: /home/asaace00/repo/winter/project/install/tamir_interface/share/tamir_interface/environment/pythonpath.dsv
-- Installing: /home/asaace00/repo/winter/project/install/tamir_interface/lib/python3.12/site-packages/tamir_interface-0.0.0-py3.12.egg-info
-- Installing: /home/asaace00/repo/winter/project/install/tamir_interface/lib/python3.12/site-packages/tamir_interface-0.0.0-py3.12.egg-info/dependency_links.txt
-- Installing: /home/asaace00/repo/winter/project/install/tamir_interface/lib/python3.12/site-packages/tamir_interface-0.0.0-py3.12.egg-info/top_level.txt
-- Installing: /home/asaace00/repo/winter/project/install/tamir_interface/lib/python3.12/site-packages/tamir_interface-0.0.0-py3.12.egg-info/SOURCES.txt
-- Installing: /home/asaace00/repo/winter/project/install/tamir_interface/lib/python3.12/site-packages/tamir_interface-0.0.0-py3.12.egg-info/PKG-INFO
-- Installing: /home/asaace00/repo/winter/project/install/tamir_interface/lib/python3.12/site-packages/tamir_interface
-- Installing: /home/asaace00/repo/winter/project/install/tamir_interface/lib/python3.12/site-packages/tamir_interface/srv
-- Installing: /home/asaace00/repo/winter/project/install/tamir_interface/lib/python3.12/site-packages/tamir_interface/srv/_waypoints_s.c
-- Installing: /home/asaace00/repo/winter/project/install/tamir_interface/lib/python3.12/site-packages/tamir_interface/srv/__init__.py
-- Installing: /home/asaace00/repo/winter/project/install/tamir_interface/lib/python3.12/site-packages/tamir_interface/srv/_waypoints.py
-- Installing: /home/asaace00/repo/winter/project/install/tamir_interface/lib/python3.12/site-packages/tamir_interface/_tamir_interface_s.ep.rosidl_typesupport_introspection_c.c
-- Installing: /home/asaace00/repo/winter/project/install/tamir_interface/lib/python3.12/site-packages/tamir_interface/msg
-- Installing: /home/asaace00/repo/winter/project/install/tamir_interface/lib/python3.12/site-packages/tamir_interface/msg/_behaviors.py
-- Installing: /home/asaace00/repo/winter/project/install/tamir_interface/lib/python3.12/site-packages/tamir_interface/msg/_behavior_list.py
-- Installing: /home/asaace00/repo/winter/project/install/tamir_interface/lib/python3.12/site-packages/tamir_interface/msg/_behavior_list_s.c
-- Installing: /home/asaace00/repo/winter/project/install/tamir_interface/lib/python3.12/site-packages/tamir_interface/msg/__init__.py
-- Installing: /home/asaace00/repo/winter/project/install/tamir_interface/lib/python3.12/site-packages/tamir_interface/msg/_behaviors_s.c
-- Installing: /home/asaace00/repo/winter/project/install/tamir_interface/lib/python3.12/site-packages/tamir_interface/_tamir_interface_s.ep.rosidl_typesupport_c.c
-- Installing: /home/asaace00/repo/winter/project/install/tamir_interface/lib/python3.12/site-packages/tamir_interface/tamir_interface_s__rosidl_typesupport_fastrtps_c.so
-- Installing: /home/asaace00/repo/winter/project/install/tamir_interface/lib/python3.12/site-packages/tamir_interface/_tamir_interface_s.ep.rosidl_typesupport_fastrtps_c.c
-- Installing: /home/asaace00/repo/winter/project/install/tamir_interface/lib/python3.12/site-packages/tamir_interface/tamir_interface_s__rosidl_typesupport_c.so
-- Installing: /home/asaace00/repo/winter/project/install/tamir_interface/lib/python3.12/site-packages/tamir_interface/__init__.py
-- Installing: /home/asaace00/repo/winter/project/install/tamir_interface/lib/python3.12/site-packages/tamir_interface/tamir_interface_s__rosidl_typesupport_introspection_c.so
Listing '/home/asaace00/repo/winter/project/install/tamir_interface/lib/python3.12/site-packages/tamir_interface'...
Compiling '/home/asaace00/repo/winter/project/install/tamir_interface/lib/python3.12/site-packages/tamir_interface/__init__.py'...
Listing '/home/asaace00/repo/winter/project/install/tamir_interface/lib/python3.12/site-packages/tamir_interface/msg'...
Compiling '/home/asaace00/repo/winter/project/install/tamir_interface/lib/python3.12/site-packages/tamir_interface/msg/__init__.py'...
Compiling '/home/asaace00/repo/winter/project/install/tamir_interface/lib/python3.12/site-packages/tamir_interface/msg/_behavior_list.py'...
Compiling '/home/asaace00/repo/winter/project/install/tamir_interface/lib/python3.12/site-packages/tamir_interface/msg/_behaviors.py'...
Listing '/home/asaace00/repo/winter/project/install/tamir_interface/lib/python3.12/site-packages/tamir_interface/srv'...
Compiling '/home/asaace00/repo/winter/project/install/tamir_interface/lib/python3.12/site-packages/tamir_interface/srv/__init__.py'...
Compiling '/home/asaace00/repo/winter/project/install/tamir_interface/lib/python3.12/site-packages/tamir_interface/srv/_waypoints.py'...
-- Installing: /home/asaace00/repo/winter/project/install/tamir_interface/lib/python3.12/site-packages/tamir_interface/tamir_interface_s__rosidl_typesupport_fastrtps_c.so
-- Set non-toolchain portion of runtime path of "/home/asaace00/repo/winter/project/install/tamir_interface/lib/python3.12/site-packages/tamir_interface/tamir_interface_s__rosidl_typesupport_fastrtps_c.so" to ""
-- Installing: /home/asaace00/repo/winter/project/install/tamir_interface/lib/python3.12/site-packages/tamir_interface/tamir_interface_s__rosidl_typesupport_introspection_c.so
-- Set non-toolchain portion of runtime path of "/home/asaace00/repo/winter/project/install/tamir_interface/lib/python3.12/site-packages/tamir_interface/tamir_interface_s__rosidl_typesupport_introspection_c.so" to ""
-- Installing: /home/asaace00/repo/winter/project/install/tamir_interface/lib/python3.12/site-packages/tamir_interface/tamir_interface_s__rosidl_typesupport_c.so
-- Set non-toolchain portion of runtime path of "/home/asaace00/repo/winter/project/install/tamir_interface/lib/python3.12/site-packages/tamir_interface/tamir_interface_s__rosidl_typesupport_c.so" to ""
-- Installing: /home/asaace00/repo/winter/project/install/tamir_interface/lib/libtamir_interface__rosidl_generator_py.so
-- Set non-toolchain portion of runtime path of "/home/asaace00/repo/winter/project/install/tamir_interface/lib/libtamir_interface__rosidl_generator_py.so" to ""
-- Installing: /home/asaace00/repo/winter/project/install/tamir_interface/share/tamir_interface/srv/Waypoints.idl
-- Installing: /home/asaace00/repo/winter/project/install/tamir_interface/share/tamir_interface/msg/Behaviors.idl
-- Installing: /home/asaace00/repo/winter/project/install/tamir_interface/share/tamir_interface/msg/BehaviorList.idl
-- Installing: /home/asaace00/repo/winter/project/install/tamir_interface/share/tamir_interface/srv/Waypoints.srv
-- Installing: /home/asaace00/repo/winter/project/install/tamir_interface/share/tamir_interface/msg/Behaviors.msg
-- Installing: /home/asaace00/repo/winter/project/install/tamir_interface/share/tamir_interface/msg/BehaviorList.msg
-- Up-to-date: /home/asaace00/repo/winter/project/install/tamir_interface/share/tamir_interface/msg
-- Up-to-date: /home/asaace00/repo/winter/project/install/tamir_interface/share/tamir_interface/msg/BehaviorList.msg
-- Up-to-date: /home/asaace00/repo/winter/project/install/tamir_interface/share/tamir_interface/msg/Behaviors.msg
-- Up-to-date: /home/asaace00/repo/winter/project/install/tamir_interface/share/tamir_interface/srv
-- Up-to-date: /home/asaace00/repo/winter/project/install/tamir_interface/share/tamir_interface/srv/Waypoints.srv
-- Installing: /home/asaace00/repo/winter/project/install/tamir_interface/share/ament_index/resource_index/package_run_dependencies/tamir_interface
-- Installing: /home/asaace00/repo/winter/project/install/tamir_interface/share/ament_index/resource_index/parent_prefix_path/tamir_interface
-- Installing: /home/asaace00/repo/winter/project/install/tamir_interface/share/tamir_interface/environment/ament_prefix_path.sh
-- Installing: /home/asaace00/repo/winter/project/install/tamir_interface/share/tamir_interface/environment/ament_prefix_path.dsv
-- Installing: /home/asaace00/repo/winter/project/install/tamir_interface/share/tamir_interface/environment/path.sh
-- Installing: /home/asaace00/repo/winter/project/install/tamir_interface/share/tamir_interface/environment/path.dsv
-- Installing: /home/asaace00/repo/winter/project/install/tamir_interface/share/tamir_interface/local_setup.bash
-- Installing: /home/asaace00/repo/winter/project/install/tamir_interface/share/tamir_interface/local_setup.sh
-- Installing: /home/asaace00/repo/winter/project/install/tamir_interface/share/tamir_interface/local_setup.zsh
-- Installing: /home/asaace00/repo/winter/project/install/tamir_interface/share/tamir_interface/local_setup.dsv
-- Installing: /home/asaace00/repo/winter/project/install/tamir_interface/share/tamir_interface/package.dsv
-- Installing: /home/asaace00/repo/winter/project/install/tamir_interface/share/ament_index/resource_index/packages/tamir_interface
-- Installing: /home/asaace00/repo/winter/project/install/tamir_interface/share/tamir_interface/cmake/export_tamir_interface__rosidl_generator_cExport.cmake
-- Installing: /home/asaace00/repo/winter/project/install/tamir_interface/share/tamir_interface/cmake/export_tamir_interface__rosidl_generator_cExport-noconfig.cmake
-- Installing: /home/asaace00/repo/winter/project/install/tamir_interface/share/tamir_interface/cmake/export_tamir_interface__rosidl_typesupport_fastrtps_cExport.cmake
-- Installing: /home/asaace00/repo/winter/project/install/tamir_interface/share/tamir_interface/cmake/export_tamir_interface__rosidl_typesupport_fastrtps_cExport-noconfig.cmake
-- Installing: /home/asaace00/repo/winter/project/install/tamir_interface/share/tamir_interface/cmake/tamir_interface__rosidl_typesupport_introspection_cExport.cmake
-- Installing: /home/asaace00/repo/winter/project/install/tamir_interface/share/tamir_interface/cmake/tamir_interface__rosidl_typesupport_introspection_cExport-noconfig.cmake
-- Installing: /home/asaace00/repo/winter/project/install/tamir_interface/share/tamir_interface/cmake/tamir_interface__rosidl_typesupport_cExport.cmake
-- Installing: /home/asaace00/repo/winter/project/install/tamir_interface/share/tamir_interface/cmake/tamir_interface__rosidl_typesupport_cExport-noconfig.cmake
-- Installing: /home/asaace00/repo/winter/project/install/tamir_interface/share/tamir_interface/cmake/export_tamir_interface__rosidl_generator_cppExport.cmake
-- Installing: /home/asaace00/repo/winter/project/install/tamir_interface/share/tamir_interface/cmake/export_tamir_interface__rosidl_typesupport_fastrtps_cppExport.cmake
-- Installing: /home/asaace00/repo/winter/project/install/tamir_interface/share/tamir_interface/cmake/export_tamir_interface__rosidl_typesupport_fastrtps_cppExport-noconfig.cmake
-- Installing: /home/asaace00/repo/winter/project/install/tamir_interface/share/tamir_interface/cmake/tamir_interface__rosidl_typesupport_introspection_cppExport.cmake
-- Installing: /home/asaace00/repo/winter/project/install/tamir_interface/share/tamir_interface/cmake/tamir_interface__rosidl_typesupport_introspection_cppExport-noconfig.cmake
-- Installing: /home/asaace00/repo/winter/project/install/tamir_interface/share/tamir_interface/cmake/tamir_interface__rosidl_typesupport_cppExport.cmake
-- Installing: /home/asaace00/repo/winter/project/install/tamir_interface/share/tamir_interface/cmake/tamir_interface__rosidl_typesupport_cppExport-noconfig.cmake
-- Installing: /home/asaace00/repo/winter/project/install/tamir_interface/share/tamir_interface/cmake/export_tamir_interface__rosidl_generator_pyExport.cmake
-- Installing: /home/asaace00/repo/winter/project/install/tamir_interface/share/tamir_interface/cmake/export_tamir_interface__rosidl_generator_pyExport-noconfig.cmake
-- Installing: /home/asaace00/repo/winter/project/install/tamir_interface/share/tamir_interface/cmake/rosidl_cmake-extras.cmake
-- Installing: /home/asaace00/repo/winter/project/install/tamir_interface/share/tamir_interface/cmake/ament_cmake_export_dependencies-extras.cmake
-- Installing: /home/asaace00/repo/winter/project/install/tamir_interface/share/tamir_interface/cmake/ament_cmake_export_include_directories-extras.cmake
-- Installing: /home/asaace00/repo/winter/project/install/tamir_interface/share/tamir_interface/cmake/ament_cmake_export_libraries-extras.cmake
-- Installing: /home/asaace00/repo/winter/project/install/tamir_interface/share/tamir_interface/cmake/ament_cmake_export_targets-extras.cmake
-- Installing: /home/asaace00/repo/winter/project/install/tamir_interface/share/tamir_interface/cmake/rosidl_cmake_export_typesupport_targets-extras.cmake
-- Installing: /home/asaace00/repo/winter/project/install/tamir_interface/share/tamir_interface/cmake/rosidl_cmake_export_typesupport_libraries-extras.cmake
-- Installing: /home/asaace00/repo/winter/project/install/tamir_interface/share/tamir_interface/cmake/tamir_interfaceConfig.cmake
-- Installing: /home/asaace00/repo/winter/project/install/tamir_interface/share/tamir_interface/cmake/tamir_interfaceConfig-version.cmake
-- Installing: /home/asaace00/repo/winter/project/install/tamir_interface/share/tamir_interface/package.xml
