[0.011s] Invoking command in '/home/asaace00/repo/winter/project/temp/build/jackal_tutorials': VIRTUAL_ENV_PROMPT=(env_rosbot) /usr/bin/cmake /home/asaace00/repo/winter/project/temp/jackal/jackal_tutorials -DCATKIN_INSTALL_INTO_PREFIX_ROOT=0 -DCMAKE_INSTALL_PREFIX=/home/asaace00/repo/winter/project/temp/install/jackal_tutorials
[0.016s] [0mCMake Deprecation Warning at CMakeLists.txt:1 (cmake_minimum_required):
[0.016s]   Compatibility with CMake < 3.5 will be removed from a future version of
[0.016s]   CMake.
[0.016s] 
[0.016s]   Update the VERSION argument <min> value or use a ...<max> suffix to tell
[0.016s]   CMake that the project does not need compatibility with older versions.
[0.016s] 
[0.016s] [0m
[0.047s] -- The C compiler identification is GNU 13.2.0
[0.082s] -- The CXX compiler identification is GNU 13.2.0
[0.093s] -- Detecting C compiler ABI info
[0.157s] -- Detecting C compiler ABI info - done
[0.167s] -- Check for working C compiler: /usr/bin/cc - skipped
[0.167s] -- Detecting C compile features
[0.167s] -- Detecting C compile features - done
[0.172s] -- Detecting CXX compiler ABI info
[0.234s] -- Detecting CXX compiler ABI info - done
[0.240s] -- Check for working CXX compiler: /usr/bin/c++ - skipped
[0.240s] -- Detecting CXX compile features
[0.240s] -- Detecting CXX compile features - done
[0.251s] -- Configuring incomplete, errors occurred!
[0.251s] [31mCMake Error at CMakeLists.txt:4 (find_package):
[0.251s]   By not providing "Findcatkin.cmake" in CMAKE_MODULE_PATH this project has
[0.251s]   asked CMake to find a package configuration file provided by "catkin", but
[0.251s]   CMake did not find one.
[0.252s] 
[0.252s]   Could not find a package configuration file provided by "catkin" with any
[0.252s]   of the following names:
[0.252s] 
[0.252s]     catkinConfig.cmake
[0.252s]     catkin-config.cmake
[0.252s] 
[0.252s]   Add the installation prefix of "catkin" to CMAKE_PREFIX_PATH or set
[0.252s]   "catkin_DIR" to a directory containing one of the above files.  If "catkin"
[0.252s]   provides a separate development package or SDK, be sure it has been
[0.253s]   installed.
[0.253s] 
[0.253s] [0m
[0.254s] Invoked command in '/home/asaace00/repo/winter/project/temp/build/jackal_tutorials' returned '1': VIRTUAL_ENV_PROMPT=(env_rosbot) /usr/bin/cmake /home/asaace00/repo/winter/project/temp/jackal/jackal_tutorials -DCATKIN_INSTALL_INTO_PREFIX_ROOT=0 -DCMAKE_INSTALL_PREFIX=/home/asaace00/repo/winter/project/temp/install/jackal_tutorials
