[0.010s] Invoking command in '/home/asaace00/repo/winter/project/temp/build/jackal_navigation': VIRTUAL_ENV_PROMPT=(env_rosbot) /usr/bin/cmake /home/asaace00/repo/winter/project/temp/jackal/jackal_navigation -DCATKIN_INSTALL_INTO_PREFIX_ROOT=0 -DCMAKE_INSTALL_PREFIX=/home/asaace00/repo/winter/project/temp/install/jackal_navigation
[0.015s] [0mCMake Deprecation Warning at CMakeLists.txt:1 (cmake_minimum_required):
[0.015s]   Compatibility with CMake < 3.5 will be removed from a future version of
[0.015s]   CMake.
[0.015s] 
[0.015s]   Update the VERSION argument <min> value or use a ...<max> suffix to tell
[0.015s]   CMake that the project does not need compatibility with older versions.
[0.015s] 
[0.015s] [0m
[0.049s] -- The C compiler identification is GNU 13.2.0
[0.084s] -- The CXX compiler identification is GNU 13.2.0
[0.095s] -- Detecting C compiler ABI info
[0.155s] -- Detecting C compiler ABI info - done
[0.160s] -- Check for working C compiler: /usr/bin/cc - skipped
[0.160s] -- Detecting C compile features
[0.161s] -- Detecting C compile features - done
[0.167s] -- Detecting CXX compiler ABI info
[0.232s] -- Detecting CXX compiler ABI info - done
[0.239s] -- Check for working CXX compiler: /usr/bin/c++ - skipped
[0.239s] -- Detecting CXX compile features
[0.239s] -- Detecting CXX compile features - done
[0.247s] [31mCMake Error at CMakeLists.txt:4 (find_package):
[0.247s]   By not providing "Findcatkin.cmake" in CMAKE_MODULE_PATH this project has
[0.247s]   asked CMake to find a package configuration file provided by "catkin", but
[0.247s]   CMake did not find one.
[0.247s] 
[0.247s]   Could not find a package configuration file provided by "catkin" with any
[0.247s]   of the following names:
[0.247s] 
[0.247s]     catkinConfig.cmake
[0.247s]     catkin-config.cmake
[0.247s] 
[0.247s]   Add the installation prefix of "catkin" to CMAKE_PREFIX_PATH or set
[0.247s]   "catkin_DIR" to a directory containing one of the above files.  If "catkin"
[0.247s]   provides a separate development package or SDK, be sure it has been
[0.248s]   installed.
[0.248s] 
[0.248s] [0m
[0.248s] -- Configuring incomplete, errors occurred!
[0.253s] Invoked command in '/home/asaace00/repo/winter/project/temp/build/jackal_navigation' returned '1': VIRTUAL_ENV_PROMPT=(env_rosbot) /usr/bin/cmake /home/asaace00/repo/winter/project/temp/jackal/jackal_navigation -DCATKIN_INSTALL_INTO_PREFIX_ROOT=0 -DCMAKE_INSTALL_PREFIX=/home/asaace00/repo/winter/project/temp/install/jackal_navigation
