running egg_info
creating ../../build/tamir/tamir.egg-info
writing ../../build/tamir/tamir.egg-info/PKG-INFO
writing dependency_links to ../../build/tamir/tamir.egg-info/dependency_links.txt
writing entry points to ../../build/tamir/tamir.egg-info/entry_points.txt
writing requirements to ../../build/tamir/tamir.egg-info/requires.txt
writing top-level names to ../../build/tamir/tamir.egg-info/top_level.txt
writing manifest file '../../build/tamir/tamir.egg-info/SOURCES.txt'
reading manifest file '../../build/tamir/tamir.egg-info/SOURCES.txt'
writing manifest file '../../build/tamir/tamir.egg-info/SOURCES.txt'
running build
running build_py
creating /home/asaace00/repo/winter/project/build/tamir/build/lib/tamir
copying tamir/playmusic.py -> /home/asaace00/repo/winter/project/build/tamir/build/lib/tamir
copying tamir/tamir_interface.py -> /home/asaace00/repo/winter/project/build/tamir/build/lib/tamir
copying tamir/Bluetooth_Node.py -> /home/asaace00/repo/winter/project/build/tamir/build/lib/tamir
copying tamir/__init__.py -> /home/asaace00/repo/winter/project/build/tamir/build/lib/tamir
copying tamir/vision.py -> /home/asaace00/repo/winter/project/build/tamir/build/lib/tamir
running install
running install_lib
creating /home/asaace00/repo/winter/project/install/tamir/lib/python3.12/site-packages/tamir
copying /home/asaace00/repo/winter/project/build/tamir/build/lib/tamir/playmusic.py -> /home/asaace00/repo/winter/project/install/tamir/lib/python3.12/site-packages/tamir
copying /home/asaace00/repo/winter/project/build/tamir/build/lib/tamir/tamir_interface.py -> /home/asaace00/repo/winter/project/install/tamir/lib/python3.12/site-packages/tamir
copying /home/asaace00/repo/winter/project/build/tamir/build/lib/tamir/Bluetooth_Node.py -> /home/asaace00/repo/winter/project/install/tamir/lib/python3.12/site-packages/tamir
copying /home/asaace00/repo/winter/project/build/tamir/build/lib/tamir/__init__.py -> /home/asaace00/repo/winter/project/install/tamir/lib/python3.12/site-packages/tamir
copying /home/asaace00/repo/winter/project/build/tamir/build/lib/tamir/vision.py -> /home/asaace00/repo/winter/project/install/tamir/lib/python3.12/site-packages/tamir
byte-compiling /home/asaace00/repo/winter/project/install/tamir/lib/python3.12/site-packages/tamir/playmusic.py to playmusic.cpython-312.pyc
byte-compiling /home/asaace00/repo/winter/project/install/tamir/lib/python3.12/site-packages/tamir/tamir_interface.py to tamir_interface.cpython-312.pyc
byte-compiling /home/asaace00/repo/winter/project/install/tamir/lib/python3.12/site-packages/tamir/Bluetooth_Node.py to Bluetooth_Node.cpython-312.pyc
byte-compiling /home/asaace00/repo/winter/project/install/tamir/lib/python3.12/site-packages/tamir/__init__.py to __init__.cpython-312.pyc
byte-compiling /home/asaace00/repo/winter/project/install/tamir/lib/python3.12/site-packages/tamir/vision.py to vision.cpython-312.pyc
running install_data
creating /home/asaace00/repo/winter/project/install/tamir/share/ament_index/resource_index/packages
copying resource/tamir -> /home/asaace00/repo/winter/project/install/tamir/share/ament_index/resource_index/packages
copying package.xml -> /home/asaace00/repo/winter/project/install/tamir/share/tamir
copying launch/startup.launch.py -> /home/asaace00/repo/winter/project/install/tamir/share/tamir
copying launch/playmusic.launch.py -> /home/asaace00/repo/winter/project/install/tamir/share/tamir
copying sound/535_Silent.mp3 -> /home/asaace00/repo/winter/project/install/tamir/share/tamir
copying sound/anti_dog.mp3 -> /home/asaace00/repo/winter/project/install/tamir/share/tamir
copying sound/experiment.mp3 -> /home/asaace00/repo/winter/project/install/tamir/share/tamir
copying sound/high_pitch.mp3 -> /home/asaace00/repo/winter/project/install/tamir/share/tamir
running install_egg_info
Copying ../../build/tamir/tamir.egg-info to /home/asaace00/repo/winter/project/install/tamir/lib/python3.12/site-packages/tamir-0.0.0-py3.12.egg-info
running install_scripts
Installing music_node script to /home/asaace00/repo/winter/project/install/tamir/lib/tamir
Installing tamir_interface script to /home/asaace00/repo/winter/project/install/tamir/lib/tamir
Installing vision script to /home/asaace00/repo/winter/project/install/tamir/lib/tamir
writing list of installed files to '/home/asaace00/repo/winter/project/build/tamir/install.log'
