[0.077s] DEBUG:colcon:Command line arguments: ['/usr/bin/colcon', 'build']
[0.077s] DEBUG:colcon:Parsed command line arguments: Namespace(log_base=None, log_level=None, verb_name='build', build_base='build', install_base='install', merge_install=False, symlink_install=False, test_result_base=None, continue_on_error=False, executor='parallel', parallel_workers=32, event_handlers=None, ignore_user_meta=False, metas=['./colcon.meta'], base_paths=['.'], packages_ignore=None, packages_ignore_regex=None, paths=None, packages_up_to=None, packages_up_to_regex=None, packages_above=None, packages_above_and_dependencies=None, packages_above_depth=None, packages_select_by_dep=None, packages_skip_by_dep=None, packages_skip_up_to=None, packages_select_build_failed=False, packages_skip_build_finished=False, packages_select_test_failures=False, packages_skip_test_passed=False, packages_select=None, packages_skip=None, packages_select_regex=None, packages_skip_regex=None, packages_start=None, packages_end=None, allow_overriding=[], cmake_args=None, cmake_target=None, cmake_target_skip_unavailable=False, cmake_clean_cache=False, cmake_clean_first=False, cmake_force_configure=False, ament_cmake_args=None, catkin_cmake_args=None, catkin_skip_building_tests=False, verb_parser=<colcon_defaults.argument_parser.defaults.DefaultArgumentsDecorator object at 0x79a9533942c0>, verb_extension=<colcon_core.verb.build.BuildVerb object at 0x79a953394080>, main=<bound method BuildVerb.main of <colcon_core.verb.build.BuildVerb object at 0x79a953394080>>)
[0.095s] Level 1:colcon.colcon_core.package_discovery:discover_packages(colcon_meta) check parameters
[0.095s] Level 1:colcon.colcon_core.package_discovery:discover_packages(recursive) check parameters
[0.095s] Level 1:colcon.colcon_core.package_discovery:discover_packages(ignore) check parameters
[0.095s] Level 1:colcon.colcon_core.package_discovery:discover_packages(path) check parameters
[0.095s] Level 1:colcon.colcon_core.package_discovery:discover_packages(colcon_meta) discover
[0.095s] Level 1:colcon.colcon_core.package_discovery:discover_packages(recursive) discover
[0.095s] INFO:colcon.colcon_core.package_discovery:Crawling recursively for packages in '/home/asaace00/repo/winter/project/temp'
[0.095s] Level 1:colcon.colcon_core.package_identification:_identify(.) by extensions ['ignore', 'ignore_ament_install']
[0.095s] Level 1:colcon.colcon_core.package_identification:_identify(.) by extension 'ignore'
[0.095s] Level 1:colcon.colcon_core.package_identification:_identify(.) by extension 'ignore_ament_install'
[0.095s] Level 1:colcon.colcon_core.package_identification:_identify(.) by extensions ['colcon_pkg']
[0.095s] Level 1:colcon.colcon_core.package_identification:_identify(.) by extension 'colcon_pkg'
[0.095s] Level 1:colcon.colcon_core.package_identification:_identify(.) by extensions ['colcon_meta']
[0.095s] Level 1:colcon.colcon_core.package_identification:_identify(.) by extension 'colcon_meta'
[0.095s] Level 1:colcon.colcon_core.package_identification:_identify(.) by extensions ['ros']
[0.095s] Level 1:colcon.colcon_core.package_identification:_identify(.) by extension 'ros'
[0.108s] Level 1:colcon.colcon_core.package_identification:_identify(.) by extensions ['cmake', 'python']
[0.108s] Level 1:colcon.colcon_core.package_identification:_identify(.) by extension 'cmake'
[0.108s] Level 1:colcon.colcon_core.package_identification:_identify(.) by extension 'python'
[0.108s] Level 1:colcon.colcon_core.package_identification:_identify(.) by extensions ['python_setup_py']
[0.108s] Level 1:colcon.colcon_core.package_identification:_identify(.) by extension 'python_setup_py'
[0.108s] Level 1:colcon.colcon_core.package_identification:_identify(build) by extensions ['ignore', 'ignore_ament_install']
[0.108s] Level 1:colcon.colcon_core.package_identification:_identify(build) by extension 'ignore'
[0.108s] Level 1:colcon.colcon_core.package_identification:_identify(build) ignored
[0.108s] Level 1:colcon.colcon_core.package_identification:_identify(install) by extensions ['ignore', 'ignore_ament_install']
[0.108s] Level 1:colcon.colcon_core.package_identification:_identify(install) by extension 'ignore'
[0.108s] Level 1:colcon.colcon_core.package_identification:_identify(install) ignored
[0.108s] Level 1:colcon.colcon_core.package_identification:_identify(jackal) by extensions ['ignore', 'ignore_ament_install']
[0.108s] Level 1:colcon.colcon_core.package_identification:_identify(jackal) by extension 'ignore'
[0.108s] Level 1:colcon.colcon_core.package_identification:_identify(jackal) by extension 'ignore_ament_install'
[0.109s] Level 1:colcon.colcon_core.package_identification:_identify(jackal) by extensions ['colcon_pkg']
[0.109s] Level 1:colcon.colcon_core.package_identification:_identify(jackal) by extension 'colcon_pkg'
[0.109s] Level 1:colcon.colcon_core.package_identification:_identify(jackal) by extensions ['colcon_meta']
[0.109s] Level 1:colcon.colcon_core.package_identification:_identify(jackal) by extension 'colcon_meta'
[0.109s] Level 1:colcon.colcon_core.package_identification:_identify(jackal) by extensions ['ros']
[0.109s] Level 1:colcon.colcon_core.package_identification:_identify(jackal) by extension 'ros'
[0.109s] Level 1:colcon.colcon_core.package_identification:_identify(jackal) by extensions ['cmake', 'python']
[0.109s] Level 1:colcon.colcon_core.package_identification:_identify(jackal) by extension 'cmake'
[0.109s] Level 1:colcon.colcon_core.package_identification:_identify(jackal) by extension 'python'
[0.109s] Level 1:colcon.colcon_core.package_identification:_identify(jackal) by extensions ['python_setup_py']
[0.109s] Level 1:colcon.colcon_core.package_identification:_identify(jackal) by extension 'python_setup_py'
[0.109s] Level 1:colcon.colcon_core.package_identification:_identify(jackal/jackal_control) by extensions ['ignore', 'ignore_ament_install']
[0.109s] Level 1:colcon.colcon_core.package_identification:_identify(jackal/jackal_control) by extension 'ignore'
[0.109s] Level 1:colcon.colcon_core.package_identification:_identify(jackal/jackal_control) by extension 'ignore_ament_install'
[0.109s] Level 1:colcon.colcon_core.package_identification:_identify(jackal/jackal_control) by extensions ['colcon_pkg']
[0.109s] Level 1:colcon.colcon_core.package_identification:_identify(jackal/jackal_control) by extension 'colcon_pkg'
[0.109s] Level 1:colcon.colcon_core.package_identification:_identify(jackal/jackal_control) by extensions ['colcon_meta']
[0.109s] Level 1:colcon.colcon_core.package_identification:_identify(jackal/jackal_control) by extension 'colcon_meta'
[0.109s] Level 1:colcon.colcon_core.package_identification:_identify(jackal/jackal_control) by extensions ['ros']
[0.109s] Level 1:colcon.colcon_core.package_identification:_identify(jackal/jackal_control) by extension 'ros'
[0.110s] DEBUG:colcon.colcon_core.package_identification:Package 'jackal/jackal_control' with type 'ros.catkin' and name 'jackal_control'
[0.110s] Level 1:colcon.colcon_core.package_identification:_identify(jackal/jackal_description) by extensions ['ignore', 'ignore_ament_install']
[0.110s] Level 1:colcon.colcon_core.package_identification:_identify(jackal/jackal_description) by extension 'ignore'
[0.110s] Level 1:colcon.colcon_core.package_identification:_identify(jackal/jackal_description) by extension 'ignore_ament_install'
[0.110s] Level 1:colcon.colcon_core.package_identification:_identify(jackal/jackal_description) by extensions ['colcon_pkg']
[0.110s] Level 1:colcon.colcon_core.package_identification:_identify(jackal/jackal_description) by extension 'colcon_pkg'
[0.110s] Level 1:colcon.colcon_core.package_identification:_identify(jackal/jackal_description) by extensions ['colcon_meta']
[0.110s] Level 1:colcon.colcon_core.package_identification:_identify(jackal/jackal_description) by extension 'colcon_meta'
[0.110s] Level 1:colcon.colcon_core.package_identification:_identify(jackal/jackal_description) by extensions ['ros']
[0.110s] Level 1:colcon.colcon_core.package_identification:_identify(jackal/jackal_description) by extension 'ros'
[0.111s] DEBUG:colcon.colcon_core.package_identification:Package 'jackal/jackal_description' with type 'ros.catkin' and name 'jackal_description'
[0.111s] Level 1:colcon.colcon_core.package_identification:_identify(jackal/jackal_msgs) by extensions ['ignore', 'ignore_ament_install']
[0.111s] Level 1:colcon.colcon_core.package_identification:_identify(jackal/jackal_msgs) by extension 'ignore'
[0.111s] Level 1:colcon.colcon_core.package_identification:_identify(jackal/jackal_msgs) by extension 'ignore_ament_install'
[0.111s] Level 1:colcon.colcon_core.package_identification:_identify(jackal/jackal_msgs) by extensions ['colcon_pkg']
[0.111s] Level 1:colcon.colcon_core.package_identification:_identify(jackal/jackal_msgs) by extension 'colcon_pkg'
[0.111s] Level 1:colcon.colcon_core.package_identification:_identify(jackal/jackal_msgs) by extensions ['colcon_meta']
[0.111s] Level 1:colcon.colcon_core.package_identification:_identify(jackal/jackal_msgs) by extension 'colcon_meta'
[0.111s] Level 1:colcon.colcon_core.package_identification:_identify(jackal/jackal_msgs) by extensions ['ros']
[0.111s] Level 1:colcon.colcon_core.package_identification:_identify(jackal/jackal_msgs) by extension 'ros'
[0.111s] DEBUG:colcon.colcon_core.package_identification:Package 'jackal/jackal_msgs' with type 'ros.catkin' and name 'jackal_msgs'
[0.111s] Level 1:colcon.colcon_core.package_identification:_identify(jackal/jackal_navigation) by extensions ['ignore', 'ignore_ament_install']
[0.111s] Level 1:colcon.colcon_core.package_identification:_identify(jackal/jackal_navigation) by extension 'ignore'
[0.111s] Level 1:colcon.colcon_core.package_identification:_identify(jackal/jackal_navigation) by extension 'ignore_ament_install'
[0.111s] Level 1:colcon.colcon_core.package_identification:_identify(jackal/jackal_navigation) by extensions ['colcon_pkg']
[0.111s] Level 1:colcon.colcon_core.package_identification:_identify(jackal/jackal_navigation) by extension 'colcon_pkg'
[0.111s] Level 1:colcon.colcon_core.package_identification:_identify(jackal/jackal_navigation) by extensions ['colcon_meta']
[0.111s] Level 1:colcon.colcon_core.package_identification:_identify(jackal/jackal_navigation) by extension 'colcon_meta'
[0.111s] Level 1:colcon.colcon_core.package_identification:_identify(jackal/jackal_navigation) by extensions ['ros']
[0.111s] Level 1:colcon.colcon_core.package_identification:_identify(jackal/jackal_navigation) by extension 'ros'
[0.112s] DEBUG:colcon.colcon_core.package_identification:Package 'jackal/jackal_navigation' with type 'ros.catkin' and name 'jackal_navigation'
[0.112s] Level 1:colcon.colcon_core.package_identification:_identify(jackal/jackal_tutorials) by extensions ['ignore', 'ignore_ament_install']
[0.112s] Level 1:colcon.colcon_core.package_identification:_identify(jackal/jackal_tutorials) by extension 'ignore'
[0.112s] Level 1:colcon.colcon_core.package_identification:_identify(jackal/jackal_tutorials) by extension 'ignore_ament_install'
[0.112s] Level 1:colcon.colcon_core.package_identification:_identify(jackal/jackal_tutorials) by extensions ['colcon_pkg']
[0.112s] Level 1:colcon.colcon_core.package_identification:_identify(jackal/jackal_tutorials) by extension 'colcon_pkg'
[0.112s] Level 1:colcon.colcon_core.package_identification:_identify(jackal/jackal_tutorials) by extensions ['colcon_meta']
[0.112s] Level 1:colcon.colcon_core.package_identification:_identify(jackal/jackal_tutorials) by extension 'colcon_meta'
[0.112s] Level 1:colcon.colcon_core.package_identification:_identify(jackal/jackal_tutorials) by extensions ['ros']
[0.112s] Level 1:colcon.colcon_core.package_identification:_identify(jackal/jackal_tutorials) by extension 'ros'
[0.112s] DEBUG:colcon.colcon_core.package_identification:Package 'jackal/jackal_tutorials' with type 'ros.catkin' and name 'jackal_tutorials'
[0.112s] Level 1:colcon.colcon_core.package_identification:_identify(log) by extensions ['ignore', 'ignore_ament_install']
[0.113s] Level 1:colcon.colcon_core.package_identification:_identify(log) by extension 'ignore'
[0.113s] Level 1:colcon.colcon_core.package_identification:_identify(log) ignored
[0.113s] Level 1:colcon.colcon_core.package_discovery:discover_packages(recursive) using defaults
[0.113s] Level 1:colcon.colcon_core.package_discovery:discover_packages(ignore) discover
[0.113s] Level 1:colcon.colcon_core.package_discovery:discover_packages(ignore) using defaults
[0.113s] Level 1:colcon.colcon_core.package_discovery:discover_packages(path) discover
[0.113s] Level 1:colcon.colcon_core.package_discovery:discover_packages(path) using defaults
[0.121s] Level 1:colcon.colcon_core.package_discovery:discover_packages(prefix_path) check parameters
[0.121s] Level 1:colcon.colcon_core.package_discovery:discover_packages(prefix_path) discover
[0.121s] WARNING:colcon.colcon_core.prefix_path.colcon:The path '/home/asaace00/repo/winter/project/rosbot_2r/rosbot/install' in the environment variable COLCON_PREFIX_PATH doesn't exist
[0.121s] WARNING:colcon.colcon_ros.prefix_path.ament:The path '/home/asaace00/repo/winter/project/rosbot_2r/rosbot/install/rosbot' in the environment variable AMENT_PREFIX_PATH doesn't exist
[0.122s] WARNING:colcon.colcon_ros.prefix_path.catkin:The path '/home/asaace00/repo/winter/project/rosbot_2r/rosbot/install/rosbot' in the environment variable CMAKE_PREFIX_PATH doesn't exist
[0.122s] DEBUG:colcon.colcon_installed_package_information.package_discovery:Found 1 installed packages in /home/asaace00/repo/winter/project/rosbot_2r/install
[0.123s] DEBUG:colcon.colcon_installed_package_information.package_discovery:Found 485 installed packages in /opt/ros/jazzy
[0.123s] Level 1:colcon.colcon_core.package_discovery:discover_packages(prefix_path) using defaults
[0.159s] Level 5:colcon.colcon_core.verb:set package 'jackal_control' build argument 'cmake_args' from command line to 'None'
[0.159s] Level 5:colcon.colcon_core.verb:set package 'jackal_control' build argument 'cmake_target' from command line to 'None'
[0.159s] Level 5:colcon.colcon_core.verb:set package 'jackal_control' build argument 'cmake_target_skip_unavailable' from command line to 'False'
[0.159s] Level 5:colcon.colcon_core.verb:set package 'jackal_control' build argument 'cmake_clean_cache' from command line to 'False'
[0.159s] Level 5:colcon.colcon_core.verb:set package 'jackal_control' build argument 'cmake_clean_first' from command line to 'False'
[0.159s] Level 5:colcon.colcon_core.verb:set package 'jackal_control' build argument 'cmake_force_configure' from command line to 'False'
[0.159s] Level 5:colcon.colcon_core.verb:set package 'jackal_control' build argument 'ament_cmake_args' from command line to 'None'
[0.159s] Level 5:colcon.colcon_core.verb:set package 'jackal_control' build argument 'catkin_cmake_args' from command line to 'None'
[0.159s] Level 5:colcon.colcon_core.verb:set package 'jackal_control' build argument 'catkin_skip_building_tests' from command line to 'False'
[0.159s] DEBUG:colcon.colcon_core.verb:Building package 'jackal_control' with the following arguments: {'ament_cmake_args': None, 'build_base': '/home/asaace00/repo/winter/project/temp/build/jackal_control', 'catkin_cmake_args': None, 'catkin_skip_building_tests': False, 'cmake_args': None, 'cmake_clean_cache': False, 'cmake_clean_first': False, 'cmake_force_configure': False, 'cmake_target': None, 'cmake_target_skip_unavailable': False, 'install_base': '/home/asaace00/repo/winter/project/temp/install/jackal_control', 'merge_install': False, 'path': '/home/asaace00/repo/winter/project/temp/jackal/jackal_control', 'symlink_install': False, 'test_result_base': None}
[0.160s] Level 5:colcon.colcon_core.verb:set package 'jackal_description' build argument 'cmake_args' from command line to 'None'
[0.160s] Level 5:colcon.colcon_core.verb:set package 'jackal_description' build argument 'cmake_target' from command line to 'None'
[0.160s] Level 5:colcon.colcon_core.verb:set package 'jackal_description' build argument 'cmake_target_skip_unavailable' from command line to 'False'
[0.160s] Level 5:colcon.colcon_core.verb:set package 'jackal_description' build argument 'cmake_clean_cache' from command line to 'False'
[0.160s] Level 5:colcon.colcon_core.verb:set package 'jackal_description' build argument 'cmake_clean_first' from command line to 'False'
[0.160s] Level 5:colcon.colcon_core.verb:set package 'jackal_description' build argument 'cmake_force_configure' from command line to 'False'
[0.160s] Level 5:colcon.colcon_core.verb:set package 'jackal_description' build argument 'ament_cmake_args' from command line to 'None'
[0.160s] Level 5:colcon.colcon_core.verb:set package 'jackal_description' build argument 'catkin_cmake_args' from command line to 'None'
[0.160s] Level 5:colcon.colcon_core.verb:set package 'jackal_description' build argument 'catkin_skip_building_tests' from command line to 'False'
[0.160s] DEBUG:colcon.colcon_core.verb:Building package 'jackal_description' with the following arguments: {'ament_cmake_args': None, 'build_base': '/home/asaace00/repo/winter/project/temp/build/jackal_description', 'catkin_cmake_args': None, 'catkin_skip_building_tests': False, 'cmake_args': None, 'cmake_clean_cache': False, 'cmake_clean_first': False, 'cmake_force_configure': False, 'cmake_target': None, 'cmake_target_skip_unavailable': False, 'install_base': '/home/asaace00/repo/winter/project/temp/install/jackal_description', 'merge_install': False, 'path': '/home/asaace00/repo/winter/project/temp/jackal/jackal_description', 'symlink_install': False, 'test_result_base': None}
[0.160s] Level 5:colcon.colcon_core.verb:set package 'jackal_msgs' build argument 'cmake_args' from command line to 'None'
[0.160s] Level 5:colcon.colcon_core.verb:set package 'jackal_msgs' build argument 'cmake_target' from command line to 'None'
[0.160s] Level 5:colcon.colcon_core.verb:set package 'jackal_msgs' build argument 'cmake_target_skip_unavailable' from command line to 'False'
[0.160s] Level 5:colcon.colcon_core.verb:set package 'jackal_msgs' build argument 'cmake_clean_cache' from command line to 'False'
[0.160s] Level 5:colcon.colcon_core.verb:set package 'jackal_msgs' build argument 'cmake_clean_first' from command line to 'False'
[0.160s] Level 5:colcon.colcon_core.verb:set package 'jackal_msgs' build argument 'cmake_force_configure' from command line to 'False'
[0.160s] Level 5:colcon.colcon_core.verb:set package 'jackal_msgs' build argument 'ament_cmake_args' from command line to 'None'
[0.160s] Level 5:colcon.colcon_core.verb:set package 'jackal_msgs' build argument 'catkin_cmake_args' from command line to 'None'
[0.160s] Level 5:colcon.colcon_core.verb:set package 'jackal_msgs' build argument 'catkin_skip_building_tests' from command line to 'False'
[0.160s] DEBUG:colcon.colcon_core.verb:Building package 'jackal_msgs' with the following arguments: {'ament_cmake_args': None, 'build_base': '/home/asaace00/repo/winter/project/temp/build/jackal_msgs', 'catkin_cmake_args': None, 'catkin_skip_building_tests': False, 'cmake_args': None, 'cmake_clean_cache': False, 'cmake_clean_first': False, 'cmake_force_configure': False, 'cmake_target': None, 'cmake_target_skip_unavailable': False, 'install_base': '/home/asaace00/repo/winter/project/temp/install/jackal_msgs', 'merge_install': False, 'path': '/home/asaace00/repo/winter/project/temp/jackal/jackal_msgs', 'symlink_install': False, 'test_result_base': None}
[0.160s] Level 5:colcon.colcon_core.verb:set package 'jackal_navigation' build argument 'cmake_args' from command line to 'None'
[0.160s] Level 5:colcon.colcon_core.verb:set package 'jackal_navigation' build argument 'cmake_target' from command line to 'None'
[0.160s] Level 5:colcon.colcon_core.verb:set package 'jackal_navigation' build argument 'cmake_target_skip_unavailable' from command line to 'False'
[0.160s] Level 5:colcon.colcon_core.verb:set package 'jackal_navigation' build argument 'cmake_clean_cache' from command line to 'False'
[0.160s] Level 5:colcon.colcon_core.verb:set package 'jackal_navigation' build argument 'cmake_clean_first' from command line to 'False'
[0.160s] Level 5:colcon.colcon_core.verb:set package 'jackal_navigation' build argument 'cmake_force_configure' from command line to 'False'
[0.160s] Level 5:colcon.colcon_core.verb:set package 'jackal_navigation' build argument 'ament_cmake_args' from command line to 'None'
[0.160s] Level 5:colcon.colcon_core.verb:set package 'jackal_navigation' build argument 'catkin_cmake_args' from command line to 'None'
[0.160s] Level 5:colcon.colcon_core.verb:set package 'jackal_navigation' build argument 'catkin_skip_building_tests' from command line to 'False'
[0.160s] DEBUG:colcon.colcon_core.verb:Building package 'jackal_navigation' with the following arguments: {'ament_cmake_args': None, 'build_base': '/home/asaace00/repo/winter/project/temp/build/jackal_navigation', 'catkin_cmake_args': None, 'catkin_skip_building_tests': False, 'cmake_args': None, 'cmake_clean_cache': False, 'cmake_clean_first': False, 'cmake_force_configure': False, 'cmake_target': None, 'cmake_target_skip_unavailable': False, 'install_base': '/home/asaace00/repo/winter/project/temp/install/jackal_navigation', 'merge_install': False, 'path': '/home/asaace00/repo/winter/project/temp/jackal/jackal_navigation', 'symlink_install': False, 'test_result_base': None}
[0.160s] Level 5:colcon.colcon_core.verb:set package 'jackal_tutorials' build argument 'cmake_args' from command line to 'None'
[0.160s] Level 5:colcon.colcon_core.verb:set package 'jackal_tutorials' build argument 'cmake_target' from command line to 'None'
[0.160s] Level 5:colcon.colcon_core.verb:set package 'jackal_tutorials' build argument 'cmake_target_skip_unavailable' from command line to 'False'
[0.160s] Level 5:colcon.colcon_core.verb:set package 'jackal_tutorials' build argument 'cmake_clean_cache' from command line to 'False'
[0.160s] Level 5:colcon.colcon_core.verb:set package 'jackal_tutorials' build argument 'cmake_clean_first' from command line to 'False'
[0.160s] Level 5:colcon.colcon_core.verb:set package 'jackal_tutorials' build argument 'cmake_force_configure' from command line to 'False'
[0.160s] Level 5:colcon.colcon_core.verb:set package 'jackal_tutorials' build argument 'ament_cmake_args' from command line to 'None'
[0.160s] Level 5:colcon.colcon_core.verb:set package 'jackal_tutorials' build argument 'catkin_cmake_args' from command line to 'None'
[0.160s] Level 5:colcon.colcon_core.verb:set package 'jackal_tutorials' build argument 'catkin_skip_building_tests' from command line to 'False'
[0.160s] DEBUG:colcon.colcon_core.verb:Building package 'jackal_tutorials' with the following arguments: {'ament_cmake_args': None, 'build_base': '/home/asaace00/repo/winter/project/temp/build/jackal_tutorials', 'catkin_cmake_args': None, 'catkin_skip_building_tests': False, 'cmake_args': None, 'cmake_clean_cache': False, 'cmake_clean_first': False, 'cmake_force_configure': False, 'cmake_target': None, 'cmake_target_skip_unavailable': False, 'install_base': '/home/asaace00/repo/winter/project/temp/install/jackal_tutorials', 'merge_install': False, 'path': '/home/asaace00/repo/winter/project/temp/jackal/jackal_tutorials', 'symlink_install': False, 'test_result_base': None}
[0.160s] INFO:colcon.colcon_core.executor:Executing jobs using 'parallel' executor
[0.161s] DEBUG:colcon.colcon_parallel_executor.executor.parallel:run_until_complete
[0.161s] INFO:colcon.colcon_ros.task.catkin.build:Building ROS package in '/home/asaace00/repo/winter/project/temp/jackal/jackal_control' with build type 'catkin'
[0.161s] INFO:colcon.colcon_cmake.task.cmake.build:Building CMake package in '/home/asaace00/repo/winter/project/temp/jackal/jackal_control'
[0.162s] INFO:colcon.colcon_core.plugin_system:Skipping extension 'colcon_core.shell.bat': Not used on non-Windows systems
[0.162s] INFO:colcon.colcon_core.shell:Skip shell extension 'powershell' for command environment: Not usable outside of PowerShell
[0.162s] DEBUG:colcon.colcon_core.shell:Skip shell extension 'dsv' for command environment
[0.164s] INFO:colcon.colcon_ros.task.catkin.build:Building ROS package in '/home/asaace00/repo/winter/project/temp/jackal/jackal_description' with build type 'catkin'
[0.165s] INFO:colcon.colcon_cmake.task.cmake.build:Building CMake package in '/home/asaace00/repo/winter/project/temp/jackal/jackal_description'
[0.165s] INFO:colcon.colcon_core.shell:Skip shell extension 'powershell' for command environment: Not usable outside of PowerShell
[0.165s] DEBUG:colcon.colcon_core.shell:Skip shell extension 'dsv' for command environment
[0.167s] INFO:colcon.colcon_ros.task.catkin.build:Building ROS package in '/home/asaace00/repo/winter/project/temp/jackal/jackal_msgs' with build type 'catkin'
[0.167s] INFO:colcon.colcon_cmake.task.cmake.build:Building CMake package in '/home/asaace00/repo/winter/project/temp/jackal/jackal_msgs'
[0.167s] INFO:colcon.colcon_core.shell:Skip shell extension 'powershell' for command environment: Not usable outside of PowerShell
[0.167s] DEBUG:colcon.colcon_core.shell:Skip shell extension 'dsv' for command environment
[0.169s] INFO:colcon.colcon_ros.task.catkin.build:Building ROS package in '/home/asaace00/repo/winter/project/temp/jackal/jackal_navigation' with build type 'catkin'
[0.169s] INFO:colcon.colcon_cmake.task.cmake.build:Building CMake package in '/home/asaace00/repo/winter/project/temp/jackal/jackal_navigation'
[0.169s] INFO:colcon.colcon_core.shell:Skip shell extension 'powershell' for command environment: Not usable outside of PowerShell
[0.169s] DEBUG:colcon.colcon_core.shell:Skip shell extension 'dsv' for command environment
[0.171s] INFO:colcon.colcon_ros.task.catkin.build:Building ROS package in '/home/asaace00/repo/winter/project/temp/jackal/jackal_tutorials' with build type 'catkin'
[0.171s] INFO:colcon.colcon_cmake.task.cmake.build:Building CMake package in '/home/asaace00/repo/winter/project/temp/jackal/jackal_tutorials'
[0.171s] INFO:colcon.colcon_core.shell:Skip shell extension 'powershell' for command environment: Not usable outside of PowerShell
[0.171s] DEBUG:colcon.colcon_core.shell:Skip shell extension 'dsv' for command environment
[0.175s] DEBUG:colcon.colcon_core.event_handler.log_command:Invoking command in '/home/asaace00/repo/winter/project/temp/build/jackal_control': VIRTUAL_ENV_PROMPT=(env_rosbot) /usr/bin/cmake /home/asaace00/repo/winter/project/temp/jackal/jackal_control -DCATKIN_INSTALL_INTO_PREFIX_ROOT=0 -DCMAKE_INSTALL_PREFIX=/home/asaace00/repo/winter/project/temp/install/jackal_control
[0.176s] DEBUG:colcon.colcon_core.event_handler.log_command:Invoking command in '/home/asaace00/repo/winter/project/temp/build/jackal_description': VIRTUAL_ENV_PROMPT=(env_rosbot) /usr/bin/cmake /home/asaace00/repo/winter/project/temp/jackal/jackal_description -DCATKIN_INSTALL_INTO_PREFIX_ROOT=0 -DCMAKE_INSTALL_PREFIX=/home/asaace00/repo/winter/project/temp/install/jackal_description
[0.177s] DEBUG:colcon.colcon_core.event_handler.log_command:Invoking command in '/home/asaace00/repo/winter/project/temp/build/jackal_msgs': VIRTUAL_ENV_PROMPT=(env_rosbot) /usr/bin/cmake /home/asaace00/repo/winter/project/temp/jackal/jackal_msgs -DCATKIN_INSTALL_INTO_PREFIX_ROOT=0 -DCMAKE_INSTALL_PREFIX=/home/asaace00/repo/winter/project/temp/install/jackal_msgs
[0.180s] DEBUG:colcon.colcon_core.event_handler.log_command:Invoking command in '/home/asaace00/repo/winter/project/temp/build/jackal_navigation': VIRTUAL_ENV_PROMPT=(env_rosbot) /usr/bin/cmake /home/asaace00/repo/winter/project/temp/jackal/jackal_navigation -DCATKIN_INSTALL_INTO_PREFIX_ROOT=0 -DCMAKE_INSTALL_PREFIX=/home/asaace00/repo/winter/project/temp/install/jackal_navigation
[0.182s] DEBUG:colcon.colcon_core.event_handler.log_command:Invoking command in '/home/asaace00/repo/winter/project/temp/build/jackal_tutorials': VIRTUAL_ENV_PROMPT=(env_rosbot) /usr/bin/cmake /home/asaace00/repo/winter/project/temp/jackal/jackal_tutorials -DCATKIN_INSTALL_INTO_PREFIX_ROOT=0 -DCMAKE_INSTALL_PREFIX=/home/asaace00/repo/winter/project/temp/install/jackal_tutorials
[0.422s] DEBUG:colcon.colcon_core.event_handler.log_command:Invoked command in '/home/asaace00/repo/winter/project/temp/build/jackal_navigation' returned '1': VIRTUAL_ENV_PROMPT=(env_rosbot) /usr/bin/cmake /home/asaace00/repo/winter/project/temp/jackal/jackal_navigation -DCATKIN_INSTALL_INTO_PREFIX_ROOT=0 -DCMAKE_INSTALL_PREFIX=/home/asaace00/repo/winter/project/temp/install/jackal_navigation
[0.424s] DEBUG:colcon.colcon_core.event_handler.log_command:Invoked command in '/home/asaace00/repo/winter/project/temp/build/jackal_description' returned '1': VIRTUAL_ENV_PROMPT=(env_rosbot) /usr/bin/cmake /home/asaace00/repo/winter/project/temp/jackal/jackal_description -DCATKIN_INSTALL_INTO_PREFIX_ROOT=0 -DCMAKE_INSTALL_PREFIX=/home/asaace00/repo/winter/project/temp/install/jackal_description
[0.426s] DEBUG:colcon.colcon_core.event_handler.log_command:Invoked command in '/home/asaace00/repo/winter/project/temp/build/jackal_tutorials' returned '1': VIRTUAL_ENV_PROMPT=(env_rosbot) /usr/bin/cmake /home/asaace00/repo/winter/project/temp/jackal/jackal_tutorials -DCATKIN_INSTALL_INTO_PREFIX_ROOT=0 -DCMAKE_INSTALL_PREFIX=/home/asaace00/repo/winter/project/temp/install/jackal_tutorials
[0.427s] DEBUG:colcon.colcon_core.event_handler.log_command:Invoked command in '/home/asaace00/repo/winter/project/temp/build/jackal_control' returned '1': VIRTUAL_ENV_PROMPT=(env_rosbot) /usr/bin/cmake /home/asaace00/repo/winter/project/temp/jackal/jackal_control -DCATKIN_INSTALL_INTO_PREFIX_ROOT=0 -DCMAKE_INSTALL_PREFIX=/home/asaace00/repo/winter/project/temp/install/jackal_control
[0.430s] Level 1:colcon.colcon_core.environment:create_environment_scripts_only(jackal_navigation)
[0.431s] Level 1:colcon.colcon_core.environment:checking '/home/asaace00/repo/winter/project/temp/install/jackal_navigation' for CMake module files
[0.431s] Level 1:colcon.colcon_core.environment:checking '/home/asaace00/repo/winter/project/temp/install/jackal_navigation' for CMake config files
[0.431s] Level 1:colcon.colcon_core.environment:checking '/home/asaace00/repo/winter/project/temp/install/jackal_navigation/bin'
[0.431s] Level 1:colcon.colcon_core.environment:checking '/home/asaace00/repo/winter/project/temp/install/jackal_navigation/lib/pkgconfig/jackal_navigation.pc'
[0.431s] Level 1:colcon.colcon_core.environment:checking '/home/asaace00/repo/winter/project/temp/install/jackal_navigation/lib/python3.12/site-packages'
[0.432s] Level 1:colcon.colcon_core.environment:checking '/home/asaace00/repo/winter/project/temp/install/jackal_navigation/bin'
[0.432s] INFO:colcon.colcon_core.shell:Creating package script '/home/asaace00/repo/winter/project/temp/install/jackal_navigation/share/jackal_navigation/package.ps1'
[0.432s] INFO:colcon.colcon_core.shell:Creating package descriptor '/home/asaace00/repo/winter/project/temp/install/jackal_navigation/share/jackal_navigation/package.dsv'
[0.433s] INFO:colcon.colcon_core.shell:Creating package script '/home/asaace00/repo/winter/project/temp/install/jackal_navigation/share/jackal_navigation/package.sh'
[0.433s] INFO:colcon.colcon_core.shell:Creating package script '/home/asaace00/repo/winter/project/temp/install/jackal_navigation/share/jackal_navigation/package.bash'
[0.434s] INFO:colcon.colcon_core.shell:Creating package script '/home/asaace00/repo/winter/project/temp/install/jackal_navigation/share/jackal_navigation/package.zsh'
[0.434s] Level 1:colcon.colcon_core.environment:create_file_with_runtime_dependencies(/home/asaace00/repo/winter/project/temp/install/jackal_navigation/share/colcon-core/packages/jackal_navigation)
[0.447s] DEBUG:colcon.colcon_parallel_executor.executor.parallel:closing loop
[0.447s] DEBUG:colcon.colcon_parallel_executor.executor.parallel:loop closed
[0.447s] DEBUG:colcon.colcon_parallel_executor.executor.parallel:run_until_complete finished with '1'
[0.447s] DEBUG:colcon.colcon_core.event_reactor:joining thread
[0.453s] INFO:colcon.colcon_core.plugin_system:Skipping extension 'colcon_notification.desktop_notification.terminal_notifier': Not used on non-Darwin systems
[0.453s] INFO:colcon.colcon_core.plugin_system:Skipping extension 'colcon_notification.desktop_notification.win32': Not used on non-Windows systems
[0.453s] INFO:colcon.colcon_notification.desktop_notification:Sending desktop notification using 'notify2'
[0.464s] DEBUG:colcon.colcon_core.event_reactor:joined thread
[0.464s] INFO:colcon.colcon_core.shell:Creating prefix script '/home/asaace00/repo/winter/project/temp/install/local_setup.ps1'
[0.465s] INFO:colcon.colcon_core.shell:Creating prefix util module '/home/asaace00/repo/winter/project/temp/install/_local_setup_util_ps1.py'
[0.466s] INFO:colcon.colcon_core.shell:Creating prefix chain script '/home/asaace00/repo/winter/project/temp/install/setup.ps1'
[0.467s] INFO:colcon.colcon_core.shell:Creating prefix script '/home/asaace00/repo/winter/project/temp/install/local_setup.sh'
[0.467s] INFO:colcon.colcon_core.shell:Creating prefix util module '/home/asaace00/repo/winter/project/temp/install/_local_setup_util_sh.py'
[0.467s] INFO:colcon.colcon_core.shell:Creating prefix chain script '/home/asaace00/repo/winter/project/temp/install/setup.sh'
[0.468s] INFO:colcon.colcon_core.shell:Creating prefix script '/home/asaace00/repo/winter/project/temp/install/local_setup.bash'
[0.469s] INFO:colcon.colcon_core.shell:Creating prefix chain script '/home/asaace00/repo/winter/project/temp/install/setup.bash'
[0.469s] INFO:colcon.colcon_core.shell:Creating prefix script '/home/asaace00/repo/winter/project/temp/install/local_setup.zsh'
[0.470s] INFO:colcon.colcon_core.shell:Creating prefix chain script '/home/asaace00/repo/winter/project/temp/install/setup.zsh'
